# ejecutado: 2026-05-21T08:53:02-03:00
# host: ubuntu-4gb-nbg1-2
# instancia: maria-paez
# script:
#   #!/bin/bash
#   # aplicar-max-thinking-512.sh — baja MAX_THINKING_TOKENS a 512 en maria-paez.
#   set -uo pipefail
#   export PATH="/usr/local/bin:/usr/bin:/bin:${PATH:-}"
#   echo "═══ APLICAR MAX_THINKING_TOKENS=<REDACTED> — $(date '+%Y-%m-%d %H:%M %z') ═══"
#   CF=/root/secretaria/config/instances/maria-paez.conf
#   VAL=512
#   if [ ! -f "$CF" ]; then echo "✗ no existe $CF"; ls -la /root/secretaria/config/instances/ 2>/dev/null; exit 1; fi
#   
#   BK="${CF}.bak-$(date +%Y%m%d-%H%M%S)"
#   cp "$CF" "$BK"; echo "backup: $BK"
#   echo "valor previo: $(grep -E '^[[:space:]]*MAX_THINKING_TOKENS=' "$CF" || echo '(no seteado)')"
#   if grep -qE '^[[:space:]]*MAX_THINKING_TOKENS=' "$CF"; then
#     sed -i -E "s|^[[:space:]]*MAX_THINKING_TOKENS=<REDACTED>" "$CF"
#     echo "actualizado MAX_THINKING_TOKENS → ${VAL}"
#   else
#     printf '\n# Cap de razonamiento extendido (latencia). Bajado a 512 el %s.\nMAX_THINKING_TOKENS=<REDACTED>' "$(date +%Y-%m-%d)" "$VAL" >> "$CF"
#     echo "agregado MAX_THINKING_TOKENS=<REDACTED>"
#   fi
#   echo
#   echo "── .conf (líneas relevantes) ──"
#   grep -nE 'ASISTENTE_SLUG|MAX_THINKING_TOKENS' "$CF" | sed 's/^/  /'
#   
#   verify() {
#     pm2 jlist 2>/dev/null | node -e '
#     let s="";process.stdin.on("data",d=>s+=d).on("end",()=>{try{
#       let a=JSON.parse(s); let p=a.find(x=>x.name==="maria-paez");
#       if(!p){console.log("PROC_NOT_FOUND");return;}
#       let pe=p.pm2_env||{}; let v=pe.MAX_THINKING_TOKENS;
#       if(v===undefined && pe.env) v=pe.env.MAX_THINKING_TOKENS;
#       console.log("status="+(pe.status||"?")+" restarts="+(pe.restart_time||"?")+" pid="+(p.pid||"?")+" MAX_THINKING_TOKENS="+(v!==undefined?v:"<UNSET>"));
#     }catch(e){console.log("PARSE_FAIL "+e.message);}});'
#   }
#   
#   cd /root/secretaria
#   echo
#   echo "── reload pm2 (ecosystem, solo maria-paez, --update-env) ──"
#   pm2 reload ecosystem.config.js --only maria-paez --update-env 2>&1 | tail -5
#   sleep 9
#   R1=$(verify); echo "  post-reload: $R1"
#   
#   if ! echo "$R1" | grep -q "MAX_THINKING_TOKENS=<REDACTED>"; then
#     echo
#     echo "── reload no propagó el env → fallback delete+start vía ecosystem ──"
#     pm2 delete maria-paez 2>&1 | tail -2
#     pm2 start ecosystem.config.js --only maria-paez 2>&1 | tail -3
#     sleep 10
#     R2=$(verify); echo "  post-restart: $R2"
#   fi
#   pm2 save 2>&1 | tail -1
#   
#   echo
#   echo "── estado final + log (¿WA reconectó sin QR?) ──"
#   pm2 logs maria-paez --nostream --lines 16 2>/dev/null | tail -16
#   echo
#   echo "═══ FIN — $(date '+%H:%M:%S') ═══"

# ───── output ─────
═══ APLICAR MAX_THINKING_TOKENS=<REDACTED> — 2026-05-21 08:53 -0300 ═══
backup: /root/secretaria/config/instances/maria-paez.conf.bak-20260521-085302
valor previo: MAX_THINKING_TOKENS=<REDACTED>
actualizado MAX_THINKING_TOKENS → 512

── .conf (líneas relevantes) ──
  7:ASISTENTE_SLUG=maria-paez
  54:MAX_THINKING_TOKENS=<REDACTED>

── reload pm2 (ecosystem, solo maria-paez, --update-env) ──
[PM2] Applying action reloadProcessId on app [maria-paez](ids: [ 0 ])
[PM2] [maria-paez](0) ✓
  post-reload: status=online restarts=73 pid=1792615 MAX_THINKING_TOKENS=<REDACTED>
[PM2] Successfully saved in /root/.pm2/dump.pm2

── estado final + log (¿WA reconectó sin QR?) ──
0|maria-pa | 2026-05-21 08:53:10: ▸ arrancando poll de Gmail (cada 300s)
0|maria-pa | 2026-05-21 08:53:10: ▸ arrancando loop de recordatorios (cada 30min)
0|maria-pa | 2026-05-21 08:53:10: ▸ arrancando dispatcher de programados (cada 60s)
0|maria-pa | 2026-05-21 08:53:10: ▸ arrancando morning-brief (por usuario, ventana 4h)
0|maria-pa | 2026-05-21 08:53:10: [morning-brief] activo, ventana 4h, cada usuario en su tz
0|maria-pa | 2026-05-21 08:53:10: ▸ arrancando meeting-prep (cada 5min)
0|maria-pa | 2026-05-21 08:53:10: [meeting-prep] activo, cada 5min, alerta 15min antes (multi-user)
0|maria-pa | 2026-05-21 08:53:10: ▸ arrancando calendar-watch (cada 8h)
0|maria-pa | 2026-05-21 08:53:10: [calendar-watch] activo, cada 8.0h
0|maria-pa | 2026-05-21 08:53:10: ▸ arrancando follow-ups (cada 5min)
0|maria-pa | 2026-05-21 08:53:10: [follow-ups] activo, cada 5min
0|maria-pa | 2026-05-21 08:53:10: ▸ arrancando memoria-curada (cada 24h)
0|maria-pa | 2026-05-21 08:53:10: ▸ arrancando bienvenida-loop (cada 30s)
0|maria-pa | 2026-05-21 08:53:10: [memoria-curada] activo, cada 24.0h (min 3 eventos nuevos para curar)
0|maria-pa | 2026-05-21 08:53:10: [internal-api] escuchando en 127.0.0.1:4501 (slug=maria-paez)


═══ FIN — 08:53:12 ═══

# exit=0
