=== total contactos por usuario ===
usuario_id  n    con_wa
----------  ---  ------
1           180  158   
2           5    5     
3           4    2     
7           7    7     
13          2    2     
16          1    1     
18          2    2     

=== ultimos 15 contactos de Diego (uid=1) ===
id   nombre                  whatsapp            email                   creado             
---  ----------------------  ------------------  ----------------------  -------------------
343  Paraná Muebles Logísti  5491140793225@c.us                          2026-07-01 11:27:34
342  Paraná Muebles          5491135802073@c.us                          2026-07-01 11:27:33
340  Ana Clara Zamora                            a.zamora@una.edu.ar     2026-07-01 10:28:42
337  Dechecchi - Subaru      5491157200850@c.us                          2026-06-30 12:11:00
336  OLI Café                5491150997146@c.us                          2026-06-27 11:20:44
333  Jaime Cibils            5491161991122@c.us  Jcibils@csml.com.ar     2026-06-26 18:06:17
331  Maru Botana Retiro                                                  2026-06-22 13:09:18
326  Martin Gagliano         5491133124784@c.us  martin.gagliano@sondeo  2026-06-19 11:44:16
324  Tomas Vallejos          5491126637089@c.us  tvallejos@curtis.com    2026-06-19 08:42:26
322  Sagardi San Telmo       5491126970402@c.us                          2026-06-17 08:48:51
321  Kōnā Corner             5491130514423@c.us                          2026-06-16 20:35:54
319  Evelia Restaurante      5491153160615@c.us                          2026-06-14 12:41:29
317  Gustavo Rossi           5491164935767@c.us  gustavorossi@gmail.com  2026-06-11 14:53:23
316  Anafe Restaurante       5491162244129@c.us             
# exit=0
   2026-06-10 08:35:46
314  Maximo Maderbuen        5491176176620@c.us  maximoj@indesamdeltagr  2026-06-09 19:10:48

=== eventos 'contacto vcard' registrados (todos los usuarios), ultimos 15 ===
12451  2026-06-30 12:11:00  1           contacto vcard (privado): Dechecchi - Subaru → 5491157200850@c.us
11454  2026-06-26 18:06:17  1           contacto vcard (privado): Jaime Cibils → 5491161991122@c.us      
10727  2026-06-23 19:56:30  1           contacto vcard (privado): Gastón Girotti → 5491156408326@c.us    
10546  2026-06-20 21:33:09  1           contacto vcard (privado): Gabriela Echaniz → 5491165286555@c.us  
10437  2026-06-20 10:37:23  1           contacto vcard (privado): Alfonso Amat → 5491161549534@c.us      
10324  2026-06-19 11:44:16  1           contacto vcard (privado): Martin Gagliano → 5491133124784@c.us   
10172  2026-06-19 08:42:26  1           contacto vcard (privado): Tomas Vallejos → 5491126637089@c.us    
9360   2026-06-16 12:20:43  1           contacto vcard (privado): Georgina Milei → 5491156449434@c.us    
9193   2026-06-14 12:41:29  1           contacto vcard (privado): Evelia Restaurante → 5491153160615@c.us
8886   2026-06-11 14:53:23  1           contacto vcard (privado): Gustavo Rossi → 5491164935767@c.us     
8629   2026-06-09 19:10:48  1           contacto vcard (privado): Maximo Maderbuen → 5491176176620@c.us  
8597   2026-06-09 18:35:18  1           contacto vcard (privado): Pablo Vizzotti → 5491158091738@c.us    
8530   2026-06-09 17:54:13  1           contacto vcard (privado): Bruno Compa → 5493364687956@c.us       
8529   2026-06-09 17:53:59  1           contacto vcard (privado): Alejandro Becerra → 5493364340748@c.us 
8088   2026-06-04 05:04:16  1           contacto vcard (privado): Jose Valdes → 34669015190@c.us         

=== eventos entrantes de tipo vcard/multi_vcard (tipo_original) ultimos 15 ===

=== esta Gabi (o su numero) en la libreta de alguien? ===
id   usuario_id  nombre            whatsapp          
---  ----------  ----------------  ------------------
220  1           Gabriela Echaniz  5491165286555@c.us
done
