# ejecutado: 2026-05-26T09:36:02-03:00
# host: ubuntu-4gb-nbg1-2
# instancia: maria-paez
# script:
#   #!/bin/bash
#   # Fase 4 atómica del cambio de mail de Maria:
#   #   1. Backup del token cifrado y del .conf.
#   #   2. Intercambio del OAuth code → token nuevo cifrado para maria.paez@intensa.io.
#   #   3. Edit del .conf con la dirección nueva.
#   #   4. pm2 reload --update-env para que el proceso vivo agarre el env nuevo.
#   #   5. Smoke: g.MARIA_EMAIL + listarCalendarios.
#   set -euo pipefail
#   
#   CODE='4/0AeoWuM8tm_bV2WkaUenNJm5N8TOua4rr-f6nnkDzpVvBwsUzg8hyqiRkAhLTgXBWuGph6Q'
#   NEW_EMAIL='maria.paez@intensa.io'
#   SLUG='maria-paez'
#   CONF="/root/secretaria/config/instances/${SLUG}.conf"
#   STATE="/root/secretaria/state/${SLUG}"
#   STAMP=$(date +%Y%m%dT%H%M%S)
#   
#   cd /root/secretaria
#   
#   echo "── 1. Backup ──"
#   if [ -f "${STATE}/token.json.enc" ]; then
#     cp -p "${STATE}/token.json.enc" "${STATE}/token.json.enc.bak.${STAMP}"
#     echo "  token.json.enc → token.json.enc.bak.${STAMP}"
#   fi
#   cp -p "${CONF}" "${CONF}.bak.${STAMP}"
#   echo "  .conf            → .conf.bak.${STAMP}"
#   
#   echo
#   echo "── 2. Exchange OAuth code ──"
#   node auth-gmail.js exchange "${CODE}"
#   
#   echo
#   echo "── 3. Update .conf: ASISTENTE_FROM_EMAIL=${NEW_EMAIL} ──"
#   sed -i "s|^ASISTENTE_FROM_EMAIL=.*|ASISTENTE_FROM_EMAIL=${NEW_EMAIL}|" "${CONF}"
#   grep -E '^ASISTENTE_(FROM_EMAIL|NOMBRE|SLUG|TZ)=' "${CONF}"
#   
#   echo
#   echo "── 4. pm2 reload --update-env ──"
#   pm2 reload ecosystem.config.js --only "${SLUG}" --update-env
#   sleep 3
#   pm2 list | grep -E "name|${SLUG}" || true
#   
#   echo
#   echo "── 5. Smoke (env recargado desde .conf nuevo) ──"
#   set -a; . "${CONF}"; set +a
#   node -e "
#   process.chdir('/root/secretaria');
#   const g = require('./google');
#   console.log('FROM_EMAIL del módulo:', g.MARIA_EMAIL);
#   (async () => {
#     try {
#       const cals = await g.listarCalendarios();
#       console.log('✓ listarCalendarios OK, n=' + cals.length);
#       const ids = cals.slice(0, 6).map(c => c.id || c.summary);
#       console.log('  ejemplos:', ids.join(' | '));
#     } catch (e) {
#       console.error('✗ listarCalendarios FALLÓ:', e.message);
#       process.exit(1);
#     }
#   })();
#   "
#   
#   echo
#   echo "── done ──"

# ───── output ─────
── 1. Backup ──
  token.json.enc → token.json.enc.bak.20260526T093602
  .conf            → .conf.bak.20260526T093602

── 2. Exchange OAuth code ──
Backup del token cifrado anterior: /root/secretaria/state/maria-paez/token.json.enc.bak.2026-05-26T1236
✅ Token nuevo guardado CIFRADO en /root/secretaria/state/maria-paez/token.json.enc
   refresh_token: presente

── 3. Update .conf: ASISTENTE_FROM_EMAIL=maria.paez@intensa.io ──
ASISTENTE_NOMBRE="Maria Paez"
ASISTENTE_SLUG=maria-paez
ASISTENTE_FROM_EMAIL=maria.paez@intensa.io
ASISTENTE_TZ=America/Argentina/Buenos_Aires

── 4. pm2 reload --update-env ──
[PM2] Applying action reloadProcessId on app [maria-paez](ids: [ 0 ])
[PM2] [maria-paez](0) ✓
│ id │ name           │ namespace   │ version │ mode    │ pid      │ uptime │ ↺    │ status    │ cpu      │ mem      │ user     │ watching │
│ 0  │ maria-paez     │ default     │ 1.0.0   │ fork    │ 3063385  │ 3s     │ 87   │ online    │ 0%       │ 183.6mb  │ root     │ disabled │

── 5. Smoke (env recargado desde .conf nuevo) ──
FROM_EMAIL del módulo: maria.paez@intensa.io
✓ listarCalendarios OK, n=1
  ejemplos: maria.paez@intensa.io

── done ──

# exit=0
