# ejecutado: 2026-07-07T22:43:01-03:00
# host: ubuntu-4gb-nbg1-2
# instancia: maria-paez
# script:
#   #!/bin/bash
#   ST=/root/secretaria/state/maria-paez
#   echo "wa-apagado: $(ls $ST/wa-apagado 2>/dev/null || echo 'NO ESTÁ')"
#   echo "chromium corriendo: $(pgrep -fc 'chrome.*maria|chromium' || echo 0)"
#   echo "puerto 1080: $(ss -tln | grep -c 1080)"
#   echo "== [WA APAGADO] en log de hoy =="
#   grep -a "WA APAGADO" /root/.pm2/logs/maria-pa*.log 2>/dev/null | tail -2
#   echo "== TG getMe =="
#   cd /root/secretaria && set -a && . config/instances/maria-paez.conf 2>/dev/null; . config/secrets.conf 2>/dev/null; set +a
#   curl -s -m 10 "https://api.telegram.org/bot${TELEGRAM_BOT_TOKEN}/getMe" | head -c 200

# ───── output ─────
wa-apagado: /root/secretaria/state/maria-paez/wa-apagado
chromium corriendo: 0
0
puerto 1080: 2
== [WA APAGADO] en log de hoy ==
/root/.pm2/logs/maria-paez-error.log:2026-07-07 19:28:22: ⛔ [WA APAGADO] marker presente — NO inicializo WhatsApp (cuenta en descanso). Loops sin WA.
/root/.pm2/logs/maria-paez-error.log:2026-07-07 22:39:21: ⛔ [WA APAGADO] marker presente — NO inicializo WhatsApp (cuenta en descanso). Loops sin WA.
== TG getMe ==
{"ok":true,"result":{"id":8845698764,"is_bot":true,"first_name":"MariaPaez","username":"MariaPaezAI_bot","can_join_groups":true,"can_read_all_group_messages":false,"supports_inline_queries":false,"sup
# exit=0
