# ejecutado: 2026-07-10T12:33:02-03:00
# host: ubuntu-4gb-nbg1-2
# instancia: maria-paez
# script:
#   #!/bin/bash
#   echo "== puerto 1080 =="
#   ss -tlnp | grep 1080 || echo "NO ESCUCHA"
#   echo "== conexión ssh del túnel (edad) =="
#   ps -o pid,etime,cmd -C sshd | grep "sshd: root$" | tail -2
#   IP=$(curl -s -m 10 --socks5 127.0.0.1:1080 https://api.ipify.org || echo FALLO)
#   echo "egreso socks5: $IP"
#   echo "wa-apagado: $(ls /root/secretaria/state/maria-paez/wa-apagado 2>/dev/null || echo 'no está')"

# ───── output ─────
== puerto 1080 ==
LISTEN 0      128        127.0.0.1:1080      0.0.0.0:*    users:(("sshd",pid=4109147,fd=7))                                                       
LISTEN 0      128            [::1]:1080         [::]:*    users:(("sshd",pid=4109147,fd=5))                                                       
== conexión ssh del túnel (edad) ==
4109147  3-13:08:06 sshd: root
egreso socks5: 181.26.17.80
wa-apagado: /root/secretaria/state/maria-paez/wa-apagado

# exit=0
