# ejecutado: 2026-07-03T17:54:01-03:00
# host: ubuntu-4gb-nbg1-2
# instancia: maria-paez
# script:
#   #!/bin/bash
#   cd /root/secretaria
#   grep -E "canary (OK|FALLÓ)" ops/.cron.log | tail -1
#   env -i PATH="$PATH" HOME=/root TZ=America/Argentina/Buenos_Aires npm test 2>&1 | grep -E "^# (tests|pass|fail)|^not ok"
#   node -e "
#   const db = require('/root/secretaria/node_modules/better-sqlite3')(process.env.MARIA_DB, {readonly:true});
#   const r = db.prepare(\"SELECT id, nombre FROM contactos WHERE nombre LIKE '%Ward%'\").all();
#   console.log('Ward en libreta:', JSON.stringify(r));
#   db.close();
#   "
#   echo LISTO

# ───── output ─────
canary OK (891d25721d847879596e5e0151ff3d14d9b0ae6e) → reload
# tests 33
# pass 33
# fail 0
Ward en libreta: [{"id":73,"nombre":"Rubén Ward"}]
LISTO

# exit=0
