# ejecutado: 2026-07-02T18:59:04-03:00
# host: ubuntu-4gb-nbg1-2
# instancia: maria-paez
# script:
#   #!/bin/bash
#   echo "── marker ──"
#   cat /root/secretaria/state/.canary-bad-commit 2>/dev/null || echo "(sin marker)"
#   echo "── pm2 ──"
#   pm2 jlist 2>/dev/null | python3 -c "import json,sys; [print(p['name'], p['pm2_env']['status'], 'restarts='+str(p['pm2_env']['restart_time'])) for p in json.load(sys.stdin) if p['name']=='maria-paez']"
#   echo "── canary en cron log ──"
#   grep -iE "canary" /root/secretaria/ops/.cron.log | tail -5
#   echo FIN

# ───── output ─────
── marker ──
b0f96c993001f13d0180db215ef69180dac230c4
── pm2 ──
maria-paez online restarts=2
── canary en cron log ──
[maria-paez exec] ops/instances/maria-paez/inbox/check-canary-fail.sh → ops/instances/maria-paez/outbox/check-canary-fail.out
canary FALLO sintaxis: zz-canary-drill.js
canary FALLÓ (b0f96c993001f13d0180db215ef69180dac230c4) — NO recargo pm2, prod sigue con la versión anterior en memoria
[maria-paez exec] ops/instances/maria-paez/inbox/check-canary-fail-2.sh → ops/instances/maria-paez/outbox/check-canary-fail-2.out
FIN

# exit=0
