# ejecutado: 2026-07-03T09:29:02-03:00
# host: ubuntu-4gb-nbg1-2
# instancia: maria-paez
# script:
#   #!/bin/bash
#   cd /root/secretaria
#   grep -E "canary (OK|FALLÓ)" ops/.cron.log | tail -1
#   cat /root/secretaria/state/.canary-bad-commit 2>/dev/null || echo "(sin marker)"
#   env -i PATH="$PATH" HOME=/root TZ=America/Argentina/Buenos_Aires npm test 2>&1 | grep -E "^# (tests|pass|fail)"
#   pm2 jlist 2>/dev/null | python3 -c "import json,sys; [print(p['name'], p['pm2_env']['status'], 'restarts='+str(p['pm2_env']['restart_time'])) for p in json.load(sys.stdin) if p['name']=='maria-paez']"
#   echo LISTO

# ───── output ─────
canary FALLÓ (bac06d9ecfdb0d8882233433611e9e93e9249cfe) — NO recargo pm2, prod sigue con la versión anterior en memoria
bac06d9ecfdb0d8882233433611e9e93e9249cfe
# tests 26
# pass 25
# fail 1
maria-paez online restarts=7
LISTO

# exit=0
