# ejecutado: 2026-05-08T22:35:01-03:00
# host: ubuntu-4gb-nbg1-2
# instancia: maria-paez
# script:
#   #!/bin/bash
#   set +e
#   echo "в”Җв”Җ crontab activo в”Җв”Җ"
#   crontab -l 2>&1
#   echo
#   echo "в”Җв”Җ /tmp/maria-cron-master.lock estГЎ locked? в”Җв”Җ"
#   ls -la /tmp/maria-cron*.lock 2>&1
#   echo
#   echo "в”Җв”Җ /root/secretaria/ops/.cron.log Гәltimas 60 lГӯneas в”Җв”Җ"
#   tail -60 /root/secretaria/ops/.cron.log 2>&1
#   echo
#   echo "в”Җв”Җ proceso cron-master corriendo? в”Җв”Җ"
#   ps auxf | grep -E 'cron-master|cron.sh|maria' | grep -v grep | head -10

# в”Җв”Җв”Җв”Җв”Җ output в”Җв”Җв”Җв”Җв”Җ
в”Җв”Җ crontab activo в”Җв”Җ
* * * * * cd /root/secretaria && bash ops/cron-master.sh >> /root/secretaria/ops/.cron.log 2>&1

в”Җв”Җ /tmp/maria-cron-master.lock estГЎ locked? в”Җв”Җ
-rw-r--r-- 1 root root 0 May  8 22:24 /tmp/maria-cron.lock
-rw-r--r-- 1 root root 0 May  8 22:35 /tmp/maria-cron-master.lock

в”Җв”Җ /root/secretaria/ops/.cron.log Гәltimas 60 lГӯneas в”Җв”Җ
в”Ӯ id в”Ӯ name     в”Ӯ namespace   в”Ӯ version в”Ӯ mode    в”Ӯ pid      в”Ӯ uptime в”Ӯ вҶә    в”Ӯ status    в”Ӯ cpu      в”Ӯ mem      в”Ӯ user     в”Ӯ watching в”Ӯ
в”ңв”Җв”Җв”Җв”Җв”јв”Җв”Җв”Җв”Җв”Җв”Җв”Җв”Җв”Җв”Җв”јв”Җв”Җв”Җв”Җв”Җв”Җв”Җв”Җв”Җв”Җв”Җв”Җв”Җв”јв”Җв”Җв”Җв”Җв”Җв”Җв”Җв”Җв”Җв”јв”Җв”Җв”Җв”Җв”Җв”Җв”Җв”Җв”Җв”јв”Җв”Җв”Җв”Җв”Җв”Җв”Җв”Җв”Җв”Җв”јв”Җв”Җв”Җв”Җв”Җв”Җв”Җв”Җв”јв”Җв”Җв”Җв”Җв”Җв”Җв”јв”Җв”Җв”Җв”Җв”Җв”Җв”Җв”Җв”Җв”Җв”Җв”јв”Җв”Җв”Җв”Җв”Җв”Җв”Җв”Җв”Җв”Җв”јв”Җв”Җв”Җв”Җв”Җв”Җв”Җв”Җв”Җв”Җв”јв”Җв”Җв”Җв”Җв”Җв”Җв”Җв”Җв”Җв”Җв”јв”Җв”Җв”Җв”Җв”Җв”Җв”Җв”Җв”Җв”Җв”Ө
в”Ӯ 0  в”Ӯ maria    в”Ӯ default     в”Ӯ 1.0.0   в”Ӯ fork    в”Ӯ 3309010  в”Ӯ 0s     в”Ӯ 22   в”Ӯ online    в”Ӯ 0%       в”Ӯ 11.0mb   в”Ӯ root     в”Ӯ disabled в”Ӯ
в””в”Җв”Җв”Җв”Җв”ҙв”Җв”Җв”Җв”Җв”Җв”Җв”Җв”Җв”Җв”Җв”ҙв”Җв”Җв”Җв”Җв”Җв”Җв”Җв”Җв”Җв”Җв”Җв”Җв”Җв”ҙв”Җв”Җв”Җв”Җв”Җв”Җв”Җв”Җв”Җв”ҙв”Җв”Җв”Җв”Җв”Җв”Җв”Җв”Җв”Җв”ҙв”Җв”Җв”Җв”Җв”Җв”Җв”Җв”Җв”Җв”Җв”ҙв”Җв”Җв”Җв”Җв”Җв”Җв”Җв”Җв”ҙв”Җв”Җв”Җв”Җв”Җв”Җв”ҙв”Җв”Җв”Җв”Җв”Җв”Җв”Җв”Җв”Җв”Җв”Җв”ҙв”Җв”Җв”Җв”Җв”Җв”Җв”Җв”Җв”Җв”Җв”ҙв”Җв”Җв”Җв”Җв”Җв”Җв”Җв”Җв”Җв”Җв”ҙв”Җв”Җв”Җв”Җв”Җв”Җв”Җв”Җв”Җв”Җв”ҙв”Җв”Җв”Җв”Җв”Җв”Җв”Җв”Җв”Җв”Җв”ҳ
push fase 1 OK
tick done
в•җв•җв•җ 2026-05-08T22:21:01-03:00 в•җв•җв•җ
push fase 1 OK
tick done
в•җв•җв•җ 2026-05-08T22:22:01-03:00 в•җв•җв•җ
push fase 1 OK
tick done
в•җв•җв•җ 2026-05-08T22:23:01-03:00 в•җв•җв•җ
push fase 1 OK
tick done
в•җв•җв•җ 2026-05-08T22:24:01-03:00 в•җв•җв•җ
[exec] ops/inbox/switch-multi-instance.sh вҶ’ ops/outbox/switch-multi-instance.out
push fase 1 OK
tick done
в•җв•җв•җ 2026-05-08T22:25:01-03:00 в•җв•җв•җ
push fase 1 OK
tick done
в•җв•җв•җ 2026-05-08T22:26:01-03:00 в•җв•җв•җ
push fase 1 OK
tick done
в•җв•җв•җ 2026-05-08T22:27:01-03:00 в•җв•җв•җ
push fase 1 OK
tick done
в•җв•җв•җ 2026-05-08T22:28:01-03:00 в•җв•җв•җ
push fase 1 OK
tick done
в•җв•җв•җ 2026-05-08T22:29:01-03:00 в•җв•җв•җ
fatal: pathspec 'ops/outbox' did not match any files
fatal: pathspec 'ops/inbox' did not match any files
tick done
в•җв•җв•җ 2026-05-08T22:30:01-03:00 в•җв•җв•җ
fatal: pathspec 'ops/outbox' did not match any files
fatal: pathspec 'ops/inbox' did not match any files
tick done
в•җв•җв•җ 2026-05-08T22:31:01-03:00 в•җв•җв•җ
fatal: pathspec 'ops/outbox' did not match any files
fatal: pathspec 'ops/inbox' did not match any files
tick done
в•җв•җв•җ 2026-05-08T22:32:01-03:00 в•җв•җв•җ
[maria-paez exec] ops/instances/maria-paez/inbox/debug-cron.sh вҶ’ ops/instances/maria-paez/outbox/debug-cron.out
fatal: pathspec 'ops/outbox' did not match any files
fatal: pathspec 'ops/inbox' did not match any files
tick done
в•җв•җв•җ 2026-05-08T22:33:01-03:00 в•җв•җв•җ
[maria-paez exec] ops/instances/maria-paez/inbox/debug-cron.sh вҶ’ ops/instances/maria-paez/outbox/debug-cron.out
fatal: pathspec 'ops/outbox' did not match any files
fatal: pathspec 'ops/inbox' did not match any files
tick done
в•җв•җв•җ 2026-05-08T22:34:01-03:00 в•җв•җв•җ
[maria-paez exec] ops/instances/maria-paez/inbox/debug-cron.sh вҶ’ ops/instances/maria-paez/outbox/debug-cron.out
fatal: pathspec 'ops/outbox' did not match any files
fatal: pathspec 'ops/inbox' did not match any files
tick done
в•җв•җв•җ 2026-05-08T22:35:01-03:00 в•җв•җв•җ
[maria-paez exec] ops/instances/maria-paez/inbox/debug-cron.sh вҶ’ ops/instances/maria-paez/outbox/debug-cron.out

в”Җв”Җ proceso cron-master corriendo? в”Җв”Җ
root     3310984  0.0  0.0   2800  1852 ?        Ss   22:35   0:00      \_ /bin/sh -c cd /root/secretaria && bash ops/cron-master.sh >> /root/secretaria/ops/.cron.log 2>&1
root     3310986  0.0  0.0   7444  3756 ?        S    22:35   0:00          \_ bash ops/cron-master.sh
root     3311017  0.0  0.0   7340  3736 ?        S    22:35   0:00              \_ bash ops/instances/maria-paez/inbox/debug-cron.sh

# exit=0
