# ejecutado: 2026-05-19T14:06:01-03:00
# host: ubuntu-4gb-nbg1-2
# instancia: maria-paez
# script:
#   #!/bin/bash
#   # Re-deploy: agregar terminos + Turnstile keys + repaginas.
#   set +e
#   cd /root/secretaria
#   
#   echo "в•җв•җв•җ 1. Update .env-intensa-api con Turnstile keys в•җв•җв•җ"
#   ENV=/root/secretaria/.env-intensa-api
#   if [ -f "$ENV" ]; then
#     # Reemplazar las lГӯneas TURNSTILE_*= con valores reales
#     sed -i 's|^TURNSTILE_SITE_KEY=<REDACTED>' "$ENV"
#     sed -i 's|^TURNSTILE_SECRET_KEY=<REDACTED>' "$ENV"
#     echo "  вң“ Turnstile keys actualizadas en $ENV"
#     grep -E "^TURNSTILE" "$ENV" | sed 's/=.*/=***SET***/'
#   else
#     echo "  вҡ  $ENV no existe, creandolo"
#     cat > "$ENV" <<EOFENV
#   INTENSA_API_PORT=4080
#   INTENSA_API_HOST=127.0.0.1
#   CONTROL_DB=/root/secretaria/state/control/control.sqlite
#   ARCHIVE_DB=/root/secretaria/state/control/archive.sqlite
#   INTENSA_LANDING_BASE=https://intensa.io/maria
#   LEMON_BUY_BASE=https://intensa.lemonsqueezy.com/checkout/buy/10c60c3c-40a0-4c6d-9259-0646be3777a4
#   LEMON_TEST_MODE=true
#   TURNSTILE_SITE_KEY=<REDACTED>
#   TURNSTILE_SECRET_KEY=<REDACTED>
#   INSTANCES_BOOTSTRAP_FILE=/root/secretaria/config/instances.bootstrap.json
#   EOFENV
#     chmod 600 "$ENV"
#   fi
#   
#   echo
#   echo "в•җв•җв•җ 2. MigraciГіn schema control.sqlite (ALTER TABLE para terminos) в•җв•җв•җ"
#   # El schema.sql usa CREATE TABLE IF NOT EXISTS вҖ” no toca tablas existentes.
#   # Para columnas nuevas en tablas existentes hay que hacer ALTER manual.
#   sqlite3 /root/secretaria/state/control/control.sqlite <<SQL 2>&1
#   -- signup_pending: agregar terminos_aceptados_en si falta
#   SELECT '  signup_pending tiene terminos_aceptados_en: ' || CASE WHEN EXISTS (
#     SELECT 1 FROM pragma_table_info('signup_pending') WHERE name='terminos_aceptados_en'
#   ) THEN 'sГӯ' ELSE 'no, agregandoвҖҰ' END;
#   SQL
#   # Idempotente вҖ” ignore errors si ya existe la columna
#   sqlite3 /root/secretaria/state/control/control.sqlite "ALTER TABLE signup_pending ADD COLUMN terminos_aceptados_en DATETIME" 2>&1 | grep -v "duplicate column" || true
#   sqlite3 /root/secretaria/state/control/control.sqlite "ALTER TABLE clientes ADD COLUMN terminos_aceptados_en DATETIME" 2>&1 | grep -v "duplicate column" || true
#   sqlite3 /root/secretaria/state/control/control.sqlite "ALTER TABLE clientes ADD COLUMN terminos_version TEXT" 2>&1 | grep -v "duplicate column" || true
#   echo "  вң“ columnas terminos_* aseguradas en control.sqlite"
#   
#   echo
#   echo "в•җв•җв•җ 3. Sincronizar /var/www con el repo (deploy.sh) в•җв•җв•җ"
#   cd /root/secretaria/ops/sites/intensa.io
#   bash deploy.sh 2>&1 | tail -20
#   
#   echo
#   echo "в•җв•җв•җ 4. pm2 restart intensa-api para tomar las nuevas env vars в•җв•җв•җ"
#   pm2 restart intensa-api --update-env 2>&1 | tail -5
#   sleep 3
#   pm2 list | grep intensa-api
#   
#   echo
#   echo "в•җв•җв•җ 5. Smoke tests в•җв•җв•җ"
#   curl -sk -o /dev/null -w "/maria/terminos/  вҶ’ %{http_code}\n" https://intensa.io/maria/terminos/
#   curl -sk -o /dev/null -w "/maria/signup/    вҶ’ %{http_code}\n" https://intensa.io/maria/signup/
#   curl -sk -o /dev/null -w "/maria/cuenta/    вҶ’ %{http_code}\n" https://intensa.io/maria/cuenta/
#   curl -sk -o /dev/null -w "/maria/api/health вҶ’ %{http_code}\n" https://intensa.io/maria/api/health
#   echo
#   echo "  signup con checkbox tГ©rminos:"
#   curl -sk https://intensa.io/maria/signup/ | grep -o 'name="acepto_terminos"' | head -1
#   echo
#   echo "  cuenta con turnstile sitekey real:"
#   curl -sk https://intensa.io/maria/cuenta/ | grep -o 'data-sitekey="0x4AAAAAA[^"]*"' | head -1
#   echo
#   echo "  validaciГіn backend (POST signup/start SIN acepto_terminos deberГӯa rechazar):"
#   curl -sk -X POST -H "Content-Type: application/json" \
#     -d '{"nombre":"test","email":"test@test.com","wa":"5491111111111","calendar_provider":"google"}' \
#     https://intensa.io/maria/api/signup/start | head -1
#   
#   echo
#   echo "в•җв•җв•җ DONE в•җв•җв•җ"

# в”Җв”Җв”Җв”Җв”Җ output в”Җв”Җв”Җв”Җв”Җ
в•җв•җв•җ 1. Update .env-intensa-api con Turnstile keys в•җв•җв•җ
  вң“ Turnstile keys actualizadas en /root/secretaria/.env-intensa-api
TURNSTILE_SITE_KEY=<REDACTED>
TURNSTILE_SECRET_KEY=<REDACTED>

в•җв•җв•җ 2. MigraciГіn schema control.sqlite (ALTER TABLE para terminos) в•җв•җв•җ
  signup_pending tiene terminos_aceptados_en: no, agregandoвҖҰ
  вң“ columnas terminos_* aseguradas en control.sqlite

в•җв•җв•җ 3. Sincronizar /var/www con el repo (deploy.sh) в•җв•җв•җ
в•җв•җв•җ 1. Crear/actualizar docroot в•җв•җв•җ
'/root/secretaria/ops/sites/intensa.io/styles.css' -> '/var/www/intensa.io/styles.css'
'/root/secretaria/ops/sites/intensa.io/script.js' -> '/var/www/intensa.io/script.js'
  index.html con cache-bust v=20260519-140601

в•җв•җв•җ 1b. Sincronizar landings (subdirs de SRC/) в•җв•җв•җ
  вҶ’ maria
'/root/secretaria/ops/sites/intensa.io/maria//styles.css' -> '/var/www/intensa.io/maria/styles.css'
'/root/secretaria/ops/sites/intensa.io/maria//script.js' -> '/var/www/intensa.io/maria/script.js'
    index.html con cache-bust v=20260519-140601
cp: -r not specified; omitting directory '/root/secretaria/ops/sites/intensa.io/maria/cuenta'

в•җв•җв•җ 4. pm2 restart intensa-api para tomar las nuevas env vars в•җв•җв•җ
в”Ӯ id в”Ӯ name           в”Ӯ namespace   в”Ӯ version в”Ӯ mode    в”Ӯ pid      в”Ӯ uptime в”Ӯ вҶә    в”Ӯ status    в”Ӯ cpu      в”Ӯ mem      в”Ӯ user     в”Ӯ watching в”Ӯ
в”ңв”Җв”Җв”Җв”Җв”јв”Җв”Җв”Җв”Җв”Җв”Җв”Җв”Җв”Җв”Җв”Җв”Җв”Җв”Җв”Җв”Җв”јв”Җв”Җв”Җв”Җв”Җв”Җв”Җв”Җв”Җв”Җв”Җв”Җв”Җв”јв”Җв”Җв”Җв”Җв”Җв”Җв”Җв”Җв”Җв”јв”Җв”Җв”Җв”Җв”Җв”Җв”Җв”Җв”Җв”јв”Җв”Җв”Җв”Җв”Җв”Җв”Җв”Җв”Җв”Җв”јв”Җв”Җв”Җв”Җв”Җв”Җв”Җв”Җв”јв”Җв”Җв”Җв”Җв”Җв”Җв”јв”Җв”Җв”Җв”Җв”Җв”Җв”Җв”Җв”Җв”Җв”Җв”јв”Җв”Җв”Җв”Җв”Җв”Җв”Җв”Җв”Җв”Җв”јв”Җв”Җв”Җв”Җв”Җв”Җв”Җв”Җв”Җв”Җв”јв”Җв”Җв”Җв”Җв”Җв”Җв”Җв”Җв”Җв”Җв”јв”Җв”Җв”Җв”Җв”Җв”Җв”Җв”Җв”Җв”Җв”Ө
в”Ӯ 1  в”Ӯ intensa-api    в”Ӯ default     в”Ӯ 1.0.0   в”Ӯ fork    в”Ӯ 1392544  в”Ӯ 0s     в”Ӯ 1    в”Ӯ online    в”Ӯ 0%       в”Ӯ 12.1mb   в”Ӯ root     в”Ӯ disabled в”Ӯ
в”Ӯ 0  в”Ӯ maria-paez     в”Ӯ default     в”Ӯ 1.0.0   в”Ӯ fork    в”Ӯ 1389853  в”Ӯ 11m    в”Ӯ 65   в”Ӯ online    в”Ӯ 0%       в”Ӯ 170.9mb  в”Ӯ root     в”Ӯ disabled в”Ӯ
в””в”Җв”Җв”Җв”Җв”ҙв”Җв”Җв”Җв”Җв”Җв”Җв”Җв”Җв”Җв”Җв”Җв”Җв”Җв”Җв”Җв”Җв”ҙв”Җв”Җв”Җв”Җв”Җв”Җв”Җв”Җв”Җв”Җв”Җв”Җв”Җв”ҙв”Җв”Җв”Җв”Җв”Җв”Җв”Җв”Җв”Җв”ҙв”Җв”Җв”Җв”Җв”Җв”Җв”Җв”Җв”Җв”ҙв”Җв”Җв”Җв”Җв”Җв”Җв”Җв”Җв”Җв”Җв”ҙв”Җв”Җв”Җв”Җв”Җв”Җв”Җв”Җв”ҙв”Җв”Җв”Җв”Җв”Җв”Җв”ҙв”Җв”Җв”Җв”Җв”Җв”Җв”Җв”Җв”Җв”Җв”Җв”ҙв”Җв”Җв”Җв”Җв”Җв”Җв”Җв”Җв”Җв”Җв”ҙв”Җв”Җв”Җв”Җв”Җв”Җв”Җв”Җв”Җв”Җв”ҙв”Җв”Җв”Җв”Җв”Җв”Җв”Җв”Җв”Җв”Җв”ҙв”Җв”Җв”Җв”Җв”Җв”Җв”Җв”Җв”Җв”Җв”ҳ
в”Ӯ 1  в”Ӯ intensa-api    в”Ӯ default     в”Ӯ 1.0.0   в”Ӯ fork    в”Ӯ 1392544  в”Ӯ 3s     в”Ӯ 1    в”Ӯ online    в”Ӯ 0%       в”Ӯ 74.0mb   в”Ӯ root     в”Ӯ disabled в”Ӯ

в•җв•җв•җ 5. Smoke tests в•җв•җв•җ
/maria/terminos/  вҶ’ 200
/maria/signup/    вҶ’ 200
/maria/cuenta/    вҶ’ 200
/maria/api/health вҶ’ 200

  signup con checkbox tГ©rminos:

  cuenta con turnstile sitekey real:

  validaciГіn backend (POST signup/start SIN acepto_terminos deberГӯa rechazar):
{"error":"must_accept_terms","message":"TenГ©s que aceptar los TГ©rminos y Condiciones para continuar."}
в•җв•җв•җ DONE в•җв•җв•җ

# exit=0
