# ejecutado: 2026-06-17T09:31:02-03:00
# host: ubuntu-4gb-nbg1-2
# instancia: maria-paez
# script:
#   #!/bin/bash
#   set +e
#   echo "== corriendo deploy.sh del sitio =="
#   bash /root/secretaria/ops/sites/intensa.io/deploy.sh 2>&1 | tail -25
#   echo ""
#   echo "== verificación: el script.js servido ya NO tiene el mailto del CTA =="
#   grep -c "mailto:hola@intensa.io?subject=Plan" /var/www/intensa.io/maria/script.js 2>/dev/null && echo "(si dice 0, el fix está servido)"
#   echo "== y SÍ tiene el redirect a signup =="
#   grep -c "window.location.href = '/maria/signup/'" /var/www/intensa.io/maria/script.js 2>/dev/null

# ───── output ─────
== corriendo deploy.sh del sitio ==
    cache-bust v=20260617-093102 en signup/index.html
    cache-bust v=20260617-093102 en terminos/index.html

═══ 2. Vhost nginx ═══
Vhost existente tiene SSL configurado (post-certbot) — NO TOCANDO el archivo.
Si querés actualizar la config del vhost a mano, editá /etc/nginx/sites-available/intensa.io.conf directamente.
symlink ya existe

═══ 3. Validar config nginx ═══
2026/06/17 09:31:02 [warn] 2320796#2320796: duplicate MIME type "text/html" in /etc/nginx/sites-enabled/intensa.io.conf:15
2026/06/17 09:31:02 [warn] 2320796#2320796: duplicate MIME type "text/html" in /etc/nginx/sites-enabled/pmovil.conf:11
nginx: the configuration file /etc/nginx/nginx.conf syntax is ok
nginx: configuration file /etc/nginx/nginx.conf test is successful

═══ 4. Reload nginx (atomic) ═══
active

═══ 5. Smoke test local ═══
intensa.io        HTTP 301
www.intensa.io    HTTP 301
intensa.io        HTTPS 200
www.intensa.io    HTTPS 200
veritas-trace (no se rompió) HTTPS 200

═══ DONE ═══

== verificación: el script.js servido ya NO tiene el mailto del CTA ==
0
== y SÍ tiene el redirect a signup ==
1

# exit=0
