# ejecutado: 2026-06-30T00:27:01-03:00
# host: ubuntu-4gb-nbg1-2
# instancia: maria-paez
# script:
#   #!/bin/bash
#   # Publica intensa.io con el Google tag (AW-18285351437) ya inyectado en el
#   # fuente versionado (ops/sites/intensa.io/*.html). Verifica que quede live.
#   set -u
#   echo "===== 1) deploy del sitio (publica a /var/www + reload nginx) ====="
#   bash /root/secretaria/ops/sites/intensa.io/deploy.sh 2>&1 | tail -25
#   echo
#   echo "===== 2) gtag presente en /var/www ====="
#   for f in /var/www/intensa.io/index.html /var/www/intensa.io/maria/index.html \
#            /var/www/intensa.io/maria/signup/index.html \
#            /var/www/intensa.io/maria/cuenta/index.html \
#            /var/www/intensa.io/maria/terminos/index.html; do
#     if grep -q "AW-18285351437" "$f" 2>/dev/null; then echo "  OK   $f"; else echo "  FALTA $f"; fi
#   done
#   echo
#   echo "===== 3) gtag servido por HTTPS (curl local) ====="
#   for u in / /maria/ /maria/signup/ /maria/cuenta/ /maria/terminos/; do
#     n=$(curl -sk -H "Host: intensa.io" "https://127.0.0.1${u}" | grep -c "AW-18285351437")
#     echo "  ${u}  matches=${n}"
#   done
#   echo
#   echo "===== 4) success_url de Stripe (debe contener signup/?status=ok) ====="
#   grep -n "status=ok" /root/secretaria/ops/backend/intensa-api/routes/signup.js
#   echo "===== DONE ====="

# ───── output ─────
===== 1) deploy del sitio (publica a /var/www + reload nginx) =====
    cache-bust v=20260630-002701 en signup/index.html
    cache-bust v=20260630-002701 en terminos/index.html

═══ 2. Vhost nginx ═══
Vhost existente tiene SSL configurado (post-certbot) — NO TOCANDO el archivo.
Si querés actualizar la config del vhost a mano, editá /etc/nginx/sites-available/intensa.io.conf directamente.
symlink ya existe

═══ 3. Validar config nginx ═══
2026/06/30 00:27:01 [warn] 2433067#2433067: duplicate MIME type "text/html" in /etc/nginx/sites-enabled/intensa.io.conf:15
2026/06/30 00:27:01 [warn] 2433067#2433067: duplicate MIME type "text/html" in /etc/nginx/sites-enabled/pmovil.conf:11
nginx: the configuration file /etc/nginx/nginx.conf syntax is ok
nginx: configuration file /etc/nginx/nginx.conf test is successful

═══ 4. Reload nginx (atomic) ═══
active

═══ 5. Smoke test local ═══
intensa.io        HTTP 301
www.intensa.io    HTTP 301
intensa.io        HTTPS 200
www.intensa.io    HTTPS 200
veritas-trace (no se rompió) HTTPS 200

═══ DONE ═══

===== 2) gtag presente en /var/www =====
  OK   /var/www/intensa.io/index.html
  OK   /var/www/intensa.io/maria/index.html
  OK   /var/www/intensa.io/maria/signup/index.html
  OK   /var/www/intensa.io/maria/cuenta/index.html
  OK   /var/www/intensa.io/maria/terminos/index.html

===== 3) gtag servido por HTTPS (curl local) =====
  /  matches=3
  /maria/  matches=3
  /maria/signup/  matches=3
  /maria/cuenta/  matches=3
  /maria/terminos/  matches=3

===== 4) success_url de Stripe (debe contener signup/?status=ok) =====
110:        success_url: `${landing}/signup/?status=ok`,
===== DONE =====

# exit=0
