# ejecutado: 2026-06-14T09:39:01-03:00
# host: ubuntu-4gb-nbg1-2
# instancia: maria-paez
# script:
#   #!/bin/bash
#   set +e
#   D="google._domainkey.intensa.io"
#   echo "== NS autoritativos de intensa.io =="
#   dig +short NS intensa.io
#   echo ""
#   echo "== DKIM segun ns73.domaincontrol.com (autoritativo, sin cache) =="
#   dig +short TXT "$D" @ns73.domaincontrol.com | tr -d '"' | tr -d ' '
#   echo ""
#   echo "== DKIM segun ns74.domaincontrol.com (autoritativo, sin cache) =="
#   dig +short TXT "$D" @ns74.domaincontrol.com | tr -d '"' | tr -d ' '
#   echo ""
#   echo "== DKIM segun Google Public DNS (8.8.8.8, con cache) =="
#   dig +short TXT "$D" @8.8.8.8 | tr -d '"' | tr -d ' '
#   echo ""
#   echo "== marcador esperado (Google) debe contener: CgKCAQEAuVdYUbw6yeidInht =="
#   echo "== marcador viejo (a descartar)         contiene: CgKCAQEAlJLhxFsbSOo7   =="

# ───── output ─────
== NS autoritativos de intensa.io ==
ns73.domaincontrol.com.
ns74.domaincontrol.com.

== DKIM segun ns73.domaincontrol.com (autoritativo, sin cache) ==
v=DKIM1;k=rsa;p=MIIBIjANBgkqhkiG9w0BAQEFAAOCAQ8AMIIBCgKCAQEAuVdYUbw6yeidInht/hdBVFS2ea5Ap3gxgcBojqQlDLAhEXtWGmwVSNt04TSVj8jUMvAiDPqVO8agxrzXtaJvxNN6AHZOrl+KziRnSWc/daU2j1XvVRIAKHWIY6UdQg8P4ddMjjte05y1UT2rUsNwEqo98S/gWKVwoB0QBYLTtSS+1vQI92M+rglkI8R2VDYKNNbiR8WyrH8etx6AKqR7/DEH+AULkM+Rjuf1CUWl6sdTCbiuW91daQEqlN4NwtXkTC5tIXO+k9PGKvOJ2y9wHRSiGistknWKYD/a5EwXl37werwi+ZBGCYUf31k6p3TX17fblaYZGrD+8dDy1pKKpwIDAQAB

== DKIM segun ns74.domaincontrol.com (autoritativo, sin cache) ==
v=DKIM1;k=rsa;p=MIIBIjANBgkqhkiG9w0BAQEFAAOCAQ8AMIIBCgKCAQEAuVdYUbw6yeidInht/hdBVFS2ea5Ap3gxgcBojqQlDLAhEXtWGmwVSNt04TSVj8jUMvAiDPqVO8agxrzXtaJvxNN6AHZOrl+KziRnSWc/daU2j1XvVRIAKHWIY6UdQg8P4ddMjjte05y1UT2rUsNwEqo98S/gWKVwoB0QBYLTtSS+1vQI92M+rglkI8R2VDYKNNbiR8WyrH8etx6AKqR7/DEH+AULkM+Rjuf1CUWl6sdTCbiuW91daQEqlN4NwtXkTC5tIXO+k9PGKvOJ2y9wHRSiGistknWKYD/a5EwXl37werwi+ZBGCYUf31k6p3TX17fblaYZGrD+8dDy1pKKpwIDAQAB

== DKIM segun Google Public DNS (8.8.8.8, con cache) ==
v=DKIM1;k=rsa;p=MIIBIjANBgkqhkiG9w0BAQEFAAOCAQ8AMIIBCgKCAQEAuVdYUbw6yeidInht/hdBVFS2ea5Ap3gxgcBojqQlDLAhEXtWGmwVSNt04TSVj8jUMvAiDPqVO8agxrzXtaJvxNN6AHZOrl+KziRnSWc/daU2j1XvVRIAKHWIY6UdQg8P4ddMjjte05y1UT2rUsNwEqo98S/gWKVwoB0QBYLTtSS+1vQI92M+rglkI8R2VDYKNNbiR8WyrH8etx6AKqR7/DEH+AULkM+Rjuf1CUWl6sdTCbiuW91daQEqlN4NwtXkTC5tIXO+k9PGKvOJ2y9wHRSiGistknWKYD/a5EwXl37werwi+ZBGCYUf31k6p3TX17fblaYZGrD+8dDy1pKKpwIDAQAB

== marcador esperado (Google) debe contener: CgKCAQEAuVdYUbw6yeidInht ==
== marcador viejo (a descartar)         contiene: CgKCAQEAlJLhxFsbSOo7   ==

# exit=0
