# ejecutado: 2026-05-10T11:02:02-03:00
# host: ubuntu-4gb-nbg1-2
# instancia: maria-paez
# script:
#   #!/bin/bash
#   set +e
#   
#   echo "── 1. pm2 jlist info ──"
#   pm2 jlist 2>/dev/null | python3 -c "
#   import json, sys
#   ps = json.load(sys.stdin)
#   for p in ps:
#       if p['name'] != 'maria-paez': continue
#       e = p['pm2_env']
#       print(f\"pid:                  {p.get('pid')}\")
#       print(f\"restart_time:         {e.get('restart_time')}\")
#       print(f\"unstable_restarts:    {e.get('unstable_restarts')}\")
#       print(f\"pm_uptime (ts):       {e.get('pm_uptime')}\")
#       print(f\"created_at (ts):      {e.get('created_at')}\")
#       print(f\"exit_code:            {e.get('exit_code')}\")
#       print(f\"status:               {e.get('status')}\")
#       print(f\"max_memory_restart:   {e.get('max_memory_restart')}\")
#       mem = p.get('monit', {}).get('memory', 0)
#       print(f\"memory current (MB):  {mem / 1024 / 1024:.1f}\")
#       print(f\"cpu:                  {p.get('monit', {}).get('cpu')}%\")
#   "
#   echo
#   echo "── 2. Cuándo arrancó el proceso actual ──"
#   date -d @$(($(pm2 jlist 2>/dev/null | python3 -c "import json,sys; print([p for p in json.load(sys.stdin) if p['name']=='maria-paez'][0]['pm2_env']['pm_uptime'])") / 1000))
#   echo
#   
#   echo "── 3. Últimas 100 líneas del log de salida (sin filtros) ──"
#   tail -100 /root/.pm2/logs/maria-paez-out.log
#   echo
#   echo "── 4. Log de error de pm2 ──"
#   tail -50 /root/.pm2/logs/maria-paez-error.log 2>&1
#   echo
#   echo "── 5. Buscar disconnected/change_state/crash en TODO el log de hoy ──"
#   grep -E '2026-05-10' /root/.pm2/logs/maria-paez-out.log 2>&1 | grep -E 'change_state|disconnected|SIGINT|iniciando|crash|frame muerto|WA ready|authenticated' | head -50
#   echo
#   echo "── 6. Estructura interna de .wwebjs_auth ──"
#   ls -la /root/secretaria/state/maria-paez/.wwebjs_auth/
#   ls /root/secretaria/state/maria-paez/.wwebjs_auth/session/ 2>&1 | head -10
#   echo "  total entries en session/:"
#   ls /root/secretaria/state/maria-paez/.wwebjs_auth/session/ 2>&1 | wc -l
#   echo
#   echo "── 7. Versión de whatsapp-web.js instalada ──"
#   cd /root/secretaria
#   node -e "console.log(require('whatsapp-web.js/package.json').version)" 2>&1
#   echo
#   echo "── 8. Disco / memoria del VPS ──"
#   df -h / 2>&1 | head -3
#   free -h 2>&1 | head -3

# ───── output ─────
── 1. pm2 jlist info ──
pid:                  3480659
restart_time:         0
unstable_restarts:    0
pm_uptime (ts):       1778404030079
created_at (ts):      1778289842850
exit_code:            None
status:               online
max_memory_restart:   1073741824
memory current (MB):  154.8
cpu:                  0.2%

── 2. Cuándo arrancó el proceso actual ──
Sun May 10 06:07:10 AM -03 2026

── 3. Últimas 100 líneas del log de salida (sin filtros) ──
2026-05-10 11:00:00: █ █   █ █▀▀▀██ ▄▀███ ▄ █ ▀ ▄     ▄▀ ▀███▄▀▀▄▄  ▀█  ▄▄▄█▀ ▄█
2026-05-10 11:00:00: █ █▄▄▄█ █    ▄▀▄  ▄▀▄▀ ██▀▀▀▀██▀█▀ ▀▀██▄█▄█▄▄▀██ ▄▀▀▀▀▄██▀█
2026-05-10 11:00:00: █▄▄▄▄▄▄▄█▄▄█▄█▄▄██▄██▄█▄▄▄███████▄██▄█▄█▄▄▄▄███▄████▄▄▄▄███
2026-05-10 11:00:00: 
2026-05-10 11:00:20: [WA qr] escaneá este QR:
2026-05-10 11:00:20: ▄▄▄▄▄▄▄▄▄▄▄▄▄▄▄▄▄▄▄▄▄▄▄▄▄▄▄▄▄▄▄▄▄▄▄▄▄▄▄▄▄▄▄▄▄▄▄▄▄▄▄▄▄▄▄▄▄▄▄
2026-05-10 11:00:20: █ ▄▄▄▄▄ █▄    ▄ █▀█▄▄▀ █▄▄▀█ █▄ ▄▄▀▀ █ ▀▄▄▄ ▄▀ ▄ ██ ▄▄▄▄▄ █
2026-05-10 11:00:20: █ █   █ █ █▀▀▄ ███ ▀██▄█   █▄█▄█▀▄     ▄████▀█▀▄ ██ █   █ █
2026-05-10 11:00:20: █ █▄▄▄█ █▄▀▀███▄▀▀██ ▀██ █▀ ▄▄▄ ▄▄ ▀ ▄▄▄██ ▀▄ ▄▀▄██ █▄▄▄█ █
2026-05-10 11:00:20: █▄▄▄▄▄▄▄█▄█▄▀▄▀▄█▄█ ▀▄█▄▀▄█ █▄█ ▀ ▀ █ ▀ ▀ ▀▄▀▄▀ █ █▄▄▄▄▄▄▄█
2026-05-10 11:00:20: █▄▄ ▄▀█▄▀▄▄  ▀██ █▄▀ █  ▀ ▀▄     █ ▄▀▀██▀▄▄  █▄▄   ██ ▄ █▄█
2026-05-10 11:00:20: █▀▄▀ ██▄▀▀█▄█▀ ▀▄  ██ ▄▄ ▀██▄▀  ▀▄▀  ▄ ▀▀█▀▄█▀▀ █▄██▀█ ▄▄ █
2026-05-10 11:00:20: █▀▀▀▀▄█▄██ ▄█▄▄ ▀▄█▄ ▀█▄█▄▀ █▀█▀ █▀█ ▄ ▀███▄██▀▄ ██▀▀█▀ ▄▄█
2026-05-10 11:00:20: █▀ █ █▀▄█▀▀█▀▀  ▀█▄█ █▄ ▄▄▀▄ ▄█▀█ ▀█  ▀██▀   ▄ ▀     █▀▀▀██
2026-05-10 11:00:20: █▄▄▀▀▀▀▄▄▄▀▄▀█ ▄  ▀██▄ ▀ █▀█▄▄██▄▄▄ ▀██████▄  █▀ ▄▄▄▄█▄██▄█
2026-05-10 11:00:20: █▀▀▀█▄▄▄█▄█▄▄▄▀▀█▀ ▄█▄▀ ▀█▀▀▀ ██▀▀▀▄█▀ ▀█▀▄█▄█▀  ▄█▀ █▄▄ ██
2026-05-10 11:00:20: █ ▄▄▀█▄▄  ███▄ ██  ▀██▄▄▀█▀ ▀▄▄▀▀▀█▄██▀█▄ ▀ ▀▀█▄▄  ▄ ▄▄▄▀▀█
2026-05-10 11:00:20: █▀▀ ▄  ▄█▀█▄██ ▀▀▄▄▄ ▄▄   █▀  ▀  ▄▀█▀█ ▀ █▄█▀ █ █▄▄▄▄▀▀▄█ █
2026-05-10 11:00:20: █▀▀  ▀▀▄▄  ▀ ▀▄▄▀█  █ █▀█▄██▀▀██▄▄▄█▄▄▄▀ █▄█ ▀▀█▄█▀▀▀█▀▄▄ █
2026-05-10 11:00:20: ███ ▄ ▄▄▄ ▄▄▀█▄██ ▄▄▀▀█▄▄ ▄ ▄▄▄ █▄ ▀██▄ ▀ ▀▀▀█▀▀█ ▄▄▄ ▀▀▀██
2026-05-10 11:00:20: █ ▄▄  █▄█ ▄▄▄█▄▀  █▄██▀▀▄▄█ █▄█ ▄  ▀████ ▀██ ▄█▀▀ █▄█  ▀█ █
2026-05-10 11:00:20: ██▀█▄ ▄▄▄▄▄▀ ▀ ▀ ▀▀▄▀▀▄▀▀▄█ ▄▄  ▀▄▀▀▄▄▄█▀▄ █▄██▄  ▄▄   ▄▄██
2026-05-10 11:00:20: █  █▀▄▄▄▀   ▄ ██ █▀█▀▄▀   █ ▄█▀▀▀▀ ▄▄█▄▄ ▄ ▀██▄▄█▀  ██   ▀█
2026-05-10 11:00:20: █ ▀▄█ █▄█▄  █ ▀▄█▀▄▀▄ ▀▀▄█ ███ ██▄█ ▀█ █ █▀▄▀▀  █ ▄▄ ▀ ▄ ▄█
2026-05-10 11:00:20: █▄▀███▄▄▀█▄▀▀█▄▀██▄▄▀██▀ ▄█████▀ █ ▄ ▄▀▀▄█▄█ ▀ █▀█▀█ █ █▄██
2026-05-10 11:00:20: █▀██  █▄ ▀▀▄█▄▀█ ▄█▄  █▀▄▀▄  ▄██ █ ▄ ▀▄ ▀█▄▄ ██▄▀█▀▀ ▄▄ █▄█
2026-05-10 11:00:20: █ ▄█▀ █▄▄ █▄▀ ██▀ ██ █▄▀█▄▀ ▀ ███▄▄▀██▄█ ▀▄█ ▄ ▀ █▀▄  ▄ █▄█
2026-05-10 11:00:20: █▄▄ ▄ ▄▄▄ █▀▄▄▄  ▀█▄█▀█ ▀▄▀█ ▀ ▄██▄▀▄ ▄▀█▄▄█▀▄▀▄▀ ▀█▄▄▄▄ ██
2026-05-10 11:00:20: █  █▄▄█▄▄   ▀█ ███▀▀▀▄ █  ▄▄ █▀█▄▀▀█▄█▀█  ▄ ██▄██ ▀▄█▄   ▀█
2026-05-10 11:00:20: █ ▀ ▀▀▄▄▄▀▀▄▀▀▄ █▄▄▄▄█▀▄██ ██ █▀██ ▄█▀▀▄  ▄▄▀█▄▀█▀▄ █  ▄▄▄█
2026-05-10 11:00:20: ███████▄▄▀█▀▄▄▄ █▄▄▄▀▀▀█▄█▄ ▄▄▄ ▄▀ █▄ ▀▀▀▀▄▄▄▀▄██ ▄▄▄  ▀▀▀█
2026-05-10 11:00:20: █ ▄▄▄▄▄ ██▄ ▄█▀ ▀█▄▀▄▄▀ ▄ ▄ █▄█ ▄ █▄█▀▄█▄ ▄▀ ▀ ▀▀ █▄█  ▀▀▀█
2026-05-10 11:00:20: █ █   █ █▀▀▀▀▀ ▄▀███ ▄ █ ▀ ▄ ▄   ▄▀ ████▀█▀▄█▄ ▀▄  ▄▄ █▀ ▄█
2026-05-10 11:00:20: █ █▄▄▄█ █ ▄   ▄   ▄▀▄▀ ██▀▀▀▀▀█▀█  ▀ ▄█▄█▄█▄█▀██ ▄▀▀██▄██▀█
2026-05-10 11:00:20: █▄▄▄▄▄▄▄█▄▄█▄▄▄▄██▄██▄█▄▄▄██▄████▄██▄█▄█▄▄▄▄███▄█████▄▄▄███
2026-05-10 11:00:20: 
2026-05-10 11:00:40: [WA qr] escaneá este QR:
2026-05-10 11:00:40: ▄▄▄▄▄▄▄▄▄▄▄▄▄▄▄▄▄▄▄▄▄▄▄▄▄▄▄▄▄▄▄▄▄▄▄▄▄▄▄▄▄▄▄▄▄▄▄▄▄▄▄▄▄▄▄▄▄▄▄
2026-05-10 11:00:40: █ ▄▄▄▄▄ █▀██  ▄█▄ ██▄▄▄▀ ▄▀ █ ▄ ▄▀▄ ▀█  █ ▄ █▄█▄ ██ ▄▄▄▄▄ █
2026-05-10 11:00:40: █ █   █ █▄█▀▄▀███▄█▄ █▄█▄███▄█▀ █▄   ██▄▄▄  ▄█▀▄ ██ █   █ █
2026-05-10 11:00:40: █ █▄▄▄█ █ ▀▀█▀▄ ██▄▄▀█▀▀▀▄  ▄▄▄ ▄▀▄█▄▄█ ▄▄▀ █▀ ▀▄██ █▄▄▄█ █
2026-05-10 11:00:40: █▄▄▄▄▄▄▄█ ▀ ▀ ▀ ▀ █ ▀ ▀ ▀▄█ █▄█ ▀▄█▄█ ▀▄█▄▀▄▀ █▄█ █▄▄▄▄▄▄▄█
2026-05-10 11:00:40: █  ▀▄▀▀▄ █▄▄▀▄ █ █▀▄██  ▄█    ▄▄██ ▄▄▄ █▀▄▀███▄▄▄██▄▄▄▀▄ ██
2026-05-10 11:00:40: █ ██▄ ▄▄█ ▀█ █▀█ ▄▀▄▄▄  ▀ █ ▄▀▀▀  ▀ ▀██▀█▀▄█▄█▀ █▄▄▀█ ▀██▄█
2026-05-10 11:00:40: █▀▀  ▀█▄▄█▄▀█▄▄█▄▀█▄ ▄ ▀█▄▀█▀▄█▀  ▄▀ ▄ █  ▄██ ▄▀█▄█▄▀ ▀▄▄▀█
2026-05-10 11:00:40: █▄▄█▀█▄▄▀ ▀█▄▄█ ▀█ ▀██▀ ▀▀▄▄▀█▄▄  ▀▀█▀ ██▀███ █▀▀▀█ ▀▄▄█▄██
2026-05-10 11:00:40: █▀▀█▀█ ▄█ █  ▄▀ ▄██ █ ▄█ █ ▀   ██  █▀▄█  ▀ █▀▄█▄▀██  ▀██▄▄█
2026-05-10 11:00:40: █▀█▄▄█▄▄█▀ ▀▄▄▀▄ ▄ ▄▀ ▄██▀▀▄▄███▀ ▄▀▀▀ ▄███▄████ ▄█ █ ▄▄▄ █
2026-05-10 11:00:40: ██ ▄▀▄▀▄█ ██▀ ███ █▄ █▄▄▄ ▄ ▀▄▀▄▄██▄▀▄▄██ ▄█▄██▄▀███ ▄▀▀█▀█
2026-05-10 11:00:40: █  ▄ ▄▄▄ ▀█ █▄▄██ ██▀  ▄▀▀▄█▄▄ ▀  █▀ █▀█▄▀█▄ █▀▄▄██▄ ▀ █▄▄█
2026-05-10 11:00:40: █▀▀██▀█▄█ ██ ▀▄ ▄   ██ ▄█▄▀▄▄▄██▄▀▀ ▄▄▄▄█ ▄█ ▄▄ ▄▄▄█ ▄▀▄▄██
2026-05-10 11:00:40: █   ▄ ▄▄▄ ▄ ▀█▀ █ ▀▀▄▀█▄▀█  ▄▄▄  ▄▄█  █▄▀   ▄█▀▀█ ▄▄▄ ▄▄▄██
2026-05-10 11:00:40: █▀██▀ █▄█ ▄▄█▄▀▀▄▄▄█▄▀████▄ █▄█ █▄▄▄▄▄  ▄█ ▄▀ ▄██ █▄█ ▄█▄▄█
2026-05-10 11:00:40: █▄█▀▀▄▄▄▄ ▀▄ ▀ ▄█▄▄▀▀▄▄▄▀▄█     ▀▀█▄▄ ▄█▄█ ▄ ▄▀▀▀   ▄ ▄▄▄ █
2026-05-10 11:00:40: █ ██▄▄▀▄▄▀  ▀█ ██▄█ █▄  ▄█  █▄▄▄▄▀ ▄▄ ▄█  ██ ▀▀█ ▀█ ▄▄█▄▀▀█
2026-05-10 11:00:40: █  ▄ ▄▄▄ █▄▄▄▀    █  ▀██ █▀▀ ▀▀▄▄▄▀▄█▄▀    ▄▄██▄█▀█ ▀▀▀█▀▄█
2026-05-10 11:00:40: █▄▄   ▄▄▀ ▀▄██▄▄  ▄▄▀  ▄ ▄█   ▀█▀ █▀▄▄▀▄  ▄█ ▄█ ▀█▀ █  ██ █
2026-05-10 11:00:40: █▄ █   ▄█▀▄▄ ██  ▄ ▀█ █▀▀▄▀  ▄▄ ▄█ ▄▄▄▀  █▀▀███▄▄ ▄▀ ▄▀█ ▄█
2026-05-10 11:00:40: █▀█▀█▀█▄█▄▄█▄   █▄▄▄▀▀ █▄█ ▄█▄▄▄▄  █▄▄█▀▄██▄▀ ▄█▀▄▀▄▄▄██▄ █
2026-05-10 11:00:40: █▄▄█▀ ▀▄▄█▀█ ▄ ██▄█▄█▄ █▀▄▀ █▄ ▄█ █▄▄  ▄ ▀ █▀▀▄▀██ ▄▀▀██  █
2026-05-10 11:00:40: ███ ▄█▀▄ ██▄▄ █ ██▄▄▄▄ ███▀▀ █▄ ▀▀█▄▀ ▄█  ▄▄ ███▄▀ █ █  █▀█
2026-05-10 11:00:40: █ ▀ ▀▀▄▄ ▄█   █▄▀ ▄ █▀▄▀▄▄ █▀▄▄ ▄▀▄▀  █   ▀▄▄▀▄▀ ▀▀▄█  ▄█ █
2026-05-10 11:00:40: ███████▄█▀ ▄▄▄▄█▀▀█ ▄█  ██▄ ▄▄▄ ▄▄█    █ ▄█▄  ▄▀█ ▄▄▄ ▀ █ █
2026-05-10 11:00:40: █ ▄▄▄▄▄ █▄▄ ▀ ▄ ▄▄▀▄██▀   ▀ █▄█ ▀▄█▄ █ ▄▀█ ▄ ▄▀   █▄█ █▄ ██
2026-05-10 11:00:40: █ █   █ █▀████▀ █▀▄▄▀ ▄▀▀ ▀ ▄▄  ▀ █▄▄ ▄▀▄█ ██ ▄█▄     ▄   █
2026-05-10 11:00:40: █ █▄▄▄█ █▀ ▄  █▀██▄▀▄▄█ █▀▀▄  █▀▄▄█▄ ▄█▀  █▄██   ▄▀▄▄ ▄██▄█
2026-05-10 11:00:40: █▄▄▄▄▄▄▄█▄██▄██▄███▄▄▄█▄██▄██▄▄▄▄▄███▄██▄▄██▄██▄▄▄▄█▄███▄██
2026-05-10 11:00:40: 
2026-05-10 11:01:00: [WA qr] escaneá este QR:
2026-05-10 11:01:00: ▄▄▄▄▄▄▄▄▄▄▄▄▄▄▄▄▄▄▄▄▄▄▄▄▄▄▄▄▄▄▄▄▄▄▄▄▄▄▄▄▄▄▄▄▄▄▄▄▄▄▄▄▄▄▄▄▄▄▄
2026-05-10 11:01:00: █ ▄▄▄▄▄ █▄    ▄▀▀██▄▄█ ▄█ ▀█ █▄ ▄▄█▀▀▀▄█ █ ▄█  ▄ ██ ▄▄▄▄▄ █
2026-05-10 11:01:00: █ █   █ █ █▀█▄ █▄▄ ▀▄▄▄█   █▄█▄█ ▄  █  ▄█▄██ ▄▀▄ ██ █   █ █
2026-05-10 11:01:00: █ █▄▄▄█ █▄▀▀▄ █▄▀▀██ ▀██ █▀ ▄▄▄ ▄▄ ▀██▄▄▄  ▀██▄▀▄██ █▄▄▄█ █
2026-05-10 11:01:00: █▄▄▄▄▄▄▄█▄█ █▄▀▄█▄█ ▀▄█▄▀▄█ █▄█ ▀ ▀ █ ▀ ▀ ▀▄▀▄▀ █ █▄▄▄▄▄▄▄█
2026-05-10 11:01:00: █▄▄ ▄█▀▄▀ █ █▄██ █▄▀ █  ▀ █      █ ▄▀▀██▀▄▄  █▄▄   █▀ ▄ █▄█
2026-05-10 11:01:00: █▀▄▀ █▄▄█▀▀▄▄▀ ▀▄  ██ ▄▄ ▀█▄▄█  ▀▄█▄ ▄▄█▀██▄█▀█▄█▄█▄▄▄ ▄▄ █
2026-05-10 11:01:00: █▀▀  ▄█▄▄▀▀ █▄▄ ▀▄█▄ ▀█▄█▄  ███▀ █▀▄ ▄ ▀██ ▄██ █▄██▀▀▀▀ ▄▄█
2026-05-10 11:01:00: ███ ██▀▄▄▀▀█▀▀  ▀█ ▀ ██▀▄▄▀▄▀▄▀██ ▄▀ ▄  ██▄▄▄  ██   ▀█▀ ▀██
2026-05-10 11:01:00: ██ ▄█▀▀▄▄▄▀▄▀█ ▄▄ █▀▄▄▄▀ █▀█▄▄ ▄▄▄▄ ▀███▄▀▀▄▄▄▀▀ ▄▄▄▄█▄▄█▄█
2026-05-10 11:01:00: ██ ▀▀ ▄▄█▄█▄▄▄▀▀█▀ ▄█▀▀ █▄▀▀▀ ▄█▀█▀▄▄ ▀▀█ ▄██▄▀  ▄▀▀ █▄▄▄██
2026-05-10 11:01:00: █ ▄▄▀ ▄▄  ██▄█ ██  ▀██▄▄▀█▀ ▀▄▄▀▀▀█▄██▀█▄ ▀ ▀██▄▄  █ ▄▄▄  █
2026-05-10 11:01:00: █▀▀ ▄ ▀▄██▄█ ▄ ▀▀▄▄▄ ▄▄   █▀  ▀  █▀█ █ ▀ █▄█▀ █ █▄▀ ▄▀▀▄█ █
2026-05-10 11:01:00: █▀▀  █▀▄▀█  ██▀▀▀█  █ █▀█▄▀▀▀▀██▄▄▄█▄▄▄▀ █▄█ ▀▀█ █ ▀█▀▀▄▄ █
2026-05-10 11:01:00: ███ ▄ ▄▄▄ ▀▀ ▀█▀█ ▄▄▀▀█▄▄ ▀ ▄▄▄ █▄▄███  ▀ █▀▀███▄ ▄▄▄ █▀▀██
2026-05-10 11:01:00: █ ▄   █▄█ █ ▄█▀█  █▄██▀▀▄▄█ █▄█ ▄ ▀▀████ ▀▄▄ ▄█ ▄ █▄█ █ █ █
2026-05-10 11:01:00: █ ▄▀█▄▄▄ ▄▄▀ ▀ ▀ ▀ ▀▀▀█▀▀▄▄ ▄▄  ▀▄  ▄▄▀▀█  ▀ ██ ▄ ▄▄▄ ▀█▄██
2026-05-10 11:01:00: █▄██▀▄▄▄▀   ▄ ██▄▄ ██▄▄▄▀▀█  █▀▀▀▀ ▄ █ ▄ ▄█▀▀▀█▄█   ██  ▄▀█
2026-05-10 11:01:00: █▄▄ █ █▄▀   █ ▀▄ ▀▄▀▀▄▀▀▄▀ █▀  █▀▄█ ▄▄▀█▄▀▀▄▄▀▀ █ ▄▄▄▄ ▄ ▄█
2026-05-10 11:01:00: █▀ ███▄▄▀█▄▀ ▀▄▀██▄▄▀██▀ ▄████▀  █ ▄▄ ▀▀▀█▄███ █▀█▀█ █ █▄██
2026-05-10 11:01:00: █▀██  █▄ ▀▄▄▄█ ▀ ▄█▄  █▀▄▀▄  ▄ ▀ █ ▄▀ ▄ ▀▄▄▄▀▄█▄▀█▀▀ ▄▄ █▄█
2026-05-10 11:01:00: █ ▄█▀▄█▄▄ ▄ ▄ ██▀ ██ █▄▀█▄▀ ▀ ███▄▄▀██▄█ ▀▄█ ▄ ▀ ██▄  ▄▄█▄█
2026-05-10 11:01:00: █▄▄ ▄▀▄▄▄ ███▀▀█ ▀█▄█▀█ ▀▄██ ▀ ▄██ █▄ ▄▀█▄ █▀▄█▄█▀▄▀▄▄█▄ ██
2026-05-10 11:01:00: █  ▄▄ ▀▄█▀▀ ▀██▄██▀▀▀▄ █  ▄▄ █▀█▄▀▄█▄█▀█   ▀██▄▄█▀▄▀█▄█▀ ▀█
2026-05-10 11:01:00: █ ▀ ▀▀▄▄▀█▀▄▀▀▄ █▄▀▀▄██ ██ ██ █▀██▀▄█▀▀█  ██▀▀  ▄ █ ▄ ▀█▄▄█
2026-05-10 11:01:00: ███████▄▄▀█▀▄▄▄ ▀▄ ▄▄ █▀▄▄▄ ▄▄▄ ▄▀ █ ▄▀ ▀███▀▀▀▄▀ ▄▄▄   ▀██
2026-05-10 11:01:00: █ ▄▄▄▄▄ ██▄ ▄█▀ ▀ ▄▀██▀   ▄ █▄█   █▄█▄▄██▀█ ▄█▀ ▀ █▄█  ▀█▀█
2026-05-10 11:01:00: █ █   █ █▀▀▀ ▀ ▄▀███ ▄ █ ▀ ▄ ▄  ▄▄▀ █▀██▄█▀▄▄▄ ▀█  ▄▄▄█▀▀▄█
2026-05-10 11:01:00: █ █▄▄▄█ █ █▄▀ ██  ▄▀▄▀ ██▀▀▀█▀█▀▄▀ ▀▀▄█▄▄██▄█ ██ ▄▀▀ █▄██▀█
2026-05-10 11:01:00: █▄▄▄▄▄▄▄█▄███▄█▄██▄██▄█▄▄▄██▄▄███▄██▄█▄█▄▄▄▄███▄████▄▄▄▄███
2026-05-10 11:01:00: 

── 4. Log de error de pm2 ──

── 5. Buscar disconnected/change_state/crash en TODO el log de hoy ──
2026-05-10 00:16:02: ▸ SIGINT recibido, cerrando…
2026-05-10 00:16:04: ▸ Maria Paez [maria-paez] iniciando…
2026-05-10 00:16:08: [WA authenticated]
2026-05-10 00:16:08: ✅ [WA ready] Maria conectada
2026-05-10 06:06:57: ▸ SIGINT recibido, cerrando…
2026-05-10 06:07:00: ▸ Maria Paez [maria-paez] iniciando…
2026-05-10 06:07:09: ▸ SIGINT recibido, cerrando…
2026-05-10 06:07:12: ▸ Maria Paez [maria-paez] iniciando…

── 6. Estructura interna de .wwebjs_auth ──
total 12
drwxr-xr-x  3 root root 4096 Apr 18 12:14 .
drwxr-xr-x  5 root root 4096 May  9 19:52 ..
drwxr-xr-x 31 root root 4096 May 10 05:46 session
ActorSafetyLists
AmountExtractionHeuristicRegexes
BrowserMetrics-spare.pma
CaptchaProviders
CertificateRevocation
component_crx_cache
Crowd Deny
Default
DevToolsActivePort
extensions_crx_cache
  total entries en session/:
39

── 7. Versión de whatsapp-web.js instalada ──
1.34.7

── 8. Disco / memoria del VPS ──
Filesystem      Size  Used Avail Use% Mounted on
/dev/sda1        38G  8.6G   28G  24% /
               total        used        free      shared  buff/cache   available
Mem:           3.7Gi       1.1Gi       475Mi       5.5Mi       2.5Gi       2.7Gi
Swap:             0B          0B          0B

# exit=0
