# ejecutado: 2026-06-28T01:38:01-03:00
# host: ubuntu-4gb-nbg1-2
# instancia: maria-paez
# script:
#   #!/bin/bash
#   # Diag: ubicar intensa-api, var del webhook Stripe, estado pm2. Secretos enmascarados.
#   echo "## host: $(hostname)  date: $(date -Iseconds)"
#   echo
#   echo "### Buscando source de intensa-api"
#   CANDS=$(find /root/secretaria -maxdepth 3 -type d -iname '*intensa*api*' 2>/dev/null)
#   echo "dirs intensa-api: ${CANDS:-(ninguno)}"
#   # Buscar archivos js que mencionen stripe/intensa-api en todo secretaria (sin node_modules)
#   echo
#   echo "### Archivos que mencionan 'stripe' (case-insensitive, sin node_modules):"
#   grep -rIl -i 'stripe' /root/secretaria --include='*.js' --include='*.ts' --include='*.mjs' 2>/dev/null | grep -v node_modules | head -30
#   echo
#   echo "### Refs a env vars de Stripe / webhook secret en el código:"
#   grep -rInE 'STRIPE[A-Z_]*|whsec|process\.env\.[A-Z_]*WEBHOOK[A-Z_]*|process\.env\.[A-Z_]*SIGN[A-Z_]*|constructEvent|stripe\.webhooks' /root/secretaria --include='*.js' --include='*.ts' --include='*.mjs' 2>/dev/null | grep -v node_modules | head -60
#   echo
#   echo "### Keys del /root/secretaria/.env-intensa-api (valores enmascarados):"
#   if [ -f /root/secretaria/.env-intensa-api ]; then
#     sed -E 's/^([A-Za-z0-9_]+)=.*/\1=<set>/' /root/secretaria/.env-intensa-api
#   else
#     echo "(no existe /root/secretaria/.env-intensa-api)"
#   fi
#   echo
#   echo "### Otros .env* en /root/secretaria (nombres):"
#   ls -la /root/secretaria/.env* 2>/dev/null
#   echo
#   echo "### pm2 list:"
#   pm2 jlist 2>/dev/null | python3 -c "import json,sys
#   try:
#     for p in json.load(sys.stdin):
#       e=p.get('pm2_env',{})
#       print(p.get('name'),'status=',e.get('status'),'script=',e.get('pm_exec_path'),'cwd=',e.get('pm_cwd'))
#   except Exception as ex: print('err',ex)"
#   echo
#   echo "### Quien escucha en :4080"
#   ss -ltnp 2>/dev/null | grep 4080 || echo "(nada en 4080)"

# ───── output ─────
## host: ubuntu-4gb-nbg1-2  date: 2026-06-28T01:38:01-03:00

### Buscando source de intensa-api
dirs intensa-api: /root/secretaria/ops/backend/intensa-api

### Archivos que mencionan 'stripe' (case-insensitive, sin node_modules):

### Refs a env vars de Stripe / webhook secret en el código:
/root/secretaria/ops/backend/intensa-api/routes/webhook.js:20:    const secret = process.env.LEMON_WEBHOOK_SECRET;
/root/secretaria/ops/backend/intensa-api/routes/signup.js:13:const LIM_IP    = { max: Number(process.env.SIGNUP_LIM_IP || 5),    ventanaMs: 60 * 60_000 }; // 5/h por IP
/root/secretaria/ops/backend/intensa-api/routes/signup.js:14:const LIM_ID    = { max: Number(process.env.SIGNUP_LIM_ID || 3),    ventanaMs: 60 * 60_000 }; // 3/h por email|wa
/root/secretaria/ops/backend/intensa-api/routes/signup.js:15:const LIM_GLOBAL= { max: Number(process.env.SIGNUP_LIM_GLOBAL || 60), ventanaMs: 60 * 60_000 }; // 60/h total
/root/secretaria/ops/backend/intensa-api/lib/codes.js:56:      const throttleMs = Number(process.env.SIGNUP_REENVIO_THROTTLE_S || 60) * 1000;

### Keys del /root/secretaria/.env-intensa-api (valores enmascarados):
INTENSA_API_PORT=<set>
INTENSA_API_HOST=<set>
CONTROL_DB=<set>
ARCHIVE_DB=<set>
INTENSA_API_SECRET=<set>
INTENSA_LANDING_BASE=<set>
LEMON_API_KEY=<set>
LEMON_WEBHOOK_SECRET=<set>
LEMON_BUY_BASE=<set>
LEMON_TEST_MODE=<set>
TURNSTILE_SITE_KEY=<set>
TURNSTILE_SECRET_KEY=<set>
INSTANCES_BOOTSTRAP_FILE=<set>

### Otros .env* en /root/secretaria (nombres):
-rw-------+ 1 root root 1676 May 19 14:06 /root/secretaria/.env-intensa-api

### pm2 list:
maria-paez status= online script= /root/secretaria/index.js cwd= /root/secretaria
intensa-api status= online script= /root/secretaria/ops/backend/intensa-api/index.js cwd= /root/secretaria

### Quien escucha en :4080
LISTEN 0      511        127.0.0.1:4080       0.0.0.0:*    users:(("node /root/secr",pid=135410,fd=32))                                              

# exit=0
