# ejecutado: 2026-06-21T12:53:01-03:00
# host: ubuntu-4gb-nbg1-2
# instancia: maria-paez
# script:
#   #!/bin/bash
#   set +e
#   DB="${MARIA_DB:-/root/secretaria/state/maria-paez/db/maria.sqlite}"
#   CONF=/root/secretaria/config/instances/maria-paez.conf
#   echo "=== overrides de recordatorios en el .conf ==="
#   grep -iE "RECORDATORIO|TAREA|CONSULTA" "$CONF" 2>/dev/null || echo "(ninguno → usa defaults: consulta 2h/3h, tarea 24h/24h, loop 30min)"
#   echo; echo "=== recordatorios enviados a Diego, últimos 3 días (tag + hora) — vía pm2 log ==="
#   pm2 logs maria-paez --lines 600 --nostream 2>/dev/null | grep -iE "recordatorios/Diego|tareas? abiertas|Te debo consulta" | tail -30
#   echo; echo "=== mensajes 'tareas abiertas' salientes en la DB (frecuencia real) ==="
#   sqlite3 -cmd ".mode list" "$DB" "SELECT substr(timestamp,1,16)||' | '||substr(cuerpo,1,60) FROM eventos WHERE direccion='saliente' AND (cuerpo LIKE '%tareas%abiertas%' OR cuerpo LIKE '%tarea abiertas%' OR cuerpo LIKE '%Te debo consulta%') ORDER BY timestamp DESC LIMIT 20;" 2>&1

# ───── output ─────
=== overrides de recordatorios en el .conf ===
(ninguno → usa defaults: consulta 2h/3h, tarea 24h/24h, loop 30min)

=== recordatorios enviados a Diego, últimos 3 días (tag + hora) — vía pm2 log ===
0|maria-pa | 2026-06-20 01:45:10: [wa-send] recordatorios/Diego/respuesta_usuario: en silencio (America/Argentina/Buenos_Aires) → diferido #10 hasta las 8h
0|maria-pa | 2026-06-20 01:45:10: [recordatorios/Diego/respuesta_usuario] en silencio → diferido (1)
0|maria-pa | 2026-06-20 02:45:10: [wa-send] recordatorios/Diego/manual: en silencio (America/Argentina/Buenos_Aires) → diferido #11 hasta las 8h
0|maria-pa | 2026-06-20 02:45:10: [recordatorios/Diego/manual] en silencio → diferido (7)
0|maria-pa | 2026-06-20 05:15:10: [wa-send] recordatorios/Diego/respuesta_usuario: en silencio (America/Argentina/Buenos_Aires) → diferido #12 hasta las 8h
0|maria-pa | 2026-06-20 05:15:10: [recordatorios/Diego/respuesta_usuario] en silencio → diferido (1)
0|maria-pa | 2026-06-20 08:00:10: [diferidos] ✓ #10 drenado → 34342575317160@lid (recordatorios/Diego/respuesta_usuario)
0|maria-pa | 2026-06-20 08:00:10: [diferidos] ✓ #11 drenado → 34342575317160@lid (recordatorios/Diego/manual)
0|maria-pa | 2026-06-20 08:00:10: [diferidos] ✓ #12 drenado → 34342575317160@lid (recordatorios/Diego/respuesta_usuario)
0|maria-pa | 2026-06-20 08:15:10: [recordatorios/Diego/respuesta_usuario] ping → 34342575317160@lid (1)
0|maria-pa | 2026-06-21 02:52:09: [wa-send] recordatorios/Diego/manual: en silencio (America/Argentina/Buenos_Aires) → diferido #13 hasta las 8h
0|maria-pa | 2026-06-21 02:52:09: [recordatorios/Diego/manual] en silencio → diferido (6)
0|maria-pa | 2026-06-21 08:02:09: [diferidos] ✓ #13 drenado → 34342575317160@lid (recordatorios/Diego/manual)

=== mensajes 'tareas abiertas' salientes en la DB (frecuencia real) ===
2026-06-21 11:02 | Recordatorio — tenés 6 tareas abiertas 📝

1. iProt Seguridad
2026-06-20 11:15 | Te debo consulta sobre algo pendiente 👇

1. Confirmarle a Sa
2026-06-20 11:00 | Te debo consulta sobre algo pendiente 👇

1. Confirmarle a Sa
2026-06-20 11:00 | Recordatorio — tenés 7 tareas abiertas 📝

1. iProt Seguridad
2026-06-20 11:00 | Te debo consulta sobre algo pendiente 👇

1. Confirmarle a Sa
2026-06-19 11:01 | Recordatorio — tenés 6 tareas abiertas 📝

1. iProt Seguridad
2026-06-18 11:01 | Recordatorio — tenés 5 tareas abiertas 📝

1. iProt Seguridad
2026-06-17 11:01 | Recordatorio — tenés 4 tareas abiertas 📝

1. iProt Seguridad
2026-06-16 20:38 | Te debo consulta sobre algo pendiente 👇

1. Confirmarle a Má
2026-06-16 17:08 | Te debo consulta sobre algo pendiente 👇

1. Confirmarle a Má
2026-06-16 13:38 | Te debo consulta sobre algo pendiente 👇

1. Confirmarle a Má
2026-06-16 11:03 | Te debo consulta sobre algo pendiente 👇

1. Confirmarle a Má
2026-06-16 11:03 | Recordatorio — tenés 4 tareas abiertas 📝

1. iProt Seguridad
2026-06-16 11:03 | Te debo consulta sobre algo pendiente 👇

1. Confirmarle a Má
2026-06-16 11:03 | Te debo consulta sobre algo pendiente 👇

1. Confirmarle a Má
2026-06-16 01:08 | Te debo consulta sobre algo pendiente 👇

1. Confirmarle a Má
2026-06-15 22:08 | Te debo consulta sobre algo pendiente 👇

1. Confirmarle a Má
2026-06-15 18:38 | Te debo consulta sobre algo pendiente 👇

1. Confirmarle a Má
2026-06-15 15:08 | Te debo consulta sobre algo pendiente 👇

1. Confirmarle a Má
2026-06-15 11:03 | Recordatorio — tenés 4 tareas abiertas 📝

1. iProt Seguridad

# exit=0
