# ejecutado: 2026-07-06T08:13:02-03:00
# host: ubuntu-4gb-nbg1-2
# instancia: maria-paez
# script:
#   #!/bin/bash
#   cd /root/secretaria
#   echo "── 1. estado general ──"
#   pm2 jlist 2>/dev/null | python3 -c "import json,sys; [print(p['name'], p['pm2_env']['status'], 'restarts='+str(p['pm2_env']['restart_time'])) for p in json.load(sys.stdin) if p['name']=='maria-paez']"
#   grep -E "WA ready|catch-up" ~/.pm2/logs/maria-paez-out.log | tail -6
#   echo ""
#   echo "── 2. el brief de las 4am: qué pasó ──"
#   grep -E "morning-brief|wa-send|fallback|TELEGRAM|telegram" ~/.pm2/logs/maria-paez-out.log | grep -E "^2026-07-06 0[4-7]" | head -15
#   grep -E "^2026-07-06 0[4-7]" ~/.pm2/logs/maria-paez-error.log | grep -viE "MODO DEGRADADO" | head -10
#   echo ""
#   echo "── 3. envíos del brief hoy en la DB ──"
#   node -e "
#   const db = require('/root/secretaria/node_modules/better-sqlite3')(process.env.MARIA_DB, {readonly:true});
#   const rows = db.prepare(\"SELECT timestamp, canal, substr(cuerpo,1,50) c, json_extract(metadata_json,'\$.tag') tag FROM eventos WHERE direccion='saliente' AND timestamp >= '2026-07-06 06:00:00' AND (cuerpo LIKE '%rief%' OR json_extract(metadata_json,'\$.tag') LIKE '%brief%') ORDER BY id\").all();
#   console.log(JSON.stringify(rows, null, 1));
#   db.close();
#   "
#   echo LISTO

# ───── output ─────
── 1. estado general ──
maria-paez online restarts=173
2026-07-06 07:06:53: ✅ [WA ready] Maria conectada
2026-07-06 07:07:08: [WA catch-up] buscando entrantes desde 2026-07-05T14:55:55.000Z…
2026-07-06 07:07:08: [WA catch-up] 9 candidatos → proceso 9 (viejo→nuevo)
2026-07-06 07:07:26: [WA catch-up] terminado
2026-07-06 07:12:02: ✅ [WA ready] Maria conectada
2026-07-06 07:12:02: [WA ready] re-emitido (reconexión) — loops ya activos, no re-inicializo

── 2. el brief de las 4am: qué pasó ──
2026-07-06 06:51:05: ▸ arrancando telegram-handler (canal de respaldo, long polling)
2026-07-06 07:01:07: ▸ arrancando telegram-handler (canal de respaldo, long polling)
2026-07-06 07:01:07: ▸ arrancando morning-brief (por usuario, ventana 4h)
2026-07-06 07:01:07: [morning-brief] activo, ventana 4h, cada usuario en su tz
2026-07-06 07:04:06: ▸ arrancando telegram-handler (canal de respaldo, long polling)
2026-07-06 07:06:53: ▸ arrancando morning-brief (por usuario, ventana 4h)
2026-07-06 07:06:53: [morning-brief] activo, ventana 4h, cada usuario en su tz
2026-07-06 07:07:53: [morning-brief/Diego] ✓ enviado a 34342575317160@lid
2026-07-06 07:07:54: [morning-brief/Hernan Fulco] ✓ enviado a 137456250806423@lid
2026-07-06 07:07:54: [morning-brief/Natali Funez] ✓ enviado a 232637088149596@lid
2026-07-06 07:07:54: [morning-brief/Fernando Boero] ✓ enviado a 5491166903856@c.us
2026-07-06 07:07:54: [morning-brief/Doris Capurro] ✓ enviado a 105171031949561@lid
2026-07-06 07:07:55: [morning-brief/Nicolas Kosinski] ✓ enviado a 227143674011812@lid
2026-07-06 07:07:55: [morning-brief/Walter Vera] ✓ enviado a 5491138433288@c.us
2026-07-06 07:07:55: [morning-brief/Sebastian Ameijeira] ✓ enviado a 5491163004389@c.us
2026-07-06 04:00:21: [morning-brief/Diego] no hay waClient — salteo
2026-07-06 04:01:21: [morning-brief/Diego] no hay waClient — salteo
2026-07-06 04:02:21: [morning-brief/Diego] no hay waClient — salteo
2026-07-06 04:03:21: [morning-brief/Diego] no hay waClient — salteo
2026-07-06 04:04:21: [morning-brief/Diego] no hay waClient — salteo
2026-07-06 04:05:21: [morning-brief/Diego] no hay waClient — salteo
2026-07-06 04:06:21: [morning-brief/Diego] no hay waClient — salteo
2026-07-06 04:07:21: [morning-brief/Diego] no hay waClient — salteo
2026-07-06 04:08:21: [morning-brief/Diego] no hay waClient — salteo
2026-07-06 04:09:21: [morning-brief/Diego] no hay waClient — salteo

── 3. envíos del brief hoy en la DB ──
[
 {
  "timestamp": "2026-07-06 10:07:53",
  "canal": "whatsapp",
  "c": "☀️ *Buen día, Diego.* lunes, 6 de julio.\n\n*🌡️ Clim",
  "tag": "morning-brief/Diego"
 },
 {
  "timestamp": "2026-07-06 10:07:54",
  "canal": "whatsapp",
  "c": "☀️ *Buen día, Hernan Fulco.* lunes, 6 de julio.\n\n*",
  "tag": "morning-brief/Hernan Fulco"
 },
 {
  "timestamp": "2026-07-06 10:07:54",
  "canal": "whatsapp",
  "c": "☀️ *Buen día, Natali Funez.* lunes, 6 de julio.\n\n*",
  "tag": "morning-brief/Natali Funez"
 },
 {
  "timestamp": "2026-07-06 10:07:54",
  "canal": "whatsapp",
  "c": "☀️ *Buen día, Fernando Boero.* lunes, 6 de julio.\n",
  "tag": "morning-brief/Fernando Boero"
 },
 {
  "timestamp": "2026-07-06 10:07:54",
  "canal": "whatsapp",
  "c": "☀️ *Buen día, Doris Capurro.* lunes, 6 de julio.\n\n",
  "tag": "morning-brief/Doris Capurro"
 },
 {
  "timestamp": "2026-07-06 10:07:55",
  "canal": "whatsapp",
  "c": "☀️ *Buen día, Nicolas Kosinski.* lunes, 6 de julio",
  "tag": "morning-brief/Nicolas Kosinski"
 },
 {
  "timestamp": "2026-07-06 10:07:55",
  "canal": "whatsapp",
  "c": "☀️ *Buen día, Walter Vera.* lunes, 6 de julio.\n\n*🌡",
  "tag": "morning-brief/Walter Vera"
 },
 {
  "timestamp": "2026-07-06 10:07:55",
  "canal": "whatsapp",
  "c": "☀️ *Buen día, Sebastian Ameijeira.* lunes, 6 de ju",
  "tag": "morning-brief/Sebastian Ameijeira"
 },
 {
  "timestamp": "2026-07-06 10:07:56",
  "canal": "whatsapp",
  "c": "☀️ *Buen día, Enrique Sosa.* lunes, 6 de julio.\n\n*",
  "tag": "morning-brief/Enrique Sosa"
 },
 {
  "timestamp": "2026-07-06 10:07:56",
  "canal": "whatsapp",
  "c": "☀️ *Buen día, Santiago Capurro.* lunes, 6 de julio",
  "tag": "morning-brief/Santiago Capurro"
 },
 {
  "timestamp": "2026-07-06 10:07:58",
  "canal": "whatsapp",
  "c": "☀️ *Buen día, Andres Neumann.* lunes, 6 de julio.\n",
  "tag": "morning-brief/Andres Neumann"
 },
 {
  "timestamp": "2026-07-06 10:07:58",
  "canal": "whatsapp",
  "c": "☀️ *Buen día, Gabriela Echaniz.* lunes, 6 de julio",
  "tag": "morning-brief/Gabriela Echaniz"
 },
 {
  "timestamp": "2026-07-06 10:07:58",
  "canal": "whatsapp",
  "c": "☀️ *Buen día, Jaime Cibils.* lunes, 6 de julio.\n\n*",
  "tag": "morning-brief/Jaime Cibils"
 },
 {
  "timestamp": "2026-07-06 10:08:00",
  "canal": "whatsapp",
  "c": "☀️ *Buen día, Alfonso Amat.* lunes, 6 de julio.\n\n*",
  "tag": "morning-brief/Alfonso Amat"
 }
]
LISTO

# exit=0
