# ejecutado: 2026-05-19T12:09:02-03:00
# host: ubuntu-4gb-nbg1-2
# instancia: maria-paez
# script:
#   #!/bin/bash
#   # Diagnóstico — por qué L0001 no redirige.
#   set +e
#   VHOST=/etc/nginx/sites-available/intensa.io.conf
#   
#   echo "═══ Líneas relevantes del vhost ═══"
#   grep -nE "location|L0001|server_name" "$VHOST" | head -20
#   
#   echo
#   echo "═══ Test curl detallado contra localhost ═══"
#   curl -sk -v -o /dev/null --resolve intensa.io:443:127.0.0.1 https://intensa.io/L0001/ 2>&1 | grep -E "HTTP/|Location|< X|Host:" | head -10
#   
#   echo
#   echo "═══ pgrep nginx + uptime workers (verifica que el reload corrió) ═══"
#   pgrep -a nginx | head -5
#   
#   echo
#   echo "═══ Forzar reload (extra reload por las dudas) ═══"
#   nginx -t 2>&1 | tail -3
#   systemctl reload nginx
#   sleep 1
#   systemctl is-active nginx
#   
#   echo
#   echo "═══ Retry curl ==="
#   curl -sk -o /dev/null -w "HTTP %{http_code}  Location: %{redirect_url}\n" -I https://intensa.io/L0001/

# ───── output ─────
═══ Líneas relevantes del vhost ═══
6:    server_name intensa.io www.intensa.io;
19:    location ~* \.(css|js|svg|png|jpg|jpeg|webp|woff2?)$ {
25:    location = /L0001/ { return 301 /maria/; }
26:    location = /L0001 { return 301 /maria/; }
28:    location / {
56:    server_name intensa.io www.intensa.io;

═══ Test curl detallado contra localhost ═══
* using HTTP/1.x
> GET /L0001/ HTTP/1.1
> Host: intensa.io
< HTTP/1.1 301 Moved Permanently
< Location: https://intensa.io/maria/

═══ pgrep nginx + uptime workers (verifica que el reload corrió) ═══
600305 nginx: master process /usr/sbin/nginx -g daemon on; master_process on;
1372057 nginx: worker process
1372058 nginx: worker process

═══ Forzar reload (extra reload por las dudas) ═══
2026/05/19 12:09:02 [warn] 1372214#1372214: duplicate MIME type "text/html" in /etc/nginx/sites-enabled/intensa.io.conf:15
nginx: the configuration file /etc/nginx/nginx.conf syntax is ok
nginx: configuration file /etc/nginx/nginx.conf test is successful
active

═══ Retry curl ===
HTTP 301  Location: https://intensa.io/maria/

# exit=0
