# ejecutado: 2026-06-11T18:00:01-03:00
# host: ubuntu-4gb-nbg1-2
# instancia: maria-paez
# script:
#   #!/bin/bash
#   set -u
#   C=/root/secretaria/state/control/control.sqlite
#   echo "== signup_pending =="
#   sqlite3 -line "$C" "SELECT id,nombre,email,wa,signup_token IS NOT NULL AS tok,creado,expira_en FROM signup_pending;"
#   echo "== clientes (ultimos 3) =="
#   sqlite3 -line "$C" "SELECT id,nombre,email,estado,creado FROM clientes ORDER BY id DESC LIMIT 3;"
#   echo "== out-log intensa-api de HOY =="
#   grep "2026-06-11" /root/.pm2/logs/intensa-api-out.log 2>/dev/null | tail -25
#   echo "== error-log de HOY =="
#   grep "2026-06-11" /root/.pm2/logs/intensa-api-error.log 2>/dev/null | tail -10

# ───── output ─────
== signup_pending ==
       id = 10
   nombre = Juan Perez
    email = juan.perez@gmail.com
       wa = 16464256178
      tok = 0
   creado = 2026-06-11 20:49:42
expira_en = 2026-06-11T20:59:42.613Z

       id = 11
   nombre = Rodrigo Paez
    email = rpc@sondeos.com.ar
       wa = 5491157276026
      tok = 1
   creado = 2026-06-11 20:53:36
expira_en = 2026-06-11 21:25:29
== clientes (ultimos 3) ==
    id = 1
nombre = Diego
 email = diego@paez.is
estado = active
creado = 2026-05-19 20:31:02
== out-log intensa-api de HOY ==
2026-06-11 06:42:28: [db] control=/root/secretaria/state/control/control.sqlite  archive=/root/secretaria/state/control/archive.sqlite
2026-06-11 06:42:28: [instances] 1 ya cargadas en DB, skip bootstrap
2026-06-11 06:42:28: [intensa-api] escuchando en http://127.0.0.1:4080
2026-06-11 06:42:28: [intensa-api] CONTROL_DB=/root/secretaria/state/control/control.sqlite
2026-06-11 06:42:28: [intensa-api] instancias activas: maria-paez
2026-06-11 14:50:03: [intensa-api] SIGINT recibido, cerrando…
2026-06-11 14:50:04: [db] migración: portal_otp.proposito agregada
2026-06-11 14:50:04: [db] control=/root/secretaria/state/control/control.sqlite  archive=/root/secretaria/state/control/archive.sqlite
2026-06-11 14:50:04: [instances] 1 ya cargadas en DB, skip bootstrap
2026-06-11 14:50:04: [intensa-api] escuchando en http://127.0.0.1:4080
2026-06-11 14:50:04: [intensa-api] CONTROL_DB=/root/secretaria/state/control/control.sqlite
2026-06-11 14:50:04: [intensa-api] instancias activas: maria-paez
2026-06-11 17:46:02: [intensa-api] SIGINT recibido, cerrando…
2026-06-11 17:46:02: [db] control=/root/secretaria/state/control/control.sqlite  archive=/root/secretaria/state/control/archive.sqlite
2026-06-11 17:46:02: [instances] 1 ya cargadas en DB, skip bootstrap
2026-06-11 17:46:02: [intensa-api] escuchando en http://127.0.0.1:4080
2026-06-11 17:46:02: [intensa-api] CONTROL_DB=/root/secretaria/state/control/control.sqlite
2026-06-11 17:46:02: [intensa-api] instancias activas: maria-paez
2026-06-11 17:46:05: [2026-06-11T20:46:05.273Z] GET /health → 200 7ms
2026-06-11 17:48:30: [2026-06-11T20:48:30.055Z] GET /webhook → 404 2ms
2026-06-11 17:49:42: [codes] signup_pending id=10 email=juan.perez@gmail.com wa=16464256178
2026-06-11 17:49:42: [2026-06-11T20:49:42.625Z] POST /start → 200 28ms
2026-06-11 17:53:36: [codes] signup_pending id=11 email=rpc@sondeos.com.ar wa=5491157276026
2026-06-11 17:53:36: [2026-06-11T20:53:36.929Z] POST /start → 200 4ms
2026-06-11 17:55:29: [2026-06-11T20:55:29.909Z] POST /verify → 200 3ms
== error-log de HOY ==
2026-06-11 17:55:29: [signup/verify] LEMON_PRODUCT_VARIANT_ID o LEMON_BUY_BASE no configurado — devolviendo URL de placeholder

# exit=0
