# ejecutado: 2026-07-03T17:49:01-03:00
# host: ubuntu-4gb-nbg1-2
# instancia: maria-paez
# script:
#   #!/bin/bash
#   # Diagnóstico de contactos duplicados en TODAS las libretas. SOLO LECTURA.
#   # No imprime teléfonos/emails completos (el outbox va a git): muestra
#   # nombre + últimos 4 dígitos/dominio.
#   node - <<'NODE'
#   const db = require('/root/secretaria/node_modules/better-sqlite3')(process.env.MARIA_DB, { readonly: true });
#   const norm = s => String(s || '').toLowerCase().normalize('NFD').replace(/[̀-ͯ]/g, '').replace(/\s+/g, ' ').trim();
#   const digitos = s => String(s || '').replace(/\D/g, '');
#   const rows = db.prepare(`SELECT id, usuario_id, nombre, whatsapp, email, visibilidad, notas IS NOT NULL AND notas != '' AS tiene_notas, cumple, perfil_web IS NOT NULL AS tiene_perfil FROM contactos ORDER BY usuario_id, id`).all();
#   const usuarios = Object.fromEntries(db.prepare(`SELECT id, nombre FROM usuarios`).all().map(u => [u.id, u.nombre]));
#   console.log(`total contactos: ${rows.length}`);
#   const grupos = new Map(); // clave -> [rows]
#   for (const r of rows) {
#     const scope = r.visibilidad === 'publica' ? 'PUB' : `u${r.usuario_id}`;
#     const claves = [];
#     if (r.email) claves.push(`${scope}|email|${norm(r.email)}`);
#     const d = digitos(r.whatsapp);
#     if (d.length >= 8) claves.push(`${scope}|tel|${d.slice(-10)}`); // sufijo 10 (banca 9-AR)
#     claves.push(`${scope}|nombre|${norm(r.nombre)}`);
#     for (const k of claves) {
#       if (!grupos.has(k)) grupos.set(k, new Set());
#       grupos.get(k).add(r.id);
#     }
#   }
#   const porId = Object.fromEntries(rows.map(r => [r.id, r]));
#   const dupSets = new Map(); // firma del set -> {claves, ids}
#   for (const [k, ids] of grupos) {
#     if (ids.size < 2) continue;
#     const firma = [...ids].sort((a,b)=>a-b).join(',');
#     if (!dupSets.has(firma)) dupSets.set(firma, { claves: [], ids: [...ids] });
#     dupSets.get(firma).claves.push(k.split('|')[1]);
#   }
#   if (!dupSets.size) { console.log('SIN DUPLICADOS 🎉'); process.exit(0); }
#   console.log(`grupos duplicados: ${dupSets.size}\n`);
#   for (const [firma, g] of dupSets) {
#     const ej = porId[g.ids[0]];
#     const scope = ej.visibilidad === 'publica' ? 'PÚBLICA' : `libreta de ${usuarios[ej.usuario_id] || ej.usuario_id}`;
#     console.log(`── [${g.claves.join('+')}] en ${scope} ──`);
#     for (const id of g.ids) {
#       const r = porId[id];
#       const tel = digitos(r.whatsapp); 
#       console.log(`  id=${id} "${r.nombre}" tel=${tel ? '…'+tel.slice(-4) : '—'} email=${r.email ? '…@'+String(r.email).split('@')[1] : '—'} vis=${r.visibilidad} notas=${r.tiene_notas?'sí':'no'} cumple=${r.cumple||'—'} perfil=${r.tiene_perfil?'sí':'no'}`);
#     }
#   }
#   db.close();
#   NODE
#   echo LISTO

# ───── output ─────
total contactos: 205
grupos duplicados: 6

── [tel] en libreta de Diego ──
  id=38 "Narda Comedor" tel=…0664 email=— vis=privada notas=sí cumple=— perfil=no
  id=40 "5491161310664" tel=…0664 email=— vis=privada notas=no cumple=— perfil=no
── [nombre] en libreta de Diego ──
  id=70 "Ruben Ward" tel=…4727 email=…@sondeosglobal.com vis=privada notas=no cumple=— perfil=sí
  id=73 "Rubén Ward" tel=…7499 email=…@sondeos.com.ar vis=privada notas=sí cumple=1975-03-08 perfil=sí
── [email] en libreta de Diego ──
  id=97 "Guillermo (TQA)" tel=— email=…@thequantumalliance.com vis=privada notas=sí cumple=— perfil=sí
  id=275 "Guillermo Bagnato" tel=…3680 email=…@thequantumalliance.com vis=privada notas=no cumple=— perfil=sí
── [tel] en libreta de Diego ──
  id=258 "Claudio Cid" tel=…4111 email=— vis=privada notas=no cumple=— perfil=no
  id=259 "Laura Acera" tel=…4111 email=— vis=privada notas=no cumple=— perfil=no
── [nombre] en libreta de Natali Funez ──
  id=112 "Hernán Arcidiacono" tel=— email=…@iplan.com.ar vis=privada notas=sí cumple=— perfil=sí
  id=114 "Hernan Arcidiacono" tel=…5106 email=— vis=privada notas=no cumple=— perfil=no
── [nombre] en libreta de Natali Funez ──
  id=230 "Damián Maldini" tel=— email=…@iplan.com.ar vis=privada notas=sí cumple=— perfil=sí
  id=231 "Damian Maldini" tel=…3537 email=— vis=privada notas=no cumple=— perfil=no
LISTO

# exit=0
