# ejecutado: 2026-05-17T19:30:01-03:00
# host: ubuntu-4gb-nbg1-2
# instancia: maria-paez
# script:
#   #!/bin/bash
#   set +e
#   DB="/root/secretaria/state/maria-paez/db/maria.sqlite"
#   
#   echo "═══ pm2 status ═══"
#   pm2 jlist 2>/dev/null | python3 -c 'import sys,json; d=[x for x in json.load(sys.stdin) if x["name"]=="maria-paez"]; r=d[0] if d else None; print("pid:", r["pid"], "restart:", r["pm2_env"]["restart_time"], "uptime_ms:", r["pm2_env"]["pm_uptime"]) if r else print("no")'
#   
#   echo ""
#   echo "═══ ¿código vivo tiene el fix? ═══"
#   grep -n "_extraerVCards\|_manejarVCards" /root/secretaria/whatsapp-handler.js | head -5
#   grep -n "DIAG vcard" /root/secretaria/whatsapp-handler.js | head -3
#   
#   echo ""
#   echo "═══ pm2 logs últimas 300 — Acerbo / Acero / Acevedo ═══"
#   pm2 logs maria-paez --lines 600 --nostream 2>&1 | grep -iE "acerbo|acero|acevedo|vcard|multi_vcard" | tail -50
#   
#   echo ""
#   echo "═══ Eventos sistema 'contacto vcard' últimos 10 min ═══"
#   sqlite3 -header -column "$DB" "SELECT datetime(timestamp), substr(cuerpo,1,200) AS msg FROM eventos WHERE canal='sistema' AND cuerpo LIKE '%contacto vcard%' AND timestamp >= datetime('now','-10 minutes') ORDER BY timestamp ASC;"
#   
#   echo ""
#   echo "═══ Eventos canal=whatsapp últimas 10 min (a Maria) ═══"
#   sqlite3 -header -column "$DB" "SELECT datetime(timestamp), direccion, tipo_original, substr(de,1,25) AS de, LENGTH(cuerpo) AS body_len, substr(cuerpo,1,80) AS body FROM eventos WHERE canal='whatsapp' AND timestamp >= datetime('now','-10 minutes') ORDER BY timestamp ASC LIMIT 20;"

# ───── output ─────
═══ pm2 status ═══
pid: 967644 restart: 39 uptime_ms: 1779056462331

═══ ¿código vivo tiene el fix? ═══
285:  const vcardBodies = _extraerVCards(msg);
289:    return await _manejarVCards(client, msg, usuario, vcardBodies);
708:function _extraerVCards(msg) {
718:async function _manejarVCards(client, msg, usuario, bodies) {

═══ pm2 logs últimas 300 — Acerbo / Acero / Acevedo ═══
0|maria-pa | 2026-05-17 16:14:01: [memoria-curada] Diego × Agustina Acevedo: nota actualizada (5 eventos nuevos, 2023 chars)
0|maria-pa | 2026-05-17 16:23:04: 📒 [WA vcard/Nicolas Kosinski] Santiago Bonfiglio → 5491128616224@c.us (privado)
0|maria-pa | 2026-05-17 16:26:53: 📒 [WA vcard/Nicolas Kosinski] Seba Pittaluga → 5491151462211@c.us (privado)
0|maria-pa | 2026-05-17 16:32:32: 📒 [WA vcard/Nicolas Kosinski] Cholga → 5491144788271@c.us (privado)
0|maria-pa | 2026-05-17 16:32:47: 📒 [WA vcard/Nicolas Kosinski] Poyo → 5491144096187@c.us (privado)
0|maria-pa | 2026-05-17 16:33:43: 📒 [WA vcard/Nicolas Kosinski] Nicolas Sujoy → 5491155722443@c.us (privado)
0|maria-pa | 2026-05-17 16:33:58: 📒 [WA vcard/Nicolas Kosinski] Kichi → 5491151775195@c.us (privado)
0|maria-pa | 2026-05-17 16:47:01: 📒 [WA vcard/Nicolas Kosinski] Alejandro Saroka → 5491131801917@c.us (privado)
0|maria-pa | 2026-05-17 16:48:56: 📒 [WA vcard/Nicolas Kosinski] Santiago Bonfiglio → 5491128616224@c.us (privado)
0|maria-pa | 2026-05-17 19:15:18: [DIAG vcard] {"type":"multi_vcard","from":"5491132317896@c.us","vCards_len":2,"body_len":0,"body_first200":"","keys":["_data","mediaKey","id","ack","hasMedia","body","type","timestamp","from","to","author","deviceType","isForwarded","forwardingScore","isStatus","isStarred","broadcast","fromMe","hasQuotedMsg","hasReaction","duration","location","vCards","inviteV4","mentionedIds","groupMentions","orderId","token","isGif","isEphemeral","links"]}

═══ Eventos sistema 'contacto vcard' últimos 10 min ═══

═══ Eventos canal=whatsapp últimas 10 min (a Maria) ═══

# exit=0
