# ejecutado: 2026-05-18T09:30:02-03:00
# host: ubuntu-4gb-nbg1-2
# instancia: maria-paez
# script:
#   #!/bin/bash
#   set +e
#   DB="/root/secretaria/state/maria-paez/db/maria.sqlite"
#   
#   echo "═══ Doris en la tabla usuarios ═══"
#   sqlite3 -header "$DB" "SELECT id, nombre, email, wa_lid, wa_cus, calendar_id, calendar_acceso, calendar_provider FROM usuarios WHERE LOWER(nombre) LIKE '%doris%';"
#   
#   echo ""
#   echo "═══ Últimos mensajes a/de Doris (últimas 24h) ═══"
#   sqlite3 -header -column "$DB" "
#   SELECT datetime(timestamp) AS ts, direccion, substr(de,1,25) AS de, substr(cuerpo,1,180) AS msg
#   FROM eventos
#   WHERE canal='whatsapp' AND timestamp >= datetime('now','-24 hours')
#     AND (de LIKE '%5491144471264%' OR usuario_id = (SELECT id FROM usuarios WHERE LOWER(nombre) LIKE '%doris%'))
#   ORDER BY timestamp DESC LIMIT 30;
#   "
#   
#   echo ""
#   echo "═══ Eventos calendar de Doris a través del provider (smoke real) ═══"
#   cd /root/secretaria && node -e "
#   (async () => {
#     const usuarios = require('./usuarios');
#     const providers = require('./providers');
#     const doris = usuarios.listarActivos().find(u => /doris/i.test(u.nombre));
#     if (!doris) { console.log('Doris no encontrada'); process.exit(0); }
#     console.log('Doris:', doris.nombre, 'calendar_id:', doris.calendar_id, 'acceso:', doris.calendar_acceso, 'provider:', doris.calendar_provider);
#     const p = await providers.forUser(doris);
#     console.log('provider kind:', p.kind);
#     try {
#       const eventos = await p.listarEventosDelUsuario(doris, { dias: 14 });
#       console.log('eventos próximos 14 dias:', eventos.length);
#       for (const e of eventos.slice(0, 10)) {
#         console.log('  -', e.start, e.summary);
#       }
#     } catch (err) {
#       console.error('FALLO listar eventos:', err.message);
#     }
#   })();
#   " 2>&1
#   
#   echo ""
#   echo "═══ Cuándo se le mandó morning-brief a Doris hoy ═══"
#   sqlite3 -header -column "$DB" "
#   SELECT datetime(timestamp), substr(cuerpo,1,250) AS msg
#   FROM eventos
#   WHERE canal='whatsapp' AND direccion='saliente' AND timestamp >= datetime('now','-24 hours')
#     AND cuerpo LIKE '%Buen día, Doris%'
#   ORDER BY timestamp DESC LIMIT 5;
#   "

# ───── output ─────
═══ Doris en la tabla usuarios ═══
id|nombre|email|wa_lid|wa_cus|calendar_id|calendar_acceso|calendar_provider
6|Doris Capurro|doris@capurro.com.ar|105171031949561@lid|5491144471264@c.us||none|google

═══ Últimos mensajes a/de Doris (últimas 24h) ═══
ts                   direccion  de                   msg                                            
-------------------  ---------  -------------------  -----------------------------------------------
2026-05-18 10:00:12  saliente   105171031949561@lid  ☀️ *Buen día, Doris Capurro.* lunes 18 de mayo.
                                                                                                    
                                                     *📅 Agenda del día*                             
                                                     (sin eventos hoy)                              

═══ Eventos calendar de Doris a través del provider (smoke real) ═══
Doris: Doris Capurro calendar_id: null acceso: none provider: google
provider kind: google
eventos próximos 14 dias: 0

═══ Cuándo se le mandó morning-brief a Doris hoy ═══
datetime(timestamp)  msg                                            
-------------------  -----------------------------------------------
2026-05-18 10:00:12  ☀️ *Buen día, Doris Capurro.* lunes 18 de mayo.
                                                                    
                     *📅 Agenda del día*                             
                     (sin eventos hoy)                              

# exit=0
