# ejecutado: 2026-07-02T19:02:02-03:00
# host: ubuntu-4gb-nbg1-2
# instancia: maria-paez
# script:
#   #!/bin/bash
#   echo "── contexto del fallo en cron log ──"
#   grep -B2 "canary FALLÓ (82695d85" /root/secretaria/ops/.cron.log | head -12
#   echo ""
#   echo "── /tmp/canary-tick.log (cola) ──"
#   tail -20 /tmp/canary-tick.log 2>/dev/null || echo "(no existe)"
#   echo FIN

# ───── output ─────
── contexto del fallo en cron log ──

Node.js v22.23.1
canary FALLÓ (82695d85e7bb6804906e6ce36cc5f6cc61c66b9e) — NO recargo pm2, prod sigue con la versión anterior en memoria

── /tmp/canary-tick.log (cola) ──
[memory] migracion: usuarios.ubicacion/lat/lon listos
[memory] migración: eventos.tipo agregada, backfill de 0 filas desde metadata_json
[memory] migración: contactos.perfil_web agregado
/root/secretaria/google.js:46
if (!FROM_EMAIL) throw new Error('[google.js] ASISTENTE_FROM_EMAIL no seteado en el .conf de la instancia');
                 ^

Error: [google.js] ASISTENTE_FROM_EMAIL no seteado en el .conf de la instancia
    at Object.<anonymous> (/root/secretaria/google.js:46:24)
    at Module._compile (node:internal/modules/cjs/loader:1781:14)
    at Object..js (node:internal/modules/cjs/loader:1913:10)
    at Module.load (node:internal/modules/cjs/loader:1505:32)
    at Function._load (node:internal/modules/cjs/loader:1309:12)
    at wrapModuleLoad (node:internal/modules/cjs/loader:254:19)
    at Module.require (node:internal/modules/cjs/loader:1527:12)
    at require (node:internal/modules/helpers:147:16)
    at Object.<anonymous> (/root/secretaria/executor.js:13:13)
    at Module._compile (node:internal/modules/cjs/loader:1781:14)

Node.js v22.23.1
FIN

# exit=0
