# ejecutado: 2026-05-15T14:03:02-03:00
# host: ubuntu-4gb-nbg1-2
# instancia: maria-paez
# script:
#   #!/bin/bash
#   # Investigar por qué Maria no pudo enviar WA a La Cabrera Palermo
#   set +e
#   DB=/root/secretaria/state/maria-paez/db/maria.sqlite
#   
#   echo "═══ 1) Contacto La Cabrera en la libreta ═══"
#   sqlite3 -header -column "$DB" "
#   SELECT id, nombre, whatsapp, email, usuario_id, visibilidad, notas, creado
#   FROM contactos
#   WHERE nombre LIKE '%abrera%' OR whatsapp LIKE '%6820%' OR whatsapp LIKE '%4013%'
#   "
#   
#   echo ""
#   echo "═══ 2) Eventos relacionados con La Cabrera ═══"
#   sqlite3 -header -column "$DB" "
#   SELECT id, timestamp, canal, direccion, substr(de||' '||nombre,1,30) AS quien,
#          substr(COALESCE(cuerpo,''),1,140) AS cuerpo
#   FROM eventos
#   WHERE cuerpo LIKE '%Cabrera%' OR cuerpo LIKE '%6820%' OR cuerpo LIKE '%4013%' OR de LIKE '%6820%' OR de LIKE '%4013%'
#     AND timestamp >= '2026-05-15 13:40'
#   ORDER BY id ASC
#   LIMIT 30
#   "
#   
#   echo ""
#   echo "═══ 3) Logs pm2 con error de envío post 13:40 ═══"
#   pm2 logs maria-paez --lines 2000 --nostream 2>&1 | sed -n '/13:40/,$p' | grep -iE 'cabrera|6820|4013|enviar_wa|enviar falló|no pude mandar|destinatario|libreta|wid|registered|invalid_grant|calendar' | head -50
#   
#   echo ""
#   echo "═══ 4) Acciones ejecutadas ventana 13:40-13:50 (canal sistema) ═══"
#   sqlite3 -header -column "$DB" "
#   SELECT id, timestamp, substr(cuerpo,1,200) AS cuerpo
#   FROM eventos
#   WHERE canal='sistema' AND direccion='interno'
#     AND timestamp >= '2026-05-15 13:40' AND timestamp <= '2026-05-15 13:50'
#   ORDER BY id ASC
#   LIMIT 50
#   "

# ───── output ─────
═══ 1) Contacto La Cabrera en la libreta ═══
id   nombre              whatsapp            email  usuario_id  visibilidad  notas                                                                                           creado             
---  ------------------  ------------------  -----  ----------  -----------  ----------------------------------------------------------------------------------------------  -------------------
239  La Cabrera Palermo  5491168204013@c.us         1           privada      Parrilla. José A. Cabrera 5099/5127, Palermo. Tel: 4832-5754. WA reservas: +54 9 11 6820-4013.  2026-05-15 16:41:49

═══ 2) Eventos relacionados con La Cabrera ═══
id    timestamp            canal     direccion  quien                           cuerpo                                                                                                                                      
----  -------------------  --------  ---------  ------------------------------  --------------------------------------------------------------------------------------------------------------------------------------------
4275  2026-05-15 16:39:38  whatsapp  entrante   206489209823301@lid Gabriel AR  La cabrera ?                                                                                                                                

4277  2026-05-15 16:40:04  whatsapp  saliente   34342575317160@lid Diego        Gabriel propone La Cabrera para el almuerzo del viernes 22. ¿Te parece bien? Si confirmás, hago la reserva para dos personas a las 13hs y ag

4281  2026-05-15 16:41:04  whatsapp  entrante   34342575317160@lid Diego        dale, fijate si conseguis online el whatsapp de la cabrera de palermo y reserva ahi                                                         

4283  2026-05-15 16:41:49  whatsapp  saliente   34342575317160@lid Diego        Encontré el WA de La Cabrera Palermo: +54 9 11 6820-4013. Les escribo ahora para reservar mesa para 2 el viernes 22 a las 13hs, y agendo el 

4285  2026-05-15 16:41:49  sistema   interno                                    acción FALLÓ: enviar_wa — No pude mandar WA a 5491168204013@c.us: No LID for user                                                           
                                                                                s (https://static.whatsapp.net/rsrc.php/v4/yI/r/A3PSxQB1RS                                                                                  

4290  2026-05-15 16:45:08  whatsapp  saliente   34342575317160@lid Diego        El número ya quedó guardado en la libreta (La Cabrera Palermo, 5491168204013). El WA de reserva sigue sin poder enviarse desde acá — para co

═══ 3) Logs pm2 con error de envío post 13:40 ═══
0|maria-pa | 2026-05-15 13:40:04: [WA →usr] Diego (34342575317160@lid): Gabriel propone La Cabrera para el almuerzo del viernes 22. ¿Te parece bien? Si confirmás, hago la reserva para dos personas a las 13hs y agendo con invitación 
0|maria-pa | 2026-05-15 13:41:04: [WA ←] Diego (34342575317160@lid): dale, fijate si conseguis online el whatsapp de la cabrera de palermo y reserva ahi
0|maria-pa | 2026-05-15 13:41:49: [WA →usr] Diego (34342575317160@lid): Encontré el WA de La Cabrera Palermo: +54 9 11 6820-4013. Les escribo ahora para reservar mesa para 2 el viernes 22 a las 13hs, y agendo el almuerzo con Gabriel
0|maria-pa | 2026-05-15 13:45:08: [WA →usr] Diego (34342575317160@lid): El número ya quedó guardado en la libreta (La Cabrera Palermo, 5491168204013). El WA de reserva sigue sin poder enviarse desde acá — para confirmar la mesa van 
0|maria-pa | 2026-05-10 11:07:04: [WA alert] no pude mandar mail al owner: ENOENT: no such file or directory, open '/root/secretaria/credentials.json'
0|maria-pa | 2026-05-11 09:17:10: [morning-brief/Doris Capurro] enviar falló: t
0|maria-pa | 2026-05-11 09:18:10: [morning-brief/Doris Capurro] enviar falló: t
0|maria-pa | 2026-05-11 09:19:09: [morning-brief/Doris Capurro] enviar falló: t
0|maria-pa | 2026-05-11 09:20:09: [morning-brief/Doris Capurro] enviar falló: t
0|maria-pa | 2026-05-11 09:21:09: [morning-brief/Doris Capurro] enviar falló: t
0|maria-pa | 2026-05-11 09:22:09: [morning-brief/Doris Capurro] enviar falló: t
0|maria-pa | 2026-05-11 09:23:09: [morning-brief/Doris Capurro] enviar falló: t
0|maria-pa | 2026-05-11 09:24:09: [morning-brief/Doris Capurro] enviar falló: t
0|maria-pa | 2026-05-11 09:25:10: [morning-brief/Doris Capurro] enviar falló: t
0|maria-pa | 2026-05-11 09:26:09: [morning-brief/Doris Capurro] enviar falló: t
0|maria-pa | 2026-05-11 09:27:10: [morning-brief/Doris Capurro] enviar falló: t
0|maria-pa | 2026-05-11 09:28:09: [morning-brief/Doris Capurro] enviar falló: t
0|maria-pa | 2026-05-11 09:29:09: [morning-brief/Doris Capurro] enviar falló: t
0|maria-pa | 2026-05-11 09:30:09: [morning-brief/Doris Capurro] enviar falló: t
0|maria-pa | 2026-05-11 09:31:09: [morning-brief/Doris Capurro] enviar falló: t
0|maria-pa | 2026-05-11 09:32:09: [morning-brief/Doris Capurro] enviar falló: t
0|maria-pa | 2026-05-11 09:33:09: [morning-brief/Doris Capurro] enviar falló: t
0|maria-pa | 2026-05-11 09:34:09: [morning-brief/Doris Capurro] enviar falló: t
0|maria-pa | 2026-05-11 09:35:09: [morning-brief/Doris Capurro] enviar falló: t
0|maria-pa | 2026-05-11 09:36:09: [morning-brief/Doris Capurro] enviar falló: t
0|maria-pa | 2026-05-11 09:37:09: [morning-brief/Doris Capurro] enviar falló: t
0|maria-pa | 2026-05-11 09:39:10: [morning-brief/Doris Capurro] enviar falló: t
0|maria-pa | 2026-05-11 09:40:10: [morning-brief/Doris Capurro] enviar falló: t
0|maria-pa | 2026-05-11 09:41:09: [morning-brief/Doris Capurro] enviar falló: t
0|maria-pa | 2026-05-11 09:42:09: [morning-brief/Doris Capurro] enviar falló: t
0|maria-pa | 2026-05-11 09:43:10: [morning-brief/Doris Capurro] enviar falló: t
0|maria-pa | 2026-05-11 09:44:10: [morning-brief/Doris Capurro] enviar falló: t
0|maria-pa | 2026-05-11 09:45:10: [morning-brief/Doris Capurro] enviar falló: t
0|maria-pa | 2026-05-11 09:46:10: [morning-brief/Doris Capurro] enviar falló: t
0|maria-pa | 2026-05-11 09:47:10: [morning-brief/Doris Capurro] enviar falló: t
0|maria-pa | 2026-05-11 09:48:10: [morning-brief/Doris Capurro] enviar falló: t
0|maria-pa | 2026-05-11 09:49:10: [morning-brief/Doris Capurro] enviar falló: t
0|maria-pa | 2026-05-11 09:50:10: [morning-brief/Doris Capurro] enviar falló: t
0|maria-pa | 2026-05-11 09:51:10: [morning-brief/Doris Capurro] enviar falló: t
0|maria-pa | 2026-05-11 09:52:10: [morning-brief/Doris Capurro] enviar falló: t
0|maria-pa | 2026-05-11 09:53:10: [morning-brief/Doris Capurro] enviar falló: t
0|maria-pa | 2026-05-11 09:54:10: [morning-brief/Doris Capurro] enviar falló: t
0|maria-pa | 2026-05-11 09:55:09: [morning-brief/Doris Capurro] enviar falló: t
0|maria-pa | 2026-05-11 09:56:10: [morning-brief/Doris Capurro] enviar falló: t
0|maria-pa | 2026-05-11 09:57:10: [morning-brief/Doris Capurro] enviar falló: t
0|maria-pa | 2026-05-11 09:58:10: [morning-brief/Doris Capurro] enviar falló: t
0|maria-pa | 2026-05-11 09:59:10: [morning-brief/Doris Capurro] enviar falló: t
0|maria-pa | 2026-05-11 10:00:09: [morning-brief/Doris Capurro] enviar falló: t
0|maria-pa | 2026-05-11 10:01:10: [morning-brief/Doris Capurro] enviar falló: t
0|maria-pa | 2026-05-11 10:02:10: [morning-brief/Doris Capurro] enviar falló: t

═══ 4) Acciones ejecutadas ventana 13:40-13:50 (canal sistema) ═══

# exit=0
