# ejecutado: 2026-05-26T09:50:01-03:00
# host: ubuntu-4gb-nbg1-2
# instancia: maria-paez
# script:
#   #!/bin/bash
#   # Diagnóstico: por qué el token nuevo (post-cambio de mail) falla auth en un
#   # proceso standalone aunque el smoke atómico minutos atrás funcionó.
#   set -uo pipefail
#   cd /root/secretaria
#   STATE="/root/secretaria/state/maria-paez"
#   
#   echo "── 1. files del state ──"
#   ls -la "$STATE" | grep -E 'token\.json|\.enc' || true
#   
#   echo
#   echo "── 2. shape del token cifrado actual ──"
#   node -e "
#   const v = require('./vault');
#   const fs = require('fs');
#   const enc = '/root/secretaria/state/maria-paez/token.json.enc';
#   try {
#     const t = v.descifrarArchivo(enc);
#     console.log('refresh_token   :', t.refresh_token ? 'presente (' + t.refresh_token.length + ' chars)' : 'AUSENTE');
#     console.log('access_token    :', t.access_token  ? 'presente (' + t.access_token.length  + ' chars)' : 'AUSENTE');
#     console.log('scope           :', t.scope || '(missing)');
#     console.log('token_type      :', t.token_type);
#     console.log('expiry_date     :', t.expiry_date, '(now=' + Date.now() + ', expirado=' + (t.expiry_date && t.expiry_date < Date.now()) + ')');
#     console.log('id_token        :', t.id_token ? 'presente' : 'no');
#     console.log('keys            :', Object.keys(t).join(', '));
#   } catch (e) {
#     console.log('ERROR descifrando:', e.message);
#   }
#   "
#   
#   echo
#   echo "── 3. intento refresh manual del access_token con googleapis ──"
#   node -e "
#   const { google } = require('googleapis');
#   const fs = require('fs');
#   const v = require('./vault');
#   
#   const creds = JSON.parse(fs.readFileSync('/root/secretaria/state/maria-paez/credentials.json'));
#   const info = creds.installed || creds.web;
#   const cli = new google.auth.OAuth2(info.client_id, info.client_secret, info.redirect_uris[0]);
#   
#   const tok = v.descifrarArchivo('/root/secretaria/state/maria-paez/token.json.enc');
#   cli.setCredentials(tok);
#   
#   cli.refreshAccessToken((err, newTok) => {
#     if (err) {
#       console.log('REFRESH FALLÓ:', err.message);
#       console.log('Detalle:', err.response && err.response.data);
#       return;
#     }
#     console.log('REFRESH OK. nuevo access_token len:', newTok.access_token && newTok.access_token.length);
#     console.log('scope devuelto:', newTok.scope);
#     console.log('expiry_date   :', newTok.expiry_date);
#   });
#   "

# ───── output ─────
── 1. files del state ──
-rw-------  1 root root  760 May 26 09:36 token.json.enc
-rw-------  1 root root  760 May 17 21:19 token.json.enc.bak.20260526T093602
-rw-------  1 root root  760 May 26 09:36 token.json.enc.bak.2026-05-26T1236

── 2. shape del token cifrado actual ──
refresh_token   : presente (103 chars)
access_token    : presente (253 chars)
scope           : https://www.googleapis.com/auth/calendar https://www.googleapis.com/auth/gmail.modify
token_type      : Bearer
expiry_date     : 1779802563082 (now=1779799801924, expirado=false)
id_token        : no
keys            : access_token, refresh_token, scope, token_type, expiry_date

── 3. intento refresh manual del access_token con googleapis ──
REFRESH FALLÓ: invalid_grant
Detalle: {
  error: 'invalid_grant',
  error_description: 'Token has been expired or revoked.'
}

# exit=0
