# ejecutado: 2026-06-12T22:51:01-03:00
# host: ubuntu-4gb-nbg1-2
# instancia: maria-paez
# script:
#   #!/bin/bash
#   # Diagnóstico deliverability intensa.io — SPF/DKIM/DMARC/MX
#   for q in "intensa.io TXT" "_dmarc.intensa.io TXT" "google._domainkey.intensa.io TXT" "intensa.io MX"; do
#     set -- $q
#     echo "== $1 $2"
#     dig +short "$1" "$2" 2>&1
#   done
#   echo "== selector default._domainkey"
#   dig +short default._domainkey.intensa.io TXT 2>&1
#   echo "== headers de un mail reciente enviado (si hay logs)"
#   echo "(n/a - revisar en gmail)"

# ───── output ─────
== intensa.io TXT
"google-site-verification=B0LctmZdHgKm9FqfnySkjFRitCWhaICg1_uiQPt_obg"
"google-site-verification=sctmL4m3awXrVx0XTn1qcwKjz-RFoxzqMtwvVBlu6o8"
== _dmarc.intensa.io TXT
"v=DMARC1; p=quarantine; adkim=r; aspf=r; rua=mailto:dmarc_rua@onsecureserver.net;"
== google._domainkey.intensa.io TXT
== intensa.io MX
1 aspmx.l.google.com.
5 alt1.aspmx.l.google.com.
5 alt2.aspmx.l.google.com.
10 alt3.aspmx.l.google.com.
10 alt4.aspmx.l.google.com.
== selector default._domainkey
== headers de un mail reciente enviado (si hay logs)
(n/a - revisar en gmail)

# exit=0
