# ejecutado: 2026-06-10T13:25:01-03:00
# host: ubuntu-4gb-nbg1-2
# instancia: maria-paez
# script:
#   #!/bin/bash
#   # inbox: pm2 save + reboot del VPS (3 kernels pendientes desde hace 53 días).
#   # El reboot se lanza con delay para que este output llegue al outbox antes.
#   set -u
#   echo "== procesos pm2 actuales =="
#   pm2 jlist | python3 -c "
#   import json, sys
#   for p in json.load(sys.stdin):
#       print('-', p.get('name'), p.get('pm2_env', {}).get('status'))
#   "
#   echo "== pm2 save =="
#   pm2 save
#   echo "== reboot en 30s (deja que el cron pushee este output) =="
#   nohup bash -c 'sleep 30; /sbin/reboot' >/dev/null 2>&1 &
#   disown
#   echo "reboot programado"

# ───── output ─────
== procesos pm2 actuales ==
- maria-paez online
- intensa-api online
== pm2 save ==
[PM2] Saving current process list...
[PM2] Successfully saved in /root/.pm2/dump.pm2
== reboot en 30s (deja que el cron pushee este output) ==
reboot programado

# exit=0
