# ejecutado: 2026-05-17T20:50:02-03:00
# host: ubuntu-4gb-nbg1-2
# instancia: maria-paez
# script:
#   #!/bin/bash
#   set -e
#   cd /root/secretaria
#   
#   echo "═══ Desinstalar tsdav 2.x ═══"
#   npm uninstall tsdav 2>&1 | tail -5
#   
#   echo ""
#   echo "═══ Instalar tsdav@1.1.6 (CJS) ═══"
#   npm install tsdav@1.1.6 --save 2>&1 | tail -10
#   
#   echo ""
#   echo "═══ Versión instalada + shape ═══"
#   node -e "
#   const p = require('./node_modules/tsdav/package.json');
#   console.log('version:', p.version);
#   console.log('main:', p.main);
#   console.log('type:', p.type || '(implícito CJS)');
#   console.log('module:', p.module || '-');
#   console.log('exports keys:', Object.keys(p.exports || {}).slice(0,5).join(', '));
#   "
#   
#   echo ""
#   echo "═══ Smoke: require + dynamic import ═══"
#   node -e "
#   (async () => {
#     try {
#       // Test 1: directo via require (más rápido si funciona)
#       try {
#         const direct = require('tsdav');
#         console.log('require directo OK, exports:', Object.keys(direct).filter(k => /Client|fetch/.test(k)).slice(0,8).join(', '));
#       } catch (eDir) {
#         console.log('require directo falló:', eDir.message);
#       }
#       // Test 2: dynamic import (que es lo que usa caldav.js)
#       const dyn = await import('tsdav');
#       console.log('dynamic import OK, exports:', Object.keys(dyn).filter(k => /Client|fetch/.test(k)).slice(0,8).join(', '));
#       // Test 3: el provider de Maria carga
#       const c = require('./providers/caldav');
#       console.log('providers/caldav OK,', Object.keys(c).length, 'exports');
#       const p = require('./providers');
#       console.log('providers/index OK,', Object.keys(p).join(', '));
#     } catch (err) {
#       console.error('FALLO:', err.message);
#       process.exit(1);
#     }
#   })();
#   "

# ───── output ─────
═══ Desinstalar tsdav 2.x ═══

43 packages are looking for funding
  run `npm fund` for details

found 0 vulnerabilities

═══ Instalar tsdav@1.1.6 (CJS) ═══

11 vulnerabilities (5 low, 1 moderate, 5 high)

To address issues that do not require attention, run:
  npm audit fix

To address all issues (including breaking changes), run:
  npm audit fix --force

Run `npm audit` for details.

═══ Versión instalada + shape ═══
version: 1.1.6
main: dist/tsdav.cjs.js
type: (implícito CJS)
module: dist/tsdav.esm.js
exports keys: 

═══ Smoke: require + dynamic import ═══
require directo OK, exports: DAVClient, createDAVClient, fetchAddressBooks, fetchCalendarObjects, fetchCalendars, fetchOauthTokens, fetchVCards
dynamic import OK, exports: DAVClient, createDAVClient, fetchAddressBooks, fetchCalendarObjects, fetchCalendars, fetchOauthTokens, fetchVCards
providers/caldav OK, 16 exports
providers/index OK, forUser, forMaria

# exit=0
