# ejecutado: 2026-06-14T11:07:02-03:00
# host: ubuntu-4gb-nbg1-2
# instancia: maria-paez
# script:
#   #!/bin/bash
#   set +e
#   cd /root/secretaria || exit 1
#   cat > /tmp/dump-usuarios.js <<'JS'
#   const mem = require('/root/secretaria/memory');
#   const cols = mem.db.prepare("PRAGMA table_info(usuarios)").all().map(c=>c.name);
#   console.log('COLUMNAS ('+cols.length+'): '+cols.join(', '));
#   const rows = mem.db.prepare("SELECT * FROM usuarios ORDER BY id").all();
#   console.log('TOTAL FILAS: '+rows.length+'\n');
#   const mask = (k,v) => {
#     if (v === null || v === undefined) return '∅';
#     if (k === 'calendar_auth_json') return '<cifrado '+String(v).length+'b>';
#     let s = String(v);
#     if (s.length > 60) s = s.slice(0,57)+'…';
#     return s;
#   };
#   for (const r of rows) {
#     console.log('───────────────────────────────────────────');
#     for (const k of cols) console.log('  '+k.padEnd(20)+': '+mask(k, r[k]));
#   }
#   JS
#   node /tmp/dump-usuarios.js 2>&1
#   rm -f /tmp/dump-usuarios.js

# ───── output ─────
COLUMNAS (25): id, nombre, wa_lid, wa_cus, email, calendar_id, rol, tz, brief_hora, brief_minuto, activo, creado, actualizado, calendar_acceso, calendar_provider, calendar_auth_json, bienvenida_enviada, lemon_customer_id, lemon_subscription_id, cliente_id, brief_activo, ubicacion, lat, lon, servido
TOTAL FILAS: 16

───────────────────────────────────────────
  id                  : 1
  nombre              : Diego
  wa_lid              : 34342575317160@lid
  wa_cus              : 541132317896@c.us
  email               : diego@paez.is
  calendar_id         : diego@paez.is
  rol                 : owner
  tz                  : America/Argentina/Buenos_Aires
  brief_hora          : 04
  brief_minuto        : 00
  activo              : 1
  creado              : 2026-04-23 14:58:03
  actualizado         : 2026-05-31 14:08:03
  calendar_acceso     : write
  calendar_provider   : google
  calendar_auth_json  : ∅
  bienvenida_enviada  : 1
  lemon_customer_id   : 8763200
  lemon_subscription_id: 2170223
  cliente_id          : 1
  brief_activo        : 1
  ubicacion           : Buenos Aires, AR
  lat                 : -34.61315
  lon                 : -58.37723
  servido             : 1
───────────────────────────────────────────
  id                  : 2
  nombre              : Hernan Fulco
  wa_lid              : 137456250806423@lid
  wa_cus              : 5491126829596@c.us
  email               : hernan.fulco@sondeosglobal.com
  calendar_id         : hernan.fulco@sondeosglobal.com
  rol                 : usuario
  tz                  : America/Argentina/Buenos_Aires
  brief_hora          : 07
  brief_minuto        : 00
  activo              : 1
  creado              : 2026-04-23 18:10:30
  actualizado         : 2026-06-01 10:00:10
  calendar_acceso     : write
  calendar_provider   : google
  calendar_auth_json  : ∅
  bienvenida_enviada  : 1
  lemon_customer_id   : ∅
  lemon_subscription_id: ∅
  cliente_id          : ∅
  brief_activo        : 1
  ubicacion           : Buenos Aires, AR
  lat                 : -34.61315
  lon                 : -58.37723
  servido             : 1
───────────────────────────────────────────
  id                  : 3
  nombre              : Natali Funez
  wa_lid              : 232637088149596@lid
  wa_cus              : 5491150105262@c.us
  email               : nfunez@iplan.com.ar
  calendar_id         : ∅
  rol                 : usuario
  tz                  : America/Argentina/Buenos_Aires
  brief_hora          : 07
  brief_minuto        : 00
  activo              : 1
  creado              : 2026-05-07 00:53:40
  actualizado         : 2026-06-01 10:00:17
  calendar_acceso     : none
  calendar_provider   : google
  calendar_auth_json  : ∅
  bienvenida_enviada  : 1
  lemon_customer_id   : ∅
  lemon_subscription_id: ∅
  cliente_id          : ∅
  brief_activo        : 1
  ubicacion           : Buenos Aires, AR
  lat                 : -34.61315
  lon                 : -58.37723
  servido             : 1
───────────────────────────────────────────
  id                  : 4
  nombre              : Fernando Boero
  wa_lid              : ∅
  wa_cus              : 5491166903856@c.us
  email               : ∅
  calendar_id         : ∅
  rol                 : usuario
  tz                  : America/Argentina/Buenos_Aires
  brief_hora          : 07
  brief_minuto        : 00
  activo              : 1
  creado              : 2026-05-07 01:16:14
  actualizado         : 2026-06-01 10:00:23
  calendar_acceso     : none
  calendar_provider   : google
  calendar_auth_json  : ∅
  bienvenida_enviada  : 1
  lemon_customer_id   : ∅
  lemon_subscription_id: ∅
  cliente_id          : ∅
  brief_activo        : 1
  ubicacion           : Buenos Aires, AR
  lat                 : -34.61315
  lon                 : -58.37723
  servido             : 1
───────────────────────────────────────────
  id                  : 5
  nombre              : Santiago Bignone
  wa_lid              : ∅
  wa_cus              : 5491134274828@c.us
  email               : santiagocbignone@gmail.com
  calendar_id         : santiagocbignone@gmail.com
  rol                 : usuario
  tz                  : America/Argentina/Buenos_Aires
  brief_hora          : 07
  brief_minuto        : 00
  activo              : 1
  creado              : 2026-05-10 00:12:52
  actualizado         : 2026-05-20 12:06:02
  calendar_acceso     : none
  calendar_provider   : google
  calendar_auth_json  : ∅
  bienvenida_enviada  : 1
  lemon_customer_id   : ∅
  lemon_subscription_id: ∅
  cliente_id          : ∅
  brief_activo        : 0
  ubicacion           : Buenos Aires, AR
  lat                 : ∅
  lon                 : ∅
  servido             : 1
───────────────────────────────────────────
  id                  : 6
  nombre              : Doris Capurro
  wa_lid              : 105171031949561@lid
  wa_cus              : 5491144471264@c.us
  email               : doris@capurro.com.ar
  calendar_id         : doris@capurro.com.ar
  rol                 : usuario
  tz                  : America/Argentina/Buenos_Aires
  brief_hora          : 07
  brief_minuto        : 00
  activo              : 1
  creado              : 2026-05-11 12:16:31
  actualizado         : 2026-06-01 10:12:51
  calendar_acceso     : write
  calendar_provider   : google
  calendar_auth_json  : ∅
  bienvenida_enviada  : 1
  lemon_customer_id   : ∅
  lemon_subscription_id: ∅
  cliente_id          : ∅
  brief_activo        : 1
  ubicacion           : Buenos Aires, AR
  lat                 : -34.61315
  lon                 : -58.37723
  servido             : 1
───────────────────────────────────────────
  id                  : 7
  nombre              : Nicolas Kosinski
  wa_lid              : 227143674011812@lid
  wa_cus              : 5491150080522@c.us
  email               : nkosinski@froneus.com
  calendar_id         : ∅
  rol                 : usuario
  tz                  : America/Argentina/Buenos_Aires
  brief_hora          : 07
  brief_minuto        : 00
  activo              : 1
  creado              : 2026-05-13 12:42:02
  actualizado         : 2026-06-01 10:00:29
  calendar_acceso     : none
  calendar_provider   : google
  calendar_auth_json  : ∅
  bienvenida_enviada  : 1
  lemon_customer_id   : ∅
  lemon_subscription_id: ∅
  cliente_id          : ∅
  brief_activo        : 1
  ubicacion           : Buenos Aires, AR
  lat                 : -34.61315
  lon                 : -58.37723
  servido             : 1
───────────────────────────────────────────
  id                  : 8
  nombre              : Walter Vera
  wa_lid              : ∅
  wa_cus              : 5491138433288@c.us
  email               : wvera@froneus.com
  calendar_id         : ∅
  rol                 : usuario
  tz                  : America/Argentina/Buenos_Aires
  brief_hora          : 07
  brief_minuto        : 00
  activo              : 1
  creado              : 2026-05-13 12:43:02
  actualizado         : 2026-06-01 10:00:32
  calendar_acceso     : none
  calendar_provider   : google
  calendar_auth_json  : ∅
  bienvenida_enviada  : 1
  lemon_customer_id   : ∅
  lemon_subscription_id: ∅
  cliente_id          : ∅
  brief_activo        : 1
  ubicacion           : Buenos Aires, AR
  lat                 : -34.61315
  lon                 : -58.37723
  servido             : 1
───────────────────────────────────────────
  id                  : 9
  nombre              : Cristian Ruiz
  wa_lid              : ∅
  wa_cus              : 5491126406612@c.us
  email               : cruiz@froneus.com
  calendar_id         : ∅
  rol                 : usuario
  tz                  : America/Argentina/Buenos_Aires
  brief_hora          : 09
  brief_minuto        : 15
  activo              : 1
  creado              : 2026-05-13 12:47:11
  actualizado         : 2026-06-10 15:27:02
  calendar_acceso     : none
  calendar_provider   : google
  calendar_auth_json  : ∅
  bienvenida_enviada  : 1
  lemon_customer_id   : ∅
  lemon_subscription_id: ∅
  cliente_id          : ∅
  brief_activo        : 1
  ubicacion           : Buenos Aires, AR
  lat                 : -34.61315
  lon                 : -58.37723
  servido             : 1
───────────────────────────────────────────
  id                  : 10
  nombre              : Sebastian Ameijeira
  wa_lid              : ∅
  wa_cus              : 5491163004389@c.us
  email               : sameijeira@froneus.com
  calendar_id         : ∅
  rol                 : usuario
  tz                  : America/Argentina/Buenos_Aires
  brief_hora          : 07
  brief_minuto        : 00
  activo              : 1
  creado              : 2026-05-15 14:00:32
  actualizado         : 2026-06-01 10:00:36
  calendar_acceso     : none
  calendar_provider   : google
  calendar_auth_json  : ∅
  bienvenida_enviada  : 1
  lemon_customer_id   : ∅
  lemon_subscription_id: ∅
  cliente_id          : ∅
  brief_activo        : 1
  ubicacion           : Buenos Aires, AR
  lat                 : -34.61315
  lon                 : -58.37723
  servido             : 1
───────────────────────────────────────────
  id                  : 11
  nombre              : Rubén Ward
  wa_lid              : ∅
  wa_cus              : 5491154024727@c.us
  email               : ruben.ward@sondeosglobal.com
  calendar_id         : ∅
  rol                 : usuario
  tz                  : America/Argentina/Buenos_Aires
  brief_hora          : 07
  brief_minuto        : 00
  activo              : 1
  creado              : 2026-05-15 20:47:13
  actualizado         : 2026-05-28 18:22:02
  calendar_acceso     : none
  calendar_provider   : google
  calendar_auth_json  : ∅
  bienvenida_enviada  : 1
  lemon_customer_id   : ∅
  lemon_subscription_id: ∅
  cliente_id          : ∅
  brief_activo        : 0
  ubicacion           : Buenos Aires, AR
  lat                 : ∅
  lon                 : ∅
  servido             : 1
───────────────────────────────────────────
  id                  : 12
  nombre              : Enrique Sosa
  wa_lid              : ∅
  wa_cus              : 59899643028@c.us
  email               : enrique.sosa@globalnetmobile.com
  calendar_id         : ∅
  rol                 : usuario
  tz                  : America/Argentina/Buenos_Aires
  brief_hora          : 07
  brief_minuto        : 00
  activo              : 1
  creado              : 2026-05-17 20:13:05
  actualizado         : 2026-06-01 10:00:38
  calendar_acceso     : none
  calendar_provider   : google
  calendar_auth_json  : ∅
  bienvenida_enviada  : 1
  lemon_customer_id   : ∅
  lemon_subscription_id: ∅
  cliente_id          : ∅
  brief_activo        : 1
  ubicacion           : Buenos Aires, AR
  lat                 : -34.61315
  lon                 : -58.37723
  servido             : 1
───────────────────────────────────────────
  id                  : 13
  nombre              : Santiago Capurro
  wa_lid              : 134076010885285@lid
  wa_cus              : 5491166010010@c.us
  email               : santiago@capurro.com.ar
  calendar_id         : santiago@capurro.com.ar
  rol                 : usuario
  tz                  : America/Argentina/Buenos_Aires
  brief_hora          : 07
  brief_minuto        : 00
  activo              : 1
  creado              : 2026-05-21 13:12:26
  actualizado         : 2026-06-01 10:00:40
  calendar_acceso     : write
  calendar_provider   : google
  calendar_auth_json  : ∅
  bienvenida_enviada  : 1
  lemon_customer_id   : ∅
  lemon_subscription_id: ∅
  cliente_id          : ∅
  brief_activo        : 1
  ubicacion           : Buenos Aires, AR
  lat                 : -34.61315
  lon                 : -58.37723
  servido             : 1
───────────────────────────────────────────
  id                  : 14
  nombre              : Facundo Diaz
  wa_lid              : 76429043695623@lid
  wa_cus              : 14242831584@c.us
  email               : f@q99.ai
  calendar_id         : ∅
  rol                 : usuario
  tz                  : America/Argentina/Buenos_Aires
  brief_hora          : 07
  brief_minuto        : 00
  activo              : 1
  creado              : 2026-05-21 22:44:48
  actualizado         : 2026-06-01 10:00:41
  calendar_acceso     : none
  calendar_provider   : google
  calendar_auth_json  : ∅
  bienvenida_enviada  : 1
  lemon_customer_id   : ∅
  lemon_subscription_id: ∅
  cliente_id          : ∅
  brief_activo        : 1
  ubicacion           : Buenos Aires, AR
  lat                 : -34.61315
  lon                 : -58.37723
  servido             : 1
───────────────────────────────────────────
  id                  : 15
  nombre              : Guillermo Bagnato
  wa_lid              : 114207659921663@lid
  wa_cus              : ∅
  email               : g@thequantumalliance.com
  calendar_id         : ∅
  rol                 : usuario
  tz                  : America/Argentina/Buenos_Aires
  brief_hora          : 07
  brief_minuto        : 00
  activo              : 1
  creado              : 2026-05-21 22:44:49
  actualizado         : 2026-06-01 10:00:43
  calendar_acceso     : none
  calendar_provider   : google
  calendar_auth_json  : ∅
  bienvenida_enviada  : 1
  lemon_customer_id   : ∅
  lemon_subscription_id: ∅
  cliente_id          : ∅
  brief_activo        : 1
  ubicacion           : Buenos Aires, AR
  lat                 : -34.61315
  lon                 : -58.37723
  servido             : 1
───────────────────────────────────────────
  id                  : 16
  nombre              : Andres Neumann
  wa_lid              : ∅
  wa_cus              : 5491164719969@c.us
  email               : andres@nomada.com
  calendar_id         : ∅
  rol                 : usuario
  tz                  : America/Argentina/Buenos_Aires
  brief_hora          : 07
  brief_minuto        : 00
  activo              : 1
  creado              : 2026-05-29 16:58:43
  actualizado         : 2026-06-01 10:00:44
  calendar_acceso     : none
  calendar_provider   : google
  calendar_auth_json  : ∅
  bienvenida_enviada  : 0
  lemon_customer_id   : ∅
  lemon_subscription_id: ∅
  cliente_id          : ∅
  brief_activo        : 1
  ubicacion           : Buenos Aires, AR
  lat                 : -34.61315
  lon                 : -58.37723
  servido             : 1

# exit=0
