# ejecutado: 2026-07-07T09:00:02-03:00
# host: ubuntu-4gb-nbg1-2
# instancia: maria-paez
# script:
#   #!/bin/bash
#   # Email de contingencia WA a usuarios activos servidos (menos el owner).
#   # Texto aprobado por Diego 2026-07-05. Output sin direcciones completas.
#   cd /root/secretaria
#   node - <<'NODE'
#   (async () => {
#     const usuarios = require('/root/secretaria/usuarios');
#     const g = require('/root/secretaria/google');
#     const mem = require('/root/secretaria/memory');
#     const LINK = 'https://t.me/MariaPaezAI_bot';
#     const es = (n) => ({
#       asunto: 'Maria — cómo contactarme mientras WhatsApp está en mantenimiento',
#       texto: `¡Hola ${n}! Te escribo por acá porque mi WhatsApp está temporalmente en mantenimiento.
#   
#   Mientras tanto, seguí contando conmigo:
#   
#   📧 Por este mismo email — escribime para lo que necesites (agenda, reuniones, recordatorios) y te respondo como siempre.
#   
#   💬 Si preferís chat, tengo un canal en Telegram: entrá a ${LINK}, tocá "Iniciar" y después el botón "Compartir mi número" (con el mismo número que usás en WhatsApp). Diez segundos y quedamos conectados por ahí también.
#   
#   Tus recordatorios y avisos te van a seguir llegando por estos canales hasta que WhatsApp vuelva a la normalidad. ¡Perdón por las molestias!
#   
#   — Maria`,
#     });
#     const en = (n) => ({
#       asunto: 'Maria — how to reach me while WhatsApp is under maintenance',
#       texto: `Hi ${n}! I'm writing here because my WhatsApp is temporarily under maintenance.
#   
#   In the meantime, you can still count on me:
#   
#   📧 Through this same email — write me for anything you need (calendar, meetings, reminders) and I'll reply as always.
#   
#   💬 If you prefer chat, I have a Telegram channel: open ${LINK}, tap "Start" and then the "Share my number" button (with the same number you use on WhatsApp). Ten seconds and we're connected there too.
#   
#   Your reminders and notifications will keep arriving through these channels until WhatsApp is back to normal. Sorry for the inconvenience!
#   
#   — Maria`,
#     });
#     const lista = usuarios.listarServidos().filter(u => u.email && u.rol !== 'owner');
#     let ok = 0, fail = 0;
#     for (const u of lista) {
#       const t = (u.idioma === 'en' ? en : es)(u.nombre.split(' ')[0]);
#       try {
#         await g.enviarEmail({ to: u.email, asunto: t.asunto, texto: t.texto });
#         mem.log({ usuarioId: u.id, canal: 'gmail', direccion: 'saliente', de: u.email,
#           nombre: u.nombre, asunto: t.asunto, cuerpo: t.texto, metadata: { tipo: 'contingencia_wa' } });
#         ok++; console.log(`✓ ${u.nombre} (${u.idioma})`);
#       } catch (e) { fail++; console.log(`✗ ${u.nombre}: ${e.message.slice(0, 80)}`); }
#       await new Promise(r => setTimeout(r, 1500)); // gentil con gmail
#     }
#     console.log(`enviados: ${ok} · fallidos: ${fail} · destinatarios: ${lista.length}`);
#   })().catch(e => { console.error('FALLO:', e.message); process.exit(1); });
#   NODE
#   echo LISTO

# ───── output ─────
✓ Hernan Fulco (es)
✓ Natali Funez (es)
✓ Santiago Bignone (es)
✓ Doris Capurro (es)
✓ Nicolas Kosinski (es)
✓ Walter Vera (es)
✓ Cristian Ruiz (es)
✓ Sebastian Ameijeira (es)
✓ Enrique Sosa (es)
✓ Santiago Capurro (es)
✓ Andres Neumann (es)
✓ Gabriela Echaniz (es)
✓ Jaime Cibils (es)
✓ Alfonso Amat (es)
enviados: 14 · fallidos: 0 · destinatarios: 14
LISTO

# exit=0
