# ejecutado: 2026-05-26T10:32:01-03:00
# host: ubuntu-4gb-nbg1-2
# instancia: maria-paez
# script:
#   #!/bin/bash
#   set -uo pipefail
#   cd /root/secretaria
#   PORT="${ASISTENTE_INTERNAL_PORT:-4501}"
#   SECRET="${ASISTENTE_INTERNAL_SECRET:-}"
#   HDR=()
#   if [ -n "$SECRET" ]; then HDR=(-H "X-Intensa-Secret: $SECRET"); fi
#   
#   # El LID que devolvió validate-wa para el número de Fabio
#   LID="102649869373553@lid"
#   echo "── /lid-info para $LID ──"
#   curl -sS -X POST -H "Content-Type: application/json" "${HDR[@]}" \
#     -d "{\"lid\":\"${LID}\"}" \
#     "http://127.0.0.1:${PORT}/lid-info" | python3 -m json.tool

# ───── output ─────
── /lid-info para 102649869373553@lid ──
{
    "ok": true,
    "lid": "102649869373553@lid",
    "contact": {
        "id": {
            "server": "c.us",
            "user": "5493492580906",
            "_serialized": "5493492580906@c.us"
        },
        "number": "102649869373553",
        "type": "in",
        "isBusiness": false,
        "isWAContact": true,
        "isMyContact": false,
        "isUser": true
    },
    "getNumberIdReverse": {
        "error": "t"
    }
}

# exit=0
