# ejecutado: 2026-05-19T14:40:02-03:00
# host: ubuntu-4gb-nbg1-2
# instancia: maria-paez
# script:
#   #!/bin/bash
#   set +e
#   echo "═══ 1. Verificar .env-intensa-api tiene Turnstile keys ═══"
#   grep -E "^TURNSTILE" /root/secretaria/.env-intensa-api | sed 's/=.*/=***/'
#   
#   echo
#   echo "═══ 2. pm2 delete intensa-api + start fresh (forzar re-lectura del .env) ═══"
#   pm2 delete intensa-api 2>&1 | tail -3
#   pm2 start /root/secretaria/ecosystem.config.js --only intensa-api 2>&1 | tail -3
#   pm2 save 2>&1 | tail -2
#   sleep 5
#   
#   echo
#   echo "═══ 3. Verificar env real cargado en pm2 ═══"
#   pm2 jlist 2>/dev/null | python3 -c "
#   import json, sys
#   ps = json.load(sys.stdin)
#   for p in ps:
#       if p['name'] == 'intensa-api':
#           env = p['pm2_env']
#           print(f\"  TURNSTILE_SITE_KEY = {env.get('TURNSTILE_SITE_KEY','(no seteado)')[:18]}…\" if env.get('TURNSTILE_SITE_KEY') else '  TURNSTILE_SITE_KEY = (no seteado)')
#           print(f\"  TURNSTILE_SECRET_KEY = {(env.get('TURNSTILE_SECRET_KEY','') or '(no)')[:18]}…\")
#           print(f\"  LEMON_WEBHOOK_SECRET = {(env.get('LEMON_WEBHOOK_SECRET','') or '(no)')[:12]}…\")
#           print(f\"  pid={p['pid']}\")
#   "
#   
#   echo
#   echo "═══ 4. Maria pm2 reload (para tomar el fix de internal-api con google.enviarEmail) ═══"
#   pm2 reload ecosystem.config.js --only maria-paez --update-env 2>&1 | tail -3
#   sleep 8
#   
#   echo
#   echo "═══ 5. Smoke test del internal-api (send-email a casilla real con un código fake) ═══"
#   INTERNAL_SECRET=$(grep '^ASISTENTE_INTERNAL_SECRET=' /root/secretaria/config/instances/maria-paez.conf | cut -d= -f2- | tr -d '"')
#   echo "  send-email a diego@paez.is:"
#   curl -s -X POST -H "Content-Type: application/json" -H "X-Intensa-Secret: $INTERNAL_SECRET" \
#     -d '{"to":"diego@paez.is","subject":"[Maria test] verificación de mailing","html":"<p>Soy María. Si te llegó este mail, el internal-api send-email anda 👋</p>"}' \
#     http://127.0.0.1:4501/send-email
#   echo
#   echo "  send-wa al WA de Diego:"
#   curl -s -X POST -H "Content-Type: application/json" -H "X-Intensa-Secret: $INTERNAL_SECRET" \
#     -d '{"to":"5491132317896","body":"[María test internal-api] Si te llegó este mensaje, send-wa anda."}' \
#     http://127.0.0.1:4501/send-wa
#   echo
#   
#   echo
#   echo "═══ 6. Logs intensa-api post-restart ═══"
#   pm2 logs intensa-api --lines 30 --nostream 2>&1 | tail -15
#   
#   echo
#   echo "═══ DONE ═══"

# ───── output ─────
═══ 1. Verificar .env-intensa-api tiene Turnstile keys ═══
TURNSTILE_SITE_KEY=***
TURNSTILE_SECRET_KEY=***

═══ 2. pm2 delete intensa-api + start fresh (forzar re-lectura del .env) ═══
├────┼───────────────┼─────────────┼─────────┼─────────┼──────────┼────────┼──────┼───────────┼──────────┼──────────┼──────────┼──────────┤
│ 0  │ maria-paez    │ default     │ 1.0.0   │ fork    │ 1399411  │ 0s     │ 67   │ online    │ 115.4%   │ 74.2mb   │ root     │ disabled │
└────┴───────────────┴─────────────┴─────────┴─────────┴──────────┴────────┴──────┴───────────┴──────────┴──────────┴──────────┴──────────┘
│ 2  │ intensa-api    │ default     │ 1.0.0   │ fork    │ 1399461  │ 0s     │ 0    │ online    │ 0%       │ 7.8mb    │ root     │ disabled │
│ 0  │ maria-paez     │ default     │ 1.0.0   │ fork    │ 1399411  │ 0s     │ 67   │ online    │ 80%      │ 94.9mb   │ root     │ disabled │
└────┴────────────────┴─────────────┴─────────┴─────────┴──────────┴────────┴──────┴───────────┴──────────┴──────────┴──────────┴──────────┘
[PM2] Saving current process list...
[PM2] Successfully saved in /root/.pm2/dump.pm2

═══ 3. Verificar env real cargado en pm2 ═══
  TURNSTILE_SITE_KEY = 0x4AAAAAADSjZdSiOL…
  TURNSTILE_SECRET_KEY = 0x4AAAAAADSjZXlXB7…
  LEMON_WEBHOOK_SECRET = sfvASFbsfbf5…
  pid=1399461

═══ 4. Maria pm2 reload (para tomar el fix de internal-api con google.enviarEmail) ═══
[PM2] Applying action reloadProcessId on app [maria-paez](ids: [ 0 ])
[PM2] [maria-paez](0) ✓

═══ 5. Smoke test del internal-api (send-email a casilla real con un código fake) ═══
  send-email a diego@paez.is:
{"ok":true}
  send-wa al WA de Diego:
{"ok":true,"sent_to":"34342575317160@lid"}

═══ 6. Logs intensa-api post-restart ═══
2|intensa- | 2026-05-19 14:35:04: [intensa-api] escuchando en http://127.0.0.1:4080
2|intensa- | 2026-05-19 14:35:04: [intensa-api] CONTROL_DB=/root/secretaria/state/control/control.sqlite
2|intensa- | 2026-05-19 14:35:04: [intensa-api] instancias activas: maria-paez
2|intensa- | 2026-05-19 14:36:04: [codes] signup_pending id=2 email=sincal-verify@test.invalid wa=5491777777777
2|intensa- | 2026-05-19 14:36:04: [2026-05-19T17:36:04.797Z] POST /start → 200 17ms
2|intensa- | 2026-05-19 14:36:04: [2026-05-19T17:36:04.840Z] POST /signup/start → 400 1ms
2|intensa- | 2026-05-19 14:37:02: [cuenta/login] identificador desconocido (email): diego@paez.is
2|intensa- | 2026-05-19 14:37:02: [2026-05-19T17:37:02.594Z] POST /login → 200 2ms
2|intensa- | 2026-05-19 14:40:02: [intensa-api] SIGINT recibido, cerrando…
2|intensa- | 2026-05-19 14:40:04: [db] control=/root/secretaria/state/control/control.sqlite  archive=/root/secretaria/state/control/archive.sqlite
2|intensa- | 2026-05-19 14:40:04: [instances] 1 ya cargadas en DB, skip bootstrap
2|intensa- | 2026-05-19 14:40:04: [intensa-api] escuchando en http://127.0.0.1:4080
2|intensa- | 2026-05-19 14:40:04: [intensa-api] CONTROL_DB=/root/secretaria/state/control/control.sqlite
2|intensa- | 2026-05-19 14:40:04: [intensa-api] instancias activas: maria-paez


═══ DONE ═══

# exit=0
