# ejecutado: 2026-05-19T15:39:01-03:00
# host: ubuntu-4gb-nbg1-2
# instancia: maria-paez
# script:
#   #!/bin/bash
#   set +e
#   echo "═══ 1. Restart intensa-api con fix ═══"
#   pm2 restart intensa-api --update-env 2>&1 | tail -3
#   sleep 4
#   
#   echo
#   echo "═══ 2. Test webhook con firma fake (debe responder 401 no 500) ═══"
#   curl -sk -X POST -H "Content-Type: application/json" -H "X-Signature: fake-sig" \
#     -d '{"meta":{"event_name":"test","webhook_id":"test"},"data":{}}' \
#     https://intensa.io/maria/api/webhook -w "\nHTTP %{http_code}\n"
#   
#   echo
#   echo "═══ 3. Test webhook con firma válida (HMAC-SHA256 del body con secret real) ═══"
#   SECRET=$(grep '^LEMON_WEBHOOK_SECRET=' /root/secretaria/.env-intensa-api | cut -d= -f2-)
#   BODY='{"meta":{"event_name":"test_event","webhook_id":"test-manual-001"},"data":{"id":"42","attributes":{}}}'
#   SIG=$(printf '%s' "$BODY" | openssl dgst -sha256 -hmac "$SECRET" | awk '{print $2}')
#   echo "  secret=${SECRET:0:8}... sig=${SIG:0:12}..."
#   curl -sk -X POST -H "Content-Type: application/json" -H "X-Signature: $SIG" \
#     -d "$BODY" https://intensa.io/maria/api/webhook -w "\nHTTP %{http_code}\n"
#   
#   echo
#   echo "═══ 4. Verificar webhook_events tabla post-test ═══"
#   sqlite3 -header -column /root/secretaria/state/control/control.sqlite \
#     "SELECT id, event_name, procesado, COALESCE(error,''), datetime(recibido_en) FROM webhook_events ORDER BY id DESC LIMIT 5;"
#   
#   echo
#   echo "═══ 5. Logs intensa-api post-tests ═══"
#   pm2 logs intensa-api --lines 25 --nostream 2>&1 | tail -15
#   
#   echo
#   echo "═══ 6. Si Diego ya tiene una subscription real en LS, vamos a re-trigerar el webhook ═══"
#   echo "  (esto requiere ir al dashboard LS y hacer click 'Resend' en el webhook fallido)"
#   echo "  Logs de webhooks recientes a /webhook:"
#   pm2 logs intensa-api --lines 200 --nostream 2>&1 | grep "POST /webhook" | tail -10
#   
#   echo
#   echo "═══ DONE ═══"

# ───── output ─────
═══ 1. Restart intensa-api con fix ═══
│ 2  │ intensa-api    │ default     │ 1.0.0   │ fork    │ 1410842  │ 0s     │ 3    │ online    │ 0%       │ 8.1mb    │ root     │ disabled │
│ 0  │ maria-paez     │ default     │ 1.0.0   │ fork    │ 1399645  │ 58m    │ 68   │ online    │ 0%       │ 171.2mb  │ root     │ disabled │
└────┴────────────────┴─────────────┴─────────┴─────────┴──────────┴────────┴──────┴───────────┴──────────┴──────────┴──────────┴──────────┘

═══ 2. Test webhook con firma fake (debe responder 401 no 500) ═══
{"error":"invalid_signature"}
HTTP 401

═══ 3. Test webhook con firma válida (HMAC-SHA256 del body con secret real) ═══
  secret=sfvASFbs... sig=2cda313871bd...
{"ok":true}
HTTP 200

═══ 4. Verificar webhook_events tabla post-test ═══
id  event_name  procesado  COALESCE(error,'')  datetime(recibido_en)
--  ----------  ---------  ------------------  ---------------------
1   test_event  1                              2026-05-19 18:39:06  

═══ 5. Logs intensa-api post-tests ═══
2|intensa- | 2026-05-19 15:33:34: [2026-05-19T18:33:34.547Z] GET /cuenta/me → 401 1ms
2|intensa- | 2026-05-19 15:33:38: [cuenta/login] identificador desconocido (email): diego@paez.is
2|intensa- | 2026-05-19 15:33:38: [2026-05-19T18:33:38.912Z] POST /login → 200 342ms
2|intensa- | 2026-05-19 15:36:02: [2026-05-19T18:36:02.791Z] POST /cuenta/login → 400 35ms
2|intensa- | 2026-05-19 15:39:02: [intensa-api] SIGINT recibido, cerrando…
2|intensa- | 2026-05-19 15:39:02: [db] control=/root/secretaria/state/control/control.sqlite  archive=/root/secretaria/state/control/archive.sqlite
2|intensa- | 2026-05-19 15:39:02: [instances] 1 ya cargadas en DB, skip bootstrap
2|intensa- | 2026-05-19 15:39:02: [intensa-api] escuchando en http://127.0.0.1:4080
2|intensa- | 2026-05-19 15:39:02: [intensa-api] CONTROL_DB=/root/secretaria/state/control/control.sqlite
2|intensa- | 2026-05-19 15:39:02: [intensa-api] instancias activas: maria-paez
2|intensa- | 2026-05-19 15:39:06: [2026-05-19T18:39:06.472Z] POST / → 401 13ms
2|intensa- | 2026-05-19 15:39:06: [webhook] test_event attrs.user_email=undefined signup_token=(none)
2|intensa- | 2026-05-19 15:39:06: [webhook] evento test_event sin handler — guardado y marcado OK
2|intensa- | 2026-05-19 15:39:06: [2026-05-19T18:39:06.529Z] POST / → 200 6ms


═══ 6. Si Diego ya tiene una subscription real en LS, vamos a re-trigerar el webhook ═══
  (esto requiere ir al dashboard LS y hacer click 'Resend' en el webhook fallido)
  Logs de webhooks recientes a /webhook:
2|intensa- | 2026-05-19 15:33:05: [ERROR] POST /webhook: TypeError [ERR_INVALID_ARG_TYPE]: The "data" argument must be of type string or an instance of Buffer, TypedArray, or DataView. Received undefined
2|intensa- | 2026-05-19 15:31:37: [2026-05-19T18:31:37.474Z] POST /webhook → 500 2ms
2|intensa- | 2026-05-19 15:31:39: [2026-05-19T18:31:39.827Z] POST /webhook → 500 2ms
2|intensa- | 2026-05-19 15:31:42: [2026-05-19T18:31:42.911Z] POST /webhook → 500 1ms
2|intensa- | 2026-05-19 15:31:45: [2026-05-19T18:31:45.270Z] POST /webhook → 500 2ms
2|intensa- | 2026-05-19 15:32:08: [2026-05-19T18:32:08.403Z] POST /webhook → 500 1ms
2|intensa- | 2026-05-19 15:32:10: [2026-05-19T18:32:10.756Z] POST /webhook → 500 3ms
2|intensa- | 2026-05-19 15:32:34: [2026-05-19T18:32:34.767Z] POST /webhook → 500 2ms
2|intensa- | 2026-05-19 15:32:40: [2026-05-19T18:32:40.241Z] POST /webhook → 500 1ms
2|intensa- | 2026-05-19 15:33:05: [2026-05-19T18:33:05.691Z] POST /webhook → 500 2ms

═══ DONE ═══

# exit=0
