# ejecutado: 2026-06-30T19:11:01-03:00
# host: ubuntu-4gb-nbg1-2
# instancia: maria-paez
# script:
#   #!/bin/bash
#   set +e
#   DB=/root/secretaria/state/control/control.sqlite
#   Q(){ sqlite3 "$DB" "$1" 2>&1; }
#   echo "=== NOW (server local) ==="; date +"%Y-%m-%d %H:%M:%S %z"
#   echo "=== CUTOFF 7d ==="; sqlite3 "$DB" "SELECT datetime('now','-7 days');"
#   
#   echo; echo "### SIGNUP_PENDING (todo el historico) ###"
#   echo "total_rows|email_verif|wa_verif|ambos_verif|token_emitido"
#   Q "SELECT COUNT(*), SUM(email_verified), SUM(wa_verified), SUM(email_verified=1 AND wa_verified=1), SUM(signup_token IS NOT NULL) FROM signup_pending;"
#   
#   echo; echo "### SIGNUP_PENDING ultimos 7d (por creado) ###"
#   echo "iniciados|email_verif|wa_verif|ambos|token|terminos"
#   Q "SELECT COUNT(*), SUM(email_verified), SUM(wa_verified), SUM(email_verified=1 AND wa_verified=1), SUM(signup_token IS NOT NULL), SUM(terminos_aceptados_en IS NOT NULL) FROM signup_pending WHERE creado >= datetime('now','-7 days');"
#   
#   echo; echo "### SIGNUP_PENDING filas 7d (detalle sin codigos) ###"
#   sqlite3 -header -column "$DB" "SELECT id, substr(email,1,18) email, email_verified ev, wa_verified wv, (signup_token IS NOT NULL) tok, creado, reenviado_en, idioma FROM signup_pending WHERE creado >= datetime('now','-14 days') ORDER BY id DESC;"
#   
#   echo; echo "### CLIENTES (todo) por estado ###"
#   Q "SELECT estado, COUNT(*) FROM clientes GROUP BY estado;"
#   echo "### CLIENTES creados ultimos 7d ###"
#   Q "SELECT COUNT(*) FROM clientes WHERE creado >= datetime('now','-7 days');"
#   echo "### CLIENTES detalle ###"
#   sqlite3 -header -column "$DB" "SELECT id, substr(nombre,1,14) nombre, estado, instancia_slug, (lemon_subscription_id IS NOT NULL) lemon, (stripe_subscription_id IS NOT NULL) stripe, creado FROM clientes ORDER BY id DESC LIMIT 30;"
#   
#   echo; echo "### WEBHOOK_EVENTS por tipo (todo) ###"
#   sqlite3 -column "$DB" "SELECT event_name, COUNT(*) FROM webhook_events GROUP BY event_name ORDER BY 2 DESC;"
#   echo "### WEBHOOK_EVENTS ultimos 7d por tipo ###"
#   sqlite3 -column "$DB" "SELECT event_name, COUNT(*) FROM webhook_events WHERE creado >= datetime('now','-7 days') GROUP BY event_name ORDER BY 2 DESC;" 2>&1
#   
#   echo; echo "### INTENSA-API LOGS: lineas totales ###"
#   wc -l /root/.pm2/logs/intensa-api-out.log 2>&1
#   echo "### grep endpoints (todo el log, conteo por tipo) ###"
#   LOG=/root/.pm2/logs/intensa-api-out.log
#   echo -n "signup/start: "; grep -aciE "signup/start" "$LOG" 2>/dev/null
#   echo -n "signup/verify: "; grep -aciE "signup/verify" "$LOG" 2>/dev/null
#   echo -n "signup/resend|reenviar: "; grep -aciE "signup/(resend|reenviar)" "$LOG" 2>/dev/null
#   echo -n "checkout: "; grep -aciE "checkout" "$LOG" 2>/dev/null
#   echo -n "webhook: "; grep -aciE "/webhook" "$LOG" 2>/dev/null
#   echo "### muestra de lineas de request (ultimas 40 con metodo HTTP) ###"
#   grep -aE "(GET|POST) /" "$LOG" 2>/dev/null | tail -40
#   echo "=== DONE ==="

# ───── output ─────
=== NOW (server local) ===
2026-06-30 19:11:01 -0300
=== CUTOFF 7d ===
2026-06-23 22:11:01

### SIGNUP_PENDING (todo el historico) ###
total_rows|email_verif|wa_verif|ambos_verif|token_emitido
0||||

### SIGNUP_PENDING ultimos 7d (por creado) ###
iniciados|email_verif|wa_verif|ambos|token|terminos
0|||||

### SIGNUP_PENDING filas 7d (detalle sin codigos) ###

### CLIENTES (todo) por estado ###
active|1
cancelled|1
### CLIENTES creados ultimos 7d ###
0
### CLIENTES detalle ###
id  nombre         estado     instancia_slug  lemon  stripe  creado             
--  -------------  ---------  --------------  -----  ------  -------------------
2   Santiago Paez  cancelled  maria-paez      1      1       2026-06-18 01:54:23
1   Diego          active     maria-paez      1      0       2026-05-19 20:31:02

### WEBHOOK_EVENTS por tipo (todo) ###
subscription_updated           11      
subscription_payment_success   6       
subscription_created           2       
invoice.paid                   1       
customer.subscription.deleted  1       
customer.subscription.created  1       
checkout.session.completed     1       
### WEBHOOK_EVENTS ultimos 7d por tipo ###
Error: in prepare, no such column: creado
  CT event_name, COUNT(*) FROM webhook_events WHERE creado >= datetime('now','-7
                                      error here ---^

### INTENSA-API LOGS: lineas totales ###
390 /root/.pm2/logs/intensa-api-out.log
### grep endpoints (todo el log, conteo por tipo) ###
signup/start: 9
signup/verify: 2
signup/resend|reenviar: 0
checkout: 3
webhook: 10
### muestra de lineas de request (ultimas 40 con metodo HTTP) ###
2026-06-11 17:46:05: [2026-06-11T20:46:05.273Z] GET /health → 200 7ms
2026-06-11 17:48:30: [2026-06-11T20:48:30.055Z] GET /webhook → 404 2ms
2026-06-11 17:49:42: [2026-06-11T20:49:42.625Z] POST /start → 200 28ms
2026-06-11 17:53:36: [2026-06-11T20:53:36.929Z] POST /start → 200 4ms
2026-06-11 17:55:29: [2026-06-11T20:55:29.909Z] POST /verify → 200 3ms
2026-06-13 11:38:08: [2026-06-13T14:38:08.791Z] GET /health → 200 6ms
2026-06-17 22:42:47: [2026-06-18T01:42:47.531Z] POST /signup/start → 400 23ms
2026-06-17 22:43:26: [2026-06-18T01:43:26.623Z] POST /signup/start → 400 2ms
2026-06-17 22:52:28: [2026-06-18T01:52:28.469Z] POST /start → 200 497ms
2026-06-17 22:53:25: [2026-06-18T01:53:25.955Z] POST /verify → 200 3ms
2026-06-17 22:54:23: [2026-06-18T01:54:23.680Z] POST / → 200 167ms
2026-06-17 22:54:23: [2026-06-18T01:54:23.833Z] POST / → 200 2ms
2026-06-17 22:55:51: [2026-06-18T01:55:51.923Z] POST / → 200 3ms
2026-06-17 23:21:04: [2026-06-18T02:21:04.801Z] GET /maria/api/health → 404 7ms
2026-06-18 17:57:30: [2026-06-18T20:57:30.198Z] POST / → 200 17ms
2026-06-18 18:58:43: [2026-06-18T21:58:43.280Z] POST / → 200 2ms
2026-06-24 22:55:18: [2026-06-25T01:55:18.930Z] POST / → 200 19ms
2026-06-24 23:55:55: [2026-06-25T02:55:55.317Z] POST / → 200 8ms
2026-06-26 14:57:20: [2026-06-26T17:57:20.834Z] POST / → 200 2ms
2026-06-26 15:32:30: [2026-06-26T18:32:30.069Z] POST / → 200 2ms
2026-06-26 16:32:58: [2026-06-26T19:32:58.135Z] POST / → 200 2ms
2026-06-28 01:43:02: [2026-06-28T04:43:02.894Z] GET / → 404 9ms
2026-06-28 01:44:04: [2026-06-28T04:44:04.954Z] GET / → 404 6ms
2026-06-28 02:17:06: [2026-06-28T05:17:06.734Z] GET /health → 200 6ms
2026-06-28 02:17:06: [2026-06-28T05:17:06.748Z] POST / → 401 6ms
2026-06-29 21:02:10: [2026-06-30T00:02:10.715Z] POST /start → 200 510ms
2026-06-29 21:02:43: [2026-06-30T00:02:43.946Z] POST /verify → 200 690ms
2026-06-29 21:03:27: [2026-06-30T00:03:27.546Z] POST / → 200 3ms
2026-06-29 21:03:27: [2026-06-30T00:03:27.821Z] POST / → 200 6ms
2026-06-29 21:03:27: [2026-06-30T00:03:27.847Z] POST / → 200 439ms
2026-06-29 21:12:30: [2026-06-30T00:12:30.549Z] GET /cuenta/me → 401 10ms
2026-06-29 21:12:55: [2026-06-30T00:12:55.586Z] POST /login → 200 450ms
2026-06-29 21:13:13: [2026-06-30T00:13:13.941Z] POST /verify → 200 3ms
2026-06-29 21:13:14: [2026-06-30T00:13:14.201Z] GET /me → 200 2ms
2026-06-29 21:13:24: [2026-06-30T00:13:24.945Z] POST /portal → 200 342ms
2026-06-29 21:13:46: [2026-06-30T00:13:46.129Z] POST /reauth-code → 200 3ms
2026-06-29 21:14:05: [2026-06-30T00:14:05.778Z] POST /cancel → 200 508ms
2026-06-29 21:14:06: [2026-06-30T00:14:06.253Z] POST / → 200 6ms
2026-06-29 21:14:14: [2026-06-30T00:14:14.142Z] GET /me → 200 1ms
2026-06-29 21:14:18: [2026-06-30T00:14:18.610Z] POST /portal → 200 342ms
=== DONE ===

# exit=0
