=== ultimos 25 eventos que involucran el numero de Gabi (con usuario_id) ===
       id = 12881
       ts = 2026-07-01 12:12:31
    canal = whatsapp
direccion = saliente
      uid = 1
   cuerpo = Ya le escribí a Ana Clara. Todavía no tenemos respuesta, pero en cuanto me conteste te aviso con el día y horario confirmado.

       id = 12879
       ts = 2026-07-01 12:12:00
    canal = whatsapp
direccion = entrante
      uid = 1
   cuerpo = Genial coordina por favor con el día y horario y me decís De ana Clara hay novedades?

       id = 12877
       ts = 2026-07-01 12:11:01
    canal = whatsapp
direccion = entrante
      uid = 1
   cuerpo = Genial coordina por favor con el día y horario y me decís

       id = 12854
       ts = 2026-07-01 12:05:56
    canal = whatsapp
direccion = saliente
      uid = 1
   cuerpo = ¡Hola Gabi! Te aviso que Rodrigo confirmó que acepta la cita este fin de semana. 🙂

       id = 12849
       ts = 2026-07-01 11:59:50
    canal = whatsapp
direccion = entrante
      uid = 1
   cuerpo = dale gracias!

       id = 12842
       ts = 2026-07-01 11:56:40
    canal = whatsapp
direccion = saliente
      uid = 1
   cuerpo = Todavía no, lo hago ahora mismo.

       id = 12839
       ts = 2026-07-01
# exit=0
    canal = gmail
direccion = saliente
      uid = 1
   cuerpo = Hola Ana Clara,  Te escribo de parte de Gabriela Echaniz para coordinar una reunión con vos la semana del 6 de julio.  Los temas a tratar serían: diplomatura en IA, rendición del Fortalecer y Jornadas en Contextos de Enc

       id = 12836
       ts = 2026-07-01 11:56:00
    canal = whatsapp
direccion = entrante
      uid = 1
   cuerpo = con ana clara hablaste?

       id = 12835
       ts = 2026-07-01 11:55:25
    canal = whatsapp
direccion = saliente
      uid = 1
   cuerpo = Perfecto, le escribo ahora a Rodrigo para preguntarle su disponibilidad este finde. Te aviso cuando tenga respuesta.

       id = 12829
       ts = 2026-07-01 11:52:57
    canal = whatsapp
direccion = entrante
      uid = 1
   cuerpo = Dodi +54 9 11 5727-6026 decile cuando puede tener una cita conmigo, que tenfgo libre el fin de semana

       id = 12827
       ts = 2026-07-01 11:51:42
    canal = whatsapp
direccion = entrante
      uid = 1
   cuerpo = Dodi +54 9 11 5727-6026

       id = 12825
       ts = 2026-07-01 11:51:18
    canal = whatsapp
direccion = entrante
      uid = 1
   cuerpo = ok

       id = 12824
       ts = 2026-07-01 11:50:10
    canal = whatsapp
direccion = saliente
      uid = 1
   cuerpo = No es nada de tu lado, el problema está de mi lado con los contactos adjuntos — a veces no me llegan bien. ¿Me mandás los números directamente acá en el chat, en texto? Con eso lo resuelvo sin problema.

       id = 12819
       ts = 2026-07-01 11:49:52
    canal = whatsapp
direccion = entrante
      uid = 1
   cuerpo = será que hay alguna configuración que tengo que modificar para que te lleguen? porqwue hago exactsmentr eso, voy a adjuntar y a contacto y te lo mando pero no te llega

       id = 12813
       ts = 2026-07-01 11:44:34
    canal = whatsapp
direccion = saliente
      uid = 1
   cuerpo = No, no me llegó nada. ¿Me pasás el número de Dodi directo acá?

       id = 12811
       ts = 2026-07-01 11:44:10
    canal = whatsapp
direccion = entrante
      uid = 1
   cuerpo = te llego el de Dodi? el de recien te llegó?

       id = 12809
       ts = 2026-07-01 11:43:45
    canal = whatsapp
direccion = entrante
      uid = 1
   cuerpo = te llego el de Dodi?

       id = 12808
       ts = 2026-07-01 11:43:30
    canal = whatsapp
direccion = saliente
      uid = 1
   cuerpo = No te preocupes, hay una forma más fácil: escribime los números directamente acá en el chat, uno por uno. Con eso me alcanza para hacer el reclamo.

       id = 12806
       ts = 2026-07-01 11:43:17
    canal = whatsapp
direccion = entrante
      uid = 1
   cuerpo = es que no me aparece ese clip, lo que tengo es la opción del signo + y ahi contacto y lo comaprto, asi lo hago usualmenter pero no te llega

       id = 12805
       ts = 2026-07-01 11:40:26
    canal = whatsapp
direccion = saliente
      uid = 1
   cuerpo = No importa si es el común o el de empresas, la opción más fácil es esta:  1. Abrí nuestro chat (este mismo) 2. Tocá el clip de adjuntar 📎 3. Elegí *Contacto* 4. Buscás el contacto que querés pasarme y lo seleccionás  ¡Pr

       id = 12803
       ts = 2026-07-01 11:40:09
    canal = whatsapp
direccion = entrante
      uid = 1
   cuerpo = sabes que no me aparece esa opción, es desde cualquier wtsp o desde el de empresas, yo tengo el comun

       id = 12802
       ts = 2026-07-01 11:34:54
    canal = whatsapp
direccion = saliente
      uid = 1
   cuerpo = ¡Dale, probemos! Mandame el contacto como vCard (desde el chat del contacto, tocás su nombre arriba → *Compartir contacto* → elegís una app como WA o mail, pero en este caso buscá la opción de compartir *directamente* al

       id = 12800
       ts = 2026-07-01 11:34:32
    canal = whatsapp
direccion = entrante
      uid = 1
   cuerpo = claro es lo que hice pero no te llegaron, probamos ahora con uno?

       id = 12799
       ts = 2026-07-01 11:33:28
    canal = whatsapp
direccion = saliente
      uid = 1
   cuerpo = ¡Exacto! Una vez que me pasás un contacto, lo guardo en tu agenda y no hace falta que me lo mandes de nuevo.  Para pasarme contactos desde WA sin tener que copiar y pegar, hay una forma más rápida: dentro del chat del co

       id = 12797
       ts = 2026-07-01 11:33:10
    canal = whatsapp
direccion = entrante
      uid = 1
   cuerpo = sabes si hay alguna forma de pasar los contactos de wtsp directo a mail comaprtiendo? ya qwue tuve quye entrar al contacto copiarlo y pegarlo vos vas a ir armando una agenda de contacots, no? es decir una vez que te los 

=== CUALQUIER saliente a a.zamora (Ana Clara) en toda la historia ===
                             id = 12653
datetime(timestamp,'localtime') = 2026-07-01 10:28:11
                      direccion = entrante
                          canal = whatsapp
           substr(cuerpo,1,200) = a.zamora@una.edu.ar

                             id = 12658
datetime(timestamp,'localtime') = 2026-07-01 10:28:49
                      direccion = saliente
                          canal = whatsapp
           substr(cuerpo,1,200) = Gabi me pasó el email de Ana Clara: a.zamora@una.edu.ar. Lo guardo en la libreta. Antes de escribirle y proponer horarios, te consulto: ¿vas a participar vos también en esa reunión? Y, para la semana 

=== usuario_id de los ultimos 6 entrantes del numero de Gabi (pre/post backfill) ===
id     ts                   usuario_id
-----  -------------------  ----------
12879  2026-07-01 12:12:00  1         
12877  2026-07-01 12:11:01  1         
12849  2026-07-01 11:59:50  1         
12836  2026-07-01 11:56:00  1         
12829  2026-07-01 11:52:57  1         
12827  2026-07-01 11:51:42  1         
done
