# ejecutado: 2026-05-17T21:14:01-03:00
# host: ubuntu-4gb-nbg1-2
# instancia: maria-paez
# script:
#   #!/bin/bash
#   # Mover la DB legacy /root/secretaria/db/maria.sqlite a state/_old/<timestamp>
#   # definitivamente. Solo si está vacía (0 eventos / 0 contactos).
#   # Tras el fix del cron-master.sh, los scripts del inbox ya no la recrean.
#   set +e
#   LEGACY="/root/secretaria/db/maria.sqlite"
#   DESTDIR="/root/secretaria/state/_old/$(date +%Y%m%d-%H%M%S)-legacy-db"
#   
#   if [ ! -f "$LEGACY" ]; then
#     echo "no existe $LEGACY — nada que limpiar"
#     exit 0
#   fi
#   
#   eventos=$(sqlite3 "$LEGACY" "SELECT COUNT(*) FROM eventos;" 2>/dev/null || echo "?")
#   contactos=$(sqlite3 "$LEGACY" "SELECT COUNT(*) FROM contactos;" 2>/dev/null || echo "?")
#   usuarios=$(sqlite3 "$LEGACY" "SELECT COUNT(*) FROM usuarios;" 2>/dev/null || echo "?")
#   
#   echo "═══ Estado antes de mover ═══"
#   echo "  eventos:   $eventos"
#   echo "  contactos: $contactos"
#   echo "  usuarios:  $usuarios"
#   
#   if [ "$eventos" != "0" ] || [ "$contactos" != "0" ]; then
#     echo "✗ DB legacy tiene data — NO la muevo, abortando para preservar"
#     exit 1
#   fi
#   
#   echo ""
#   echo "═══ Mover legacy a $DESTDIR ═══"
#   mkdir -p "$DESTDIR"
#   mv -v /root/secretaria/db "$DESTDIR/db"
#   
#   echo ""
#   echo "═══ ¿Quedó algo en /root/secretaria/db? ═══"
#   ls -la /root/secretaria/db 2>&1 | head -3
#   
#   echo ""
#   echo "═══ Re-test: ahora node -e 'require(memory)' ya NO debería poder crear DB fantasma ═══"
#   # Sin MARIA_DB en env y sin db/ dir, better-sqlite3 va a crear el dir y la DB.
#   # Si tras este script alguien ejecuta node sin env propagado, se vuelve a crear.
#   # El fix preventivo es exportar env en el cron-master (ya pusheado).

# ───── output ─────
═══ Estado antes de mover ═══
  eventos:   0
  contactos: 0
  usuarios:  1

═══ Mover legacy a /root/secretaria/state/_old/20260517-211401-legacy-db ═══
renamed '/root/secretaria/db' -> '/root/secretaria/state/_old/20260517-211401-legacy-db/db'

═══ ¿Quedó algo en /root/secretaria/db? ═══
ls: cannot access '/root/secretaria/db': No such file or directory

═══ Re-test: ahora node -e 'require(memory)' ya NO debería poder crear DB fantasma ═══

# exit=0
