# ejecutado: 2026-05-29T12:31:02-03:00
# host: ubuntu-4gb-nbg1-2
# instancia: maria-paez
# script:
#   #!/bin/bash
#   # Maria le confirma a Hernan (user 2) que ya tiene acceso a su calendar.
#   # Via internal-api (cliente WA vivo) para que quede logueado en el hilo de Hernan.
#   set -uo pipefail
#   cd /root/secretaria
#   cf=config/instances/maria-paez.conf
#   set -a; . "$cf"; set +a
#   PORT="${ASISTENTE_INTERNAL_PORT:-4501}"
#   SECRET="${ASISTENTE_INTERNAL_SECRET:-}"
#   TO="5491126829596"
#   MSG="Hernán, ya quedó: tengo acceso a tu calendar. Perdoná la vuelta con el mail de antes. Cualquier cosa que necesites coordinar, escribime."
#   
#   echo "=== health ==="
#   curl -s "http://127.0.0.1:${PORT}/health" -H "X-Intensa-Secret: ${SECRET}"; echo
#   echo "=== POST /send-wa ==="
#   curl -s -X POST "http://127.0.0.1:${PORT}/send-wa" \
#     -H "X-Intensa-Secret: ${SECRET}" -H "Content-Type: application/json" \
#     -d "$(node -e 'console.log(JSON.stringify({to:process.argv[1],body:process.argv[2],usuarioId:2,nombre:"Hernan Fulco"}))' "$TO" "$MSG")"; echo
#   echo ""
#   echo "=== verif: ultimas lineas del hilo de Hernan ==="
#   sqlite3 -header -column "$MARIA_DB" "SELECT datetime(timestamp,'-3 hours') art, usuario_id uid, direccion, substr(cuerpo,1,55) FROM eventos WHERE de LIKE '%26829596%' ORDER BY id DESC LIMIT 3;"

# ───── output ─────
=== health ===
{"ok":true,"instance":"maria-paez","ts":"2026-05-29T15:31:02.378Z"}
=== POST /send-wa ===
{"ok":true,"sent_to":"137456250806423@lid"}

=== verif: ultimas lineas del hilo de Hernan ===
art                  uid  direccion  substr(cuerpo,1,55)                                    
-------------------  ---  ---------  -------------------------------------------------------
2026-05-29 11:57:02  2    entrante   listo, ya hice el cambio                               
2026-05-29 10:06:40  2    entrante   listo, confirmame si ahroa está ok                     
2026-05-29 10:04:33  2    entrante   me habías pasado otro mail que era maria.paez@intensa.i

# exit=0
