# ejecutado: 2026-05-17T22:22:02-03:00
# host: ubuntu-4gb-nbg1-2
# instancia: maria-paez
# script:
#   #!/bin/bash
#   set +e
#   cd /root/secretaria
#   
#   echo "═══ npm audit (detalle de las vulnerabilities actuales) ═══"
#   npm audit 2>&1 | head -80
#   
#   echo ""
#   echo "═══ npm audit fix (semver-safe, NO --force) ═══"
#   npm audit fix 2>&1 | tail -20
#   
#   echo ""
#   echo "═══ npm audit POST-fix ═══"
#   npm audit 2>&1 | head -30
#   
#   echo ""
#   echo "═══ Smoke: tsdav + provider CalDAV siguen cargando OK ═══"
#   node -e "
#   (async () => {
#     try {
#       const { createDAVClient } = await import('tsdav');
#       console.log('tsdav createDAVClient OK, typeof:', typeof createDAVClient);
#       const c = require('./providers/caldav');
#       console.log('providers/caldav exports:', Object.keys(c).length, 'incluyendo getContext:', typeof c.getContext);
#       const ms = require('./providers/microsoft');
#       console.log('providers/microsoft exports:', Object.keys(ms).length);
#       const p = require('./providers');
#       console.log('providers index:', Object.keys(p).join(','));
#     } catch (err) {
#       console.error('SMOKE FALLÓ:', err.message);
#       process.exit(1);
#     }
#   })();
#   "
#   
#   echo ""
#   echo "═══ Versión tsdav final ═══"
#   node -e "console.log(require('./node_modules/tsdav/package.json').version)"

# ───── output ─────
═══ npm audit (detalle de las vulnerabilities actuales) ═══
found 0 vulnerabilities

═══ npm audit fix (semver-safe, NO --force) ═══
Will install tsdav@2.2.2, which is a breaking change
node_modules/cross-fetch/node_modules/node-fetch
  cross-fetch  <=2.2.3 || 2.2.5 || 3.0.0 - 3.1.4 || 3.2.0-alpha.0 - 3.2.0-alpha.2
  Depends on vulnerable versions of node-fetch
  node_modules/cross-fetch

semver  1.0.4 - 5.7.1
Severity: high
semver vulnerable to Regular Expression Denial of Service - https://github.com/advisories/GHSA-c2qf-rxjj-qqgw
Regular Expression Denial of Service in semver - https://github.com/advisories/GHSA-x6fg-f45m-jf5q
fix available via `npm audit fix`
node_modules/levelup/node_modules/semver

11 vulnerabilities (5 low, 1 moderate, 5 high)

To address issues that do not require attention, run:
  npm audit fix

To address all issues (including breaking changes), run:
  npm audit fix --force

═══ npm audit POST-fix ═══
# npm audit report

bl  <=1.2.2
Severity: moderate
Memory Exposure in bl - https://github.com/advisories/GHSA-wrw9-m778-g6mc
Remote Memory Exposure in bl - https://github.com/advisories/GHSA-pp7h-53gx-mx7r
fix available via `npm audit fix`
node_modules/levelup/node_modules/bl
  levelup  0.18.0 - 1.3.9
  Depends on vulnerable versions of bl
  Depends on vulnerable versions of semver
  node_modules/levelup

elliptic  *
Elliptic Uses a Cryptographic Primitive with a Risky Implementation - https://github.com/advisories/GHSA-848j-6mx2-7j84
fix available via `npm audit fix --force`
Will install tsdav@2.2.2, which is a breaking change
node_modules/elliptic
  browserify-sign  >=2.4.0
  Depends on vulnerable versions of elliptic
  node_modules/browserify-sign
    crypto-browserify  >=3.4.0
    Depends on vulnerable versions of browserify-sign
    Depends on vulnerable versions of create-ecdh
    node_modules/crypto-browserify
      rollup-plugin-node-builtins  >=1.2.0
      Depends on vulnerable versions of crypto-browserify
      node_modules/rollup-plugin-node-builtins
        tsdav  1.1.1 - 2.0.1
        Depends on vulnerable versions of cross-fetch

═══ Smoke: tsdav + provider CalDAV siguen cargando OK ═══
tsdav createDAVClient OK, typeof: function
providers/caldav exports: 16 incluyendo getContext: function
providers/microsoft exports: 19
providers index: forUser,forMaria

═══ Versión tsdav final ═══
1.1.6

# exit=0
