# ejecutado: 2026-06-13T11:38:01-03:00
# host: ubuntu-4gb-nbg1-2
# instancia: maria-paez
# script:
#   #!/bin/bash
#   cd /root/secretaria
#   echo "== TURNSTILE_SECRET_KEY configurado? (sin imprimir valor) =="
#   grep -q "^TURNSTILE_SECRET_KEY=" /root/secretaria/.env-intensa-api && echo "SÍ está seteado" || echo "⚠️ NO está en .env-intensa-api — el captcha se SALTEA (dev mode)"
#   echo ""
#   echo "== reload intensa-api (aplica migración reenviado_en) =="
#   pm2 reload ecosystem.config.js --only intensa-api --update-env 2>&1 | tail -3
#   sleep 6
#   echo ""
#   echo "== migración corrió? (log) =="
#   pm2 logs intensa-api --lines 40 --nostream 2>/dev/null | grep -iE "migración|reenviado_en|escuchando|instancias activas|error" | tail -10
#   echo ""
#   echo "== health =="
#   curl -s http://127.0.0.1:4080/health 2>&1 | head -c 200
#   echo ""
#   echo "== columna reenviado_en en la DB? =="
#   CDB="${CONTROL_DB:-/root/secretaria/state/control/control.sqlite}"
#   sqlite3 "$CDB" "PRAGMA table_info(signup_pending);" 2>&1 | grep -i reenviado || echo "(no aparece)"

# ───── output ─────
== TURNSTILE_SECRET_KEY configurado? (sin imprimir valor) ==
SÍ está seteado

== reload intensa-api (aplica migración reenviado_en) ==
[PM2] Applying action reloadProcessId on app [intensa-api](ids: [ 1 ])
[PM2] [intensa-api](1) ✓

== migración corrió? (log) ==
1|intensa- | 2026-06-11 06:42:28: [intensa-api] escuchando en http://127.0.0.1:4080
1|intensa- | 2026-06-11 06:42:28: [intensa-api] instancias activas: maria-paez
1|intensa- | 2026-06-11 14:50:04: [db] migración: portal_otp.proposito agregada
1|intensa- | 2026-06-11 14:50:04: [intensa-api] escuchando en http://127.0.0.1:4080
1|intensa- | 2026-06-11 14:50:04: [intensa-api] instancias activas: maria-paez
1|intensa- | 2026-06-11 17:46:02: [intensa-api] escuchando en http://127.0.0.1:4080
1|intensa- | 2026-06-11 17:46:02: [intensa-api] instancias activas: maria-paez
1|intensa- | 2026-06-13 11:38:02: [db] migración: signup_pending.reenviado_en agregada
1|intensa- | 2026-06-13 11:38:02: [intensa-api] escuchando en http://127.0.0.1:4080
1|intensa- | 2026-06-13 11:38:02: [intensa-api] instancias activas: maria-paez

== health ==
{"ok":true,"ts":"2026-06-13T14:38:08.786Z"}
== columna reenviado_en en la DB? ==
16|reenviado_en|DATETIME|0||0

# exit=0
