# ejecutado: 2026-07-12T13:12:20-03:00
# host: ubuntu-4gb-nbg1-2
# instancia: maria-paez
# script:
#   #!/bin/bash
#   cd /root/secretaria
#   pm2 reload ecosystem.config.js --only maria-paez --update-env >/dev/null 2>&1
#   sleep 6
#   pm2 jlist | python3 -c "import json,sys; [print(p['name'], p['pm2_env']['status']) for p in json.load(sys.stdin) if p['name']=='maria-paez']"
#   echo "warmup en wa-send: $(grep -c warmupActivo /root/secretaria/wa-send.js)"
#   echo "presencia: $(grep -c _simularPresencia /root/secretaria/wa-send.js)"
#   echo "catchup gate: $(grep -c 'salteo backlog' /root/secretaria/whatsapp-handler.js)"
#   echo "wa-apagado: $(ls /root/secretaria/state/maria-paez/wa-apagado 2>/dev/null || echo NO)"

# ───── output ─────
maria-paez online
warmup en wa-send: 4
presencia: 2
catchup gate: 1
wa-apagado: /root/secretaria/state/maria-paez/wa-apagado

# exit=0
