# ejecutado: 2026-07-02T00:19:02-03:00
# host: ubuntu-4gb-nbg1-2
# instancia: maria-paez
# script:
#   #!/bin/bash
#   cd /root/secretaria
#   pm2 reload ecosystem.config.js --only maria-paez --update-env >/dev/null 2>&1
#   echo "reload exit=$?"
#   sleep 6
#   # smoke con node del VPS contra la DB REAL (solo lecturas + un create que falla a propósito)
#   node - <<'NODE'
#   const usuarios = require('/root/secretaria/usuarios');
#   // 1) reactivación por nombre debe estar bloqueada: buscar un inactivo cualquiera
#   const db = require('/root/secretaria/node_modules/better-sqlite3')(process.env.MARIA_DB || '/root/secretaria/state/maria-paez/db/maria.sqlite');
#   const inactivo = db.prepare("SELECT id, nombre FROM usuarios WHERE activo=0 LIMIT 1").get();
#   if (!inactivo) { console.log('1) (no hay usuarios dados de baja para probar — SKIP)'); }
#   else {
#     try {
#       usuarios.crear({ nombre: inactivo.nombre });
#       console.log('1) ✗ MAL: crear con nombre de inactivo NO tiró error');
#     } catch (e) {
#       const ok = /DADO DE BAJA/.test(e.message);
#       console.log(`1) crear("${inactivo.nombre}") → error instructivo: ${ok ? 'OK' : 'RARO: ' + e.message.slice(0,120)}`);
#     }
#   }
#   // 2) _resolverPorDigitos no debe resolver inactivos
#   const inactivoConWa = db.prepare("SELECT id, nombre, wa_cus FROM usuarios WHERE activo=0 AND wa_cus IS NOT NULL LIMIT 1").get();
#   if (!inactivoConWa) { console.log('2) (sin inactivos con wa_cus — SKIP)'); }
#   else {
#     const r = usuarios.resolverPorWa(inactivoConWa.wa_cus);
#     console.log(`2) resolverPorWa(wa de inactivo) → ${r ? (r.id === inactivoConWa.id ? '✗ MAL: resolvió al inactivo' : 'resolvió a OTRO (ok)') : 'null OK'}`);
#   }
#   // 3) eventos sistema NULL fuera del contexto
#   const mem = require('/root/secretaria/memory');
#   const evs = mem.desdeHoras(1, 24 * 30); // owner, 30 días
#   const nulos = evs.filter(e => e.usuario_id == null).length;
#   console.log(`3) desdeHoras(owner): ${evs.length} eventos, ${nulos} con usuario_id NULL (esperado 0)`);
#   db.close();
#   NODE
#   pm2 jlist 2>/dev/null | python3 -c "import json,sys; [print(p['name'], p['pm2_env']['status'], 'restarts='+str(p['pm2_env']['restart_time'])) for p in json.load(sys.stdin) if p['name']=='maria-paez']"
#   echo LISTO

# ───── output ─────
reload exit=0
1) crear("Rubén Ward") → error instructivo: OK
2) resolverPorWa(wa de inactivo) → null OK
3) desdeHoras(owner): 2427 eventos, 0 con usuario_id NULL (esperado 0)
maria-paez online restarts=32
LISTO

# exit=0
