# ejecutado: 2026-07-07T09:05:21-03:00
# host: ubuntu-4gb-nbg1-2
# instancia: maria-paez
# script:
#   #!/bin/bash
#   set -e
#   cd /root/secretaria
#   pm2 reload ecosystem.config.js --only maria-paez --update-env >/dev/null 2>&1
#   sleep 6
#   pm2 jlist | python3 -c "import json,sys; [print(p['name'], p['pm2_env']['status'], 'restarts=', p['pm2_env']['restart_time']) for p in json.load(sys.stdin) if p['name']=='maria-paez']"
#   grep -c "tg_first" /root/secretaria/wa-send.js
#   grep -c "EMAIL PRIMERO" /root/secretaria/prompt-builder.js
#   ls /root/secretaria/state/maria-paez/wa-apagado && echo "wa-apagado sigue puesto OK"

# ───── output ─────
maria-paez online restarts= 195
1
1
/root/secretaria/state/maria-paez/wa-apagado
wa-apagado sigue puesto OK

# exit=0
