# ejecutado: 2026-05-15T08:56:01-03:00
# host: ubuntu-4gb-nbg1-2
# instancia: maria-paez
# script:
#   #!/bin/bash
#   # Re-arrancar maria-paez con ecosystem.config.js para que tome el env del .conf.
#   set +e
#   cd /root/secretaria || exit 1
#   
#   echo "═══ ANTES — pm2 env actual ═══"
#   pm2 jlist 2>/dev/null | python3 -c "
#   import json, sys
#   ps = json.load(sys.stdin)
#   for p in ps:
#       if p.get('name') != 'maria-paez': continue
#       e = p.get('pm2_env', {}).get('env', {})
#       for k in ['MARIA_DB','MARIA_STATE_DIR','GOOGLE_CRED_PATH','WA_AUTH_DIR','ASISTENTE_SLUG','OWNER_EMAIL']:
#           print(f'  {k}={e.get(k)}')
#   "
#   
#   echo ""
#   echo "═══ pm2 delete maria-paez ═══"
#   pm2 delete maria-paez 2>&1 | tail -5
#   
#   echo ""
#   echo "═══ pm2 start ecosystem.config.js --only maria-paez ═══"
#   pm2 start ecosystem.config.js --only maria-paez 2>&1 | tail -20
#   
#   echo ""
#   echo "═══ pm2 save ═══"
#   pm2 save 2>&1 | tail -5
#   
#   echo ""
#   echo "═══ DESPUÉS — env del proceso nuevo ═══"
#   sleep 3
#   pm2 jlist 2>/dev/null | python3 -c "
#   import json, sys
#   ps = json.load(sys.stdin)
#   for p in ps:
#       if p.get('name') != 'maria-paez': continue
#       e = p.get('pm2_env', {})
#       env = e.get('env', {})
#       print(f'  pid={p.get(\"pid\")} status={e.get(\"status\")} restarts={e.get(\"restart_time\")}')
#       for k in ['MARIA_DB','MARIA_STATE_DIR','GOOGLE_CRED_PATH','WA_AUTH_DIR','ASISTENTE_SLUG','OWNER_EMAIL']:
#           print(f'  {k}={env.get(k)}')
#   "
#   
#   echo ""
#   echo "═══ Logs primeros ~25s después del arranque ═══"
#   sleep 25
#   pm2 logs maria-paez --lines 150 --nostream 2>&1 | tail -150

# ───── output ─────
═══ ANTES — pm2 env actual ═══
  MARIA_DB=/root/secretaria/db/maria.sqlite
  MARIA_STATE_DIR=None
  GOOGLE_CRED_PATH=/root/secretaria/credentials.json
  WA_AUTH_DIR=None
  ASISTENTE_SLUG=maria-paez
  OWNER_EMAIL=diego@paez.is

═══ pm2 delete maria-paez ═══
[PM2] Applying action deleteProcessId on app [maria-paez](ids: [ 0 ])
[PM2] [maria-paez](0) ✓
┌────┬───────────┬─────────────┬─────────┬─────────┬──────────┬────────┬──────┬───────────┬──────────┬──────────┬──────────┬──────────┐
│ id │ name      │ namespace   │ version │ mode    │ pid      │ uptime │ ↺    │ status    │ cpu      │ mem      │ user     │ watching │
└────┴───────────┴─────────────┴─────────┴─────────┴──────────┴────────┴──────┴───────────┴──────────┴──────────┴──────────┴──────────┘

═══ pm2 start ecosystem.config.js --only maria-paez ═══
[PM2][WARN] Applications maria-paez not running, starting...
[PM2] App [maria-paez] launched (1 instances)
┌────┬───────────────┬─────────────┬─────────┬─────────┬──────────┬────────┬──────┬───────────┬──────────┬──────────┬──────────┬──────────┐
│ id │ name          │ namespace   │ version │ mode    │ pid      │ uptime │ ↺    │ status    │ cpu      │ mem      │ user     │ watching │
├────┼───────────────┼─────────────┼─────────┼─────────┼──────────┼────────┼──────┼───────────┼──────────┼──────────┼──────────┼──────────┤
│ 0  │ maria-paez    │ default     │ 1.0.0   │ fork    │ 396974   │ 0s     │ 0    │ online    │ 0%       │ 12.3mb   │ root     │ disabled │
└────┴───────────────┴─────────────┴─────────┴─────────┴──────────┴────────┴──────┴───────────┴──────────┴──────────┴──────────┴──────────┘

═══ pm2 save ═══
[PM2] Saving current process list...
[PM2] Successfully saved in /root/.pm2/dump.pm2

═══ DESPUÉS — env del proceso nuevo ═══
  pid=396974 status=online restarts=0
  MARIA_DB=/root/secretaria/state/maria-paez/db/maria.sqlite
  MARIA_STATE_DIR=None
  GOOGLE_CRED_PATH=/root/secretaria/state/maria-paez/credentials.json
  WA_AUTH_DIR=/root/secretaria/state/maria-paez/.wwebjs_auth
  ASISTENTE_SLUG=maria-paez
  OWNER_EMAIL=diego@paez.is

═══ Logs primeros ~25s después del arranque ═══
0|maria-pa | 2026-05-15 08:53:25: █  ▄▄▀▀▄ ▄█▀█▀▄ ██▀ ▀▀▀ ▀▀▀▄ ▀ ███ ▄▀▀▄██▄██ ██▀▄   ▄▄▀▀███
0|maria-pa | 2026-05-15 08:53:25: █ ▀█▀▄▄▄ ▀█▄▀ ▄▄▄▄▀ ▀▄▀▄  ▄▄▀▀▀█ ▀█▄▄  █▀█▀ ▄▀▄▄▀▀▀█▀▀▀ █▄█
0|maria-pa | 2026-05-15 08:53:25: █▄▄█▄▄▀▄█▄ ▀▀█▀▀▀▄█▀▀▀▄█▄█ █ ▄▀▄▄▀ ▄▀▀███▄█  ▀▀█▄▄▀▄▄█▀▀ ▀█
0|maria-pa | 2026-05-15 08:53:25: █▄ █▄▄▀▄███  ██▀▄▄ ▄▀██▀▄▀ █▀   ██▀▄  ▄█▀█ ▀▄██▄▀ ▀█▀██▀  █
0|maria-pa | 2026-05-15 08:53:25: █▄▄  ██▄▄▀ ███▀█▄▄▄ ▄███▀  ██▄███ ▀▄▀▄  ▄ █ ▀▀▄  █▀█▀█ ▀▄██
0|maria-pa | 2026-05-15 08:53:25: ██▀██▄▀▄█▀▄▄▄▀▀█▄▀▀▄▄█ ▀▀▄  ▀▀▀ ▄▀▄▄█▄ █▄█▀▀▀▀▄█▄▀▀███▀  ▀█
0|maria-pa | 2026-05-15 08:53:25: ██▀▀█▀▀▄      ▀▀▄ ▄ ▄█▄█▀█▀   ▄▄▄█▄ █▀█▀ ▀ ▀▀▀ █ ██▄▀▀  ▀▀█
0|maria-pa | 2026-05-15 08:53:25: █▀ █▀▄ ▄▄█▀  ██▀▄▄  █▄▄▀▄▀▀█▀█▀ ▄  █▄ ▄███▀ ▄▀▀▄▄▀▀▄▄██   █
0|maria-pa | 2026-05-15 08:53:25: █▄▄▀  ▄▄▄ ▄  ▀█ █▄▄█ ▀▄█ ▀  ▄▄▄ ▄ ▀ ▄ ▀  █ ▄██▀▄█ ▄▄▄ ▀  ▀█
0|maria-pa | 2026-05-15 08:53:25: ███▄█ █▄█ ▀▄▀▀▀█▀▄▄▀▀▄▄██▀▀ █▄█  ██▄▄▄▀▄█▀█▀ ▀██▀ █▄█  ▀█▀█
0|maria-pa | 2026-05-15 08:53:25: █ ▀▄▀  ▄ ▄ ▄ ▄▀█▄ ▄ ▀▀▄▀▀▄▄   ▄▄▀█▄ █▄█  ▄ ▀▀▀  █▄▄▄▄  ▀███
0|maria-pa | 2026-05-15 08:53:25: ██▄ ▄ ▄▄▀██▀█▄▀▀█▄▀▄▀█▀▀ ▀▄ ██▀ ▄█▀█ ▄ █▀█▀  █ ██▄ ▀█▄▀▄█ █
0|maria-pa | 2026-05-15 08:53:25: █▄▄▄▀▄█▄▄▄▄█▀ █ ▀     █   ▄▀  ▀ ▄█▄ █▄█▄▄█▄▄██▀ ▀ ▄▀ ▀   ██
0|maria-pa | 2026-05-15 08:53:25: ██ ▀▀▀▀▄▀ █ ▄█▀▄▀█▄▄▀▀▄▀▄ ▄▄▀██▄▄███▄  ▄▀▀▀▀ ▀▄▄█▀ ▀▄▄▀██▀█
0|maria-pa | 2026-05-15 08:53:25: █  ▀██▄▄▀▄ █ █▄ ▀█▄ ▀ ██▄ █ ▀█   █ █▀▄▄▀█▄▄▄ ▀█▄ ▄▄▀▄▄█ ▄▄█
0|maria-pa | 2026-05-15 08:53:25: █▀▀ ▀ █▄▀ ▄▀ ▄▄██▄▄ ▄▄▀█▄▀█▀██  ▀█▀█▀▄ ▄██   ▀▀█▀▀▄▀▄█ ▀███
0|maria-pa | 2026-05-15 08:53:25: █ █▀▄▀█▄▀█▄▄██▀▀▀█▀   ▀   ▀▀ ▀  ▀▀▄▀▀▄ ▄▀█▄  █▀ ▀▀▄█ █   ▀█
0|maria-pa | 2026-05-15 08:53:25: █▄▄▄█▀▀▄▀█▀▄▀█▄▀▄▄▀ ▀█▀▄▀ ███▄▄█▀▀█▄▄ ▀███ ▀ ▀▄▄█▀▄▀▄█▄ ▀ █
0|maria-pa | 2026-05-15 08:53:25: █ ▀ ▀▀▄▄▄▄▄ ▀▄▄▄ ▀▀ ██▀ ▀ ▄▀▀▀ ▄█▄▄▀▀██▀▄   ▀▀ █ ▀▄▀ ▀▀▀▄██
0|maria-pa | 2026-05-15 08:53:25: ███████▄▄ ▄▀▄ ▄█▄█▀▄█▄▄▀ ▀▄ ▄▄▄  ▀▄█▀▄ ▄▄█  ▀█▄▄█ ▄▄▄  ▀▄▄█
0|maria-pa | 2026-05-15 08:53:25: █ ▄▄▄▄▄ █▄▀  ▄▄▄███▄ ▄▄▀▄▀▄ █▄█ ▀▀▄  ▄█▄ █     █▄ █▄█ ▄▀▄▀█
0|maria-pa | 2026-05-15 08:53:25: █ █   █ █ ██ ▄▀█▄▀ ▄▄██▀▀▄ ▄▄▄ ▄▀▀▄█▀▄▀█▀▀█  █ █▀▄  ▄▄ ▀▄██
0|maria-pa | 2026-05-15 08:53:25: █ █▄▄▄█ █ ▀ ▀▀ █▄  █▄█▀▀▀███▀█▀███▄▀ █ ▄▄  ▀█ █▄ ▄▄██▀▀ ███
0|maria-pa | 2026-05-15 08:53:25: █▄▄▄▄▄▄▄█▄▄█▄▄▄▄▄▄▄▄█▄██▄▄▄████▄▄▄▄▄▄▄█▄██▄▄▄█▄▄▄█▄▄██▄█▄██
0|maria-pa | 2026-05-15 08:53:25: 
0|maria-pa | 2026-05-15 08:54:36: [WA qr] escaneá este QR:
0|maria-pa | 2026-05-15 08:54:36: ▄▄▄▄▄▄▄▄▄▄▄▄▄▄▄▄▄▄▄▄▄▄▄▄▄▄▄▄▄▄▄▄▄▄▄▄▄▄▄▄▄▄▄▄▄▄▄▄▄▄▄▄▄▄▄▄▄▄▄
0|maria-pa | 2026-05-15 08:54:36: █ ▄▄▄▄▄ █▀█ ▀▄▄▄█▀█▄▄▀██   ▀▄▄▄▄▄ ████▄▀█▄▄▄██▄▄ ██ ▄▄▄▄▄ █
0|maria-pa | 2026-05-15 08:54:36: █ █   █ █▀▀█ ▀▀▄██ ▀▄█▀▄▀▀▀█▀▄ █▀█▀▀▀ ██▄█▀▀▀▄ ▄ ██ █   █ █
0|maria-pa | 2026-05-15 08:54:36: █ █▄▄▄█ █▀ ▄▀▄▀█▄█▄▀▄ ▀▄▀ █ ▄▄▄  ██▀▄▀▄▀▀█ ▄█▄▀▀▄██ █▄▄▄█ █
0|maria-pa | 2026-05-15 08:54:36: █▄▄▄▄▄▄▄█▄▀▄█ █▄▀▄▀▄▀ ▀▄█ █ █▄█ ▀▄█ ▀▄█▄▀ █ ▀▄▀▄▀▄█▄▄▄▄▄▄▄█
0|maria-pa | 2026-05-15 08:54:36: █▄▄  ▄▀▄▄  ▀██▄▀▀▄▄▄ ▄█▀  ▄▄▄▄  ▀█▀██ ▀▄▀█▀  █▀█▀  █▄█▄▀ ██
0|maria-pa | 2026-05-15 08:54:36: █▄█▄█▀ ▄█▀█ █▀▄  ▄▀ ▀▀▀ ▀▀▀▄ █ ███▄▄▀  ▄▄█▀█▀▄       ▄▀▀▄▀█
0|maria-pa | 2026-05-15 08:54:36: ██▄▄▄▄█▄▀▄ ██▄▄▄▄▄▀ ▀▄▀▄  █▄▀▀▀█ ▀ █▄  █▀█  ▄▀██▄▀▀███▀▄▄▄█
0|maria-pa | 2026-05-15 08:54:36: █▄ ▄ ▄█▄ ▀▀█▀▄▄▄▀▄ █▀▀██▄█ █▀▄█▄▄▀ ▄▀█▀ █ ▄█ █▄█▀▀▀ ▀█ ▀ ▀█
0|maria-pa | 2026-05-15 08:54:36: █    ██▄ ██ ▀▀▄▀▄▄▄  █▀▀   █▀ █▀██▀█ ▄▀▄▄▀▄ ▄▀██▀▀ ███▄ ▄ █
0|maria-pa | 2026-05-15 08:54:36: █ ▄▄ ▀▄▄█▀ ▀▄█▀█▄█▄ ▄▄██▄▀ ██▄▄█▀ ▀▄▄▄▀▀ ▀█▀▀▀█▀▄  ▄▀█ ▀█▀█
0|maria-pa | 2026-05-15 08:54:36: ██   ▀▀▄ ▄█▄█ ▀█▄▀▀▄▄█ ▀▀▄  ▀▀▀  ▀▄▄▄▄ ██▀▀▀▀█▄█▄▀▀▄██▀ ▀ █
0|maria-pa | 2026-05-15 08:54:36: █▀▀▀▀  ▄▄█ ▄▀ ▀▀▄ ▄▀▄█▄█▀█▀   ▄▄██▄ ▀▄█▀█▄▄▀▀▀ ▀ █▄██▀ ▀▀▀█
0|maria-pa | 2026-05-15 08:54:36: █ ▀▄█▀█▄███▀▄ ▀ ▄█▀▄█▄▄▀▄▀▀█▀█▀ ▄  ██▄▀▄▀▀   ██▄  ▀▄▀▀▄▀▄▄█
0|maria-pa | 2026-05-15 08:54:36: █ ▄▄█ ▄▄▄ ▀█▀ ▄▄ ▄▄█ ▀▄█ ▀▄ ▄▄▄ ▄ ▀ ▄ █▄ █  █▄▄▄▄ ▄▄▄ ▀ ▄▀█
0|maria-pa | 2026-05-15 08:54:36: █▄ ▄  █▄█ ▄▀█▀█ ▀▄▄▀▀▄▄██▀▀ █▄█  ██▄▄▄█▄█▀   ▀ ██ █▄█ ▀ █▀█
0|maria-pa | 2026-05-15 08:54:36: █ █▀▄  ▄ ▄▄█▀▄ ▀▄ ██▀▀  ▀▄█▄  ▄▄▀██▀▀▄ ▄▄ ▀██▀▀▄▄▄▄  ▄█ ███
0|maria-pa | 2026-05-15 08:54:36: █▀    ▄▄ █▀▀ ▄█ ▄▄▄ ▀▄▀▀▀▀▄ ▄█▀ ▄█▀█ ▄ █ ▀▄▀▄▀▄██▄ ▀██ ██▄█
0|maria-pa | 2026-05-15 08:54:36: █   ▀▀▀▄ ▄▀▀▀▄ ▄ ▀  ▀ █  █▄▀█▄▀ ▄▀▄ ▀██▄▀█▄█▀▀ ▀▀▄▄▀▀    ▀█
0|maria-pa | 2026-05-15 08:54:36: ███▀▄▄ ▄█ █▄▄▄▄█▀█▄▄▀▀▄▀▄ ▄▄▀█▄▄▄████  ▄▀█▀▀▄█▄▄███▀▄▄█▀█▀█
0|maria-pa | 2026-05-15 08:54:36: ██▀▀▀▀▀▄▄▄█▀▀▀▄ ▀██▄▀ ██▄ █ ▀█▄ ▀▄ █▀▀▄█▀▀  ▀ ▀▄▀▄▀▀█ ▀ ▄▄█
0|maria-pa | 2026-05-15 08:54:36: █▀ ▄▀▀ ▄▄ ▀▀   ██▄▄▄▄▄▀█▄▀█▀██  ▀█▀█   ███  ▄▀██▀▀▀▀▄█ ▀█▀█
0|maria-pa | 2026-05-15 08:54:36: █▀▄█▀▄▄▄ ▀▄ ▄▄▀█▀ ▀   ▀   █▀ ▀  ▀▀▄█▀█▄  ▄▀█▀▄  █▄▄█ █  ▄▀█
0|maria-pa | 2026-05-15 08:54:36: █▀▄▀▄▀█▄ █ ▄ ██▀▄▄▀ ▀█▀▄▀ █▀█▄▄█▀▀██▄  ███ ▀ ▀▄██▀▄███▄  ▀█
0|maria-pa | 2026-05-15 08:54:36: █ ▀ ▀▀▄▄  ▄█ █▀▀ ▀▀▀██ ▄▀ ▄█▀▀ ▄█▄█ ██ █  ▄▄█▀█▄ ▄▀▀█▄▀▀▄██
0|maria-pa | 2026-05-15 08:54:36: ███████▄▄▀ ▄█▀▄▀█▄▄▄▀███▀▀▄ ▄▄▄  ▀▄█  ▀▄▀▀▀  ██▄▀ ▄▄▄ ▀ ▄▄█
0|maria-pa | 2026-05-15 08:54:36: █ ▄▄▄▄▄ █▄ █▀▄▄▄ ▀█▄█▀▄▀ █▄ █▄█ ██▄ ▀████ ▀▀▀▀▀▄  █▄█ ▄▀▄▀█
0|maria-pa | 2026-05-15 08:54:36: █ █   █ █ █ ▀▄▀▀▄▀ ▄▄██▀▀▄ ▄▄  ▄ █▄█▄ ▀█ ██ ▄▀ █▄      ▀█▄█
0|maria-pa | 2026-05-15 08:54:36: █ █▄▄▄█ █ ██▄ ▀ ▄ █▀▄█▀▀▀███▀▀▀███▄▀   ▄▄  ▀██▀   ▄███ ▀███
0|maria-pa | 2026-05-15 08:54:36: █▄▄▄▄▄▄▄█▄▄▄▄█▄▄▄█▄▄█▄██▄▄▄██▄█▄▄▄▄▄▄▄█▄██▄█▄███▄▄▄▄▄▄██▄██
0|maria-pa | 2026-05-15 08:54:36: 
0|maria-pa | 2026-05-15 08:55:36: [WA qr] escaneá este QR:
0|maria-pa | 2026-05-15 08:55:36: ▄▄▄▄▄▄▄▄▄▄▄▄▄▄▄▄▄▄▄▄▄▄▄▄▄▄▄▄▄▄▄▄▄▄▄▄▄▄▄▄▄▄▄▄▄▄▄▄▄▄▄▄▄▄▄▄▄▄▄
0|maria-pa | 2026-05-15 08:55:36: █ ▄▄▄▄▄ █▄▀ █ █▀▀█▀▀ █▀█▄▄ █ ▄  ▄▄▀█  ▀█ █▄ ▄█ ▄ ██ ▄▄▄▄▄ █
0|maria-pa | 2026-05-15 08:55:36: █ █   █ █  ▄ ▄ ▄▄▄  ▄█ █▀  █ █ ▄ ▄  ▀▀▄█ █▀ █▄▀▄ ██ █   █ █
0|maria-pa | 2026-05-15 08:55:36: █ █▄▄▄█ █▄█▄███▄▀▀█▄ ▀▄  █▀ ▄▄▄ ▀  █▀▄  ▀ ▀▀▄█▄▀▄██ █▄▄▄█ █
0|maria-pa | 2026-05-15 08:55:36: █▄▄▄▄▄▄▄█▄█▄█ █ █▄█ ▀▄█▄▀▄█ █▄█ ▀ ▀ █ █ █ ▀▄▀ █▄█ █▄▄▄▄▄▄▄█
0|maria-pa | 2026-05-15 08:55:36: █▄▄  █▀▄▀ ▀ █▄█▀ █▄█▀▄▄  ▀▀▄▄▄   █ ▄█▀ ▄ ▄▀▀▀█ ▄▀  ██ ▄ ▀▄█
0|maria-pa | 2026-05-15 08:55:36: █▀▀█ ▄ ▄▄ ▄▀█▀ ▀█  ██ ▄▄ ▄█▄▀█▀ ▀▄█▄ █▄█▀▀▄ ███  ▄█ ▄█ ▄  █
0|maria-pa | 2026-05-15 08:55:36: █▀▄▀▀▄▀▄ ▀▄ ▀ ▄  ▄█▄▀ █▄▄▄█  ▀█▀ █▀▄ ▄▀▀███▄▄█▀▄██▀▀▄█▀▄▄ █
0|maria-pa | 2026-05-15 08:55:36: █▄ ▀ ██▄ ▀ ▄▀██▄ █   ▀██▄▄▀█▀▄█▀█▀ ▄▀▄ █▄█ ▀▀▀█▀▄▄   ▄▀▀▀▀█
0|maria-pa | 2026-05-15 08:55:36: █ █▀█▀▄▄▄▄ ▄ ▄   ▀█▀ █▄▀ █▄▄▄▄▀▄▀▄▄▀▄█ ▄ ▀▀▄█ ▀▀ ▄▄▄ ▀██▄▀█
0|maria-pa | 2026-05-15 08:55:36: ████▀▀ ▄██▄▀ ▀▀▀█▀ ▄██▀█▄█ ▀▀▄  ▀ █▄▀▄ ▄█▀▀█▄▄ ▀ ▄▄▄██▄█ ██
0|maria-pa | 2026-05-15 08:55:36: ██▀ ▀ ▀▄▀▄▄█   ██ ▀███▀ ▀█▀   ▀▀▀███▄▀▀█▄▄▀ ███▄▄ ▀▄▄▄▀▀▀ █
0|maria-pa | 2026-05-15 08:55:36: █▄█ ▄▀▀▄ ▄█ █▀█▀▀▄█▄ ▄▀▀  █▀█▄█▀▀█▀▄▀ ▀ ▀▀█▄▄ ██▀  ▄ ▀▀▄█ █
0|maria-pa | 2026-05-15 08:55:36: █▄▀ ▀██▄▄  ▄▀ █▀ ██ █  ▀ ██▀███▄▄▄▄█▀ ▀ █▀▄▄ ▀▀▄▄▄  █▀ █▄ █
0|maria-pa | 2026-05-15 08:55:36: █▀█▄▄ ▄▄▄ ▀▀█▀█▄▀█▄▄▀▀█▄  ▀ ▄▄▄ █  █▄▀ ▄▀▄▄▀▄▄▀▀▀ ▄▄▄ ▀▀█▀█
0|maria-pa | 2026-05-15 08:55:36: █▀▄▀▀ █▄█ █▄▄▄██▄ █▄██▀▀▄▄█ █▄█ ▄▄  █▀█▄ █▄█▄  ▀█ █▄█ ▀▄▀ █
0|maria-pa | 2026-05-15 08:55:36: █▀▀ █  ▄▄▄ ██  █  ▀▀▀██▄█ █▄▄   ▀▀  █ █ ▄ ▄██▀▄ █ ▄ ▄▄▄██▀█
0|maria-pa | 2026-05-15 08:55:36: █▄▀▀▀▀▄▄▄▀   █▄ ▄█▀█▀▄▄   █  █▀▀██ ▄ ▀ ▄ ▄▀ █▀██▀ ▀▀█▄ ▄▄ █
0|maria-pa | 2026-05-15 08:55:36: █ ▀  █ ▄██▄█ ▀▄█ █▀██▄ ▄█▄  ▀▄ █▄ ▀▄▄  █▄▀▄  ▄██▀▀   ▀▀██▄█
0|maria-pa | 2026-05-15 08:55:36: ██▄█ ▄▄▄█▄▀▄██▄▀██  ▀█ ▀ ▄▄ ██ ▄▄█▀█▄   ████▄█ ▄▀▀██ ▄▀█▄▄█
0|maria-pa | 2026-05-15 08:55:36: █▄ ▀  ▀▄█▄█▄▄█▄  ▄██  ▄▄▄▀▄  ▄▀█ █▀▄  ██▀▀ ▀▀▀ █▀█ ▀▄▀▀▀█▄█
0|maria-pa | 2026-05-15 08:55:36: █▄▄█▄██▄ ▀▀█ ▄ ▀  █▀ █▄▀█▄▀  ▀▀██▄▄▀▀█▄▄ ▀▀█   ▀ ▄▄ ▀▀█▄▀ █
0|maria-pa | 2026-05-15 08:55:36: ██▄▀██ ▄ ███    █ █▄ ▄█ ▄▄▀█▄▀▄▄▀█▄██▀ ▄▄▄██▀ ▄ █▀▄▀▄█▄█▄██
0|maria-pa | 2026-05-15 08:55:36: █ █▄▀██▄█▄█▄ ▄▄▄██▀▀ █ █▀▀██▄█▄▄ ▀▄▄▄▀▀█▄▄█ ▀▀▄█▀ ▀██▄██▀▀█
0|maria-pa | 2026-05-15 08:55:36: █ ▀ ▀▀▄▄█▄▀▀▀ █ ██ ▀▀▄▀▀ █▀▀▄█▀▀▀█ ▄   █▀▄█ █  ▀█▀ ▄▄▄▀█ ▄█
0|maria-pa | 2026-05-15 08:55:36: ███████▄█ ▄▄▀█▄█ █  ▀▀█▀▄▄▄ ▄▄▄  █ ██▄  ▄▀██▄▀█▄█ ▄▄▄ █▄▄▄█
0|maria-pa | 2026-05-15 08:55:36: █ ▄▄▄▄▄ ██▀▄▀██▄▄▀███▄█ ▀ █ █▄█  ▀█▀▄█▄▄ █▀▀ ▄ █▄ █▄█ ▄ █▀█
0|maria-pa | 2026-05-15 08:55:36: █ █   █ █▀ ▄ ▀█ ▀█▀▀ ▄ █ ▀▄▄▄▄  ▄▄▀▀▄▀█▄ ▀▄█  █▀█▄▄  ▄▀▄▀▄█
0|maria-pa | 2026-05-15 08:55:36: █ █▄▄▄█ █ █▄  ▀▀  ▀█▄▀█▀█▀█▀▀▀█▀█▀ ▀█▄  ▀▀▄█▄▀█ ▄▄▄▀██▄██▀█
0|maria-pa | 2026-05-15 08:55:36: █▄▄▄▄▄▄▄█▄█▄█▄█▄█▄▄█▄▄▄▄▄███▄▄███▄██▄█▄▄▄▄▄▄██▄▄▄██▄▄▄█▄███
0|maria-pa | 2026-05-15 08:55:36: 
0|maria-pa | 2026-05-15 08:55:56: [WA qr] escaneá este QR:
0|maria-pa | 2026-05-15 08:55:56: ▄▄▄▄▄▄▄▄▄▄▄▄▄▄▄▄▄▄▄▄▄▄▄▄▄▄▄▄▄▄▄▄▄▄▄▄▄▄▄▄▄▄▄▄▄▄▄▄▄▄▄▄▄▄▄▄▄▄▄
0|maria-pa | 2026-05-15 08:55:56: █ ▄▄▄▄▄ █▀█ ▀▄█▄█▀▄▄ █▄█ ▄ ▀▄▄▄▄▄ ██▄▄▀▀  ▀▄█▀▄▄ ██ ▄▄▄▄▄ █
0|maria-pa | 2026-05-15 08:55:56: █ █   █ █▀▀█ █▀▄██ ▀██▀▄  ▀█▀▄ ██▄▀▀▀ ██ ▄▀▀▀▄ ▄ ██ █   █ █
0|maria-pa | 2026-05-15 08:55:56: █ █▄▄▄█ █▀▄▄  ▀█▄█▄▀▄ ▀▄▀ █ ▄▄▄ ▄▄█▀  ▄▀   ▄▀▀▀▀▄██ █▄▄▄█ █
0|maria-pa | 2026-05-15 08:55:56: █▄▄▄▄▄▄▄█▄█ ▀▄█▄▀▄▀▄▀ ▀▄█ █ █▄█ ▀▄█ ▀▄█▄▀ █ ▀▄▀▄▀▄█▄▄▄▄▄▄▄█
0|maria-pa | 2026-05-15 08:55:56: █▄▄   ▀▄▄▄█▄ █▄▀▀▄▄▄ ▄█▀   ▄▄▄  ▀█▀██ ▀▄▀█▀  █▀█▀▀ █▄█▄▀ ██
0|maria-pa | 2026-05-15 08:55:56: █▄█▄█  ▄█  ▄██▄  ▄▀ ▀▀▀ ▀▀ ▄▄█ ███  ▀   ▄█▀█▀▄▄ █▄▀  ▄▀▀▄▀█
0|maria-pa | 2026-05-15 08:55:56: ██▄ ▄▄█▄ █▄██▄▄▄▄▄▀ ▀▄▀▄  ▄█▀▀▀█ ▀██▄  ▄▀█▀▀▄▀██▀ ▀████▄▄▄█
0|maria-pa | 2026-05-15 08:55:56: █▄▄  ▄█▄  ▀█▀▄▄▄▀▄▄▄▀▀▄ ▄█ █ █▀▄▄▀▀▄██ ██▄▀ ▄█▄▄▄ ▀ ▀▄ ▀ ▀█
0|maria-pa | 2026-05-15 08:55:56: ██▀████▄ ██ ▀▀▄▀█▄▀▄▀▄█▀▀  █▀  ▀██▀█▄  ▄█▀   █ █▀▀ ████▀▄▄█
0|maria-pa | 2026-05-15 08:55:56: █ ▀▄██ ▄█▀ ▀▄█▀███▄ █ ██ ▀ ██▄█▄▀ ▀▄▀▄▀ ▄▄▄ ▄▄█ ▄ ▄ ▀█ ▀▄▀█
0|maria-pa | 2026-05-15 08:55:56: █ █  █▄▄ ▄█▄▀▄▀█▄▀▀▄▄█ ▀▀▄  ▀▀▀  ▀▄▄▄▄ █▀█▀▀ ▀▄█▄▀████▀   █
0|maria-pa | 2026-05-15 08:55:56: █▀▀▀▀▀▀▄ █▄▄█▄  ▄ ▄▀▄█▄█▀█▀   ▄▄▄█▄  ▄█▀▄▄▄▀ ▀ ▀ █▄ ▀▀ ▀▀▀█
0|maria-pa | 2026-05-15 08:55:56: █ ▀▄█▀▄▄█▄▄▀▄▀▀ ▄█▀▄█▄▄▀▄▀▀█▀█▀ ▄  ██▄▀▄▀▀   ██▄▀ ▀▄▀▀▄▀▄▄█
0|maria-pa | 2026-05-15 08:55:56: █ ▄▄█ ▄▄▄ ▄█▄▄▀▄ ▄▄█ ▀▄█ ▀█ ▄▄▄ ▄ ▀▄▄ ▀▄ █  █▄ ▄█ ▄▄▄ █ ▄▀█
0|maria-pa | 2026-05-15 08:55:56: █▄  █ █▄█ ███▀▄▄▀▄▄▀▀▄▄██▀▀ █▄█  █▄█▄▄ ██▀█▀ ▀▄▄▀ █▄█  ▀█▀█
0|maria-pa | 2026-05-15 08:55:56: █▀▀██▄ ▄▄▄▄█▀▄ ▀▄ ▀ ▀▀  ▀▄▄▄  ▄▄▀█▄▀▀▄ ▀  ▄▀██▄██▄ ▄▄▄  ███
0|maria-pa | 2026-05-15 08:55:56: █▄█ ▀ ▄▄▄▄▀▀ ▄█ ▄█▀▄▀█▀█ ▀▄ ▄▄▀ ▄█▀█ ▄ ▄▀█▀ ▄▀▄███ ▀▄█▀▄█ █
0|maria-pa | 2026-05-15 08:55:56: ██▄ ▀▀▀▄ ▄▀▀▀▄ ▄▄█  █▄█ ▀█▄▀█▄▀ ▄▀▄ █▀▄▄  ▄▄▀    ▄▄▀▀▀   ██
0|maria-pa | 2026-05-15 08:55:56: ██▀▀▄▄ ▄█ █▄ █▄█▀█▄▄▀▀▄▀▄ ▄▄▀█ ▀ ███▄▄ ▄█▀▀▀▄▀▄▄███▀▄▄█▀▄▀█
0|maria-pa | 2026-05-15 08:55:56: ██▀▀▀▀▀▄▄▄▄█▀▀  ▀██▄▀ ██▄ █ ▀█▄ ▀▄ █▀▀▄█ ▀  ▀▀▀▄▀▄▀▀█ ▀ ▄▄█
0|maria-pa | 2026-05-15 08:55:56: █▀ ▄▀ ▄▄▄ ██▄▄█▄█▄▄▄▄▄▀█▄▀█▀██  ▀█▀█   ███  ▄▀██▀▀▄█▄█▄██▀█
0|maria-pa | 2026-05-15 08:55:56: █▀▄█▀▄▀▄ ▀▀ ▄█ ▄▀ ▀   ▀   ▀▀ ▀  ▀▀▄▀▀█▄▄ ▄▀▀▀▄  ▀▄▀▀ █▄ ▄▀█
0|maria-pa | 2026-05-15 08:55:56: █▀▄▀██ ▄▀ █▀ ██▄▄▄▀ ▀█▀▄▀ █ █▄▄█▀▀ █▄  ███▀▀ ▀███▄█▄▀▄ ▀ ▀█
0|maria-pa | 2026-05-15 08:55:56: █ ▀ ▀▀▄▄█▀▄█ █▀▀ ▀  ██▀ ▀ █ ▀▀ ▄█▄█ ██ ▄ ▄█████ ▄▄▄▀██▀▀▄██
0|maria-pa | 2026-05-15 08:55:56: ███████▄█  ▄█▀▄▀█▄▄▄▀▄██▀▀▄ ▄▄▄  ▀▄█▄  ▄██▄  ▀██▀ ▄▄▄ ▀▀ ▄█
0|maria-pa | 2026-05-15 08:55:56: █ ▄▄▄▄▄ █▄ █▀▄▄▄ ▀█▄ █▄▀▄▀▄ █▄█ ▀▀▄ ▄▄▄█▄▀ ▀   █▄ █▄█ ▄▀▄██
0|maria-pa | 2026-05-15 08:55:56: █ █   █ █ █   ▀▀▄▀ ▄▄██▀▀▄ ▄▄  ▄ █▄█  ▀█▀▀█ ▄█ ██   ▄  ▀▄██
0|maria-pa | 2026-05-15 08:55:56: █ █▄▄▄█ █ ▄▄ █▄▀▄ █▀▄█▀▀▀████▀▀██▄▄▀   ▄▄  ▀█▄▀   ▄█▄█ ▀███
0|maria-pa | 2026-05-15 08:55:56: █▄▄▄▄▄▄▄█▄██▄█▄▄▄█▄▄█▄██▄▄▄██▄█▄▄▄▄▄▄▄█▄██▄█▄███▄▄▄▄▄███▄██
0|maria-pa | 2026-05-15 08:55:56: 
0|maria-pa | 2026-05-15 08:56:02: 
0|maria-pa | 2026-05-15 08:56:02: ▸ SIGINT recibido, cerrando…
0|maria-pa | 2026-05-15 08:56:04: ━━━━━━━━━━━━━━━━━━━━━━━━━━━━━━━━━━━━━━━━
0|maria-pa | 2026-05-15 08:56:04: ▸ Maria Paez [maria-paez] iniciando…
0|maria-pa | 2026-05-15 08:56:04:   Owner:      Diego (id=1)
0|maria-pa | 2026-05-15 08:56:04:   Usuarios:   9 activo(s) → Diego, Hernan Fulco, Natali Funez, Fernando Boero, Santiago Bignone, Doris Capurro, Nicolas Kosinski, Walter Vera, Cristian Ruiz
0|maria-pa | 2026-05-15 08:56:04:   Gmail poll: cada 300s
0|maria-pa | 2026-05-15 08:56:04: ━━━━━━━━━━━━━━━━━━━━━━━━━━━━━━━━━━━━━━━━
0|maria-pa | 2026-05-15 08:56:04: ✓ whisper OK
0|maria-pa | 2026-05-15 08:56:04: [WA boot] borré lock viejo: /root/secretaria/state/maria-paez/.wwebjs_auth/session/SingletonLock
0|maria-pa | 2026-05-15 08:56:04: [WA boot] borré lock viejo: /root/secretaria/state/maria-paez/.wwebjs_auth/session/SingletonCookie
0|maria-pa | 2026-05-15 08:56:04: [WA boot] borré lock viejo: /root/secretaria/state/maria-paez/.wwebjs_auth/session/SingletonSocket
0|maria-pa | 2026-05-15 08:56:09: [WA loading] 0% - WhatsApp
0|maria-pa | 2026-05-15 08:56:09: [WA authenticated]
0|maria-pa | 2026-05-15 08:56:09: ✅ [WA ready] Maria conectada
0|maria-pa | 2026-05-15 08:56:09: ▸ arrancando poll de Gmail (cada 300s)
0|maria-pa | 2026-05-15 08:56:09: ▸ arrancando loop de recordatorios (cada 30min)
0|maria-pa | 2026-05-15 08:56:09: ▸ arrancando dispatcher de programados (cada 60s)
0|maria-pa | 2026-05-15 08:56:09: ▸ arrancando morning-brief (por usuario, ventana 4h)
0|maria-pa | 2026-05-15 08:56:09: [morning-brief] activo, ventana 4h, cada usuario en su tz
0|maria-pa | 2026-05-15 08:56:09: ▸ arrancando meeting-prep (cada 5min)
0|maria-pa | 2026-05-15 08:56:09: [meeting-prep] activo, cada 5min, alerta 15min antes (multi-user)
0|maria-pa | 2026-05-15 08:56:09: ▸ arrancando calendar-watch (cada 8h)
0|maria-pa | 2026-05-15 08:56:09: [calendar-watch] activo, cada 8.0h
0|maria-pa | 2026-05-15 08:56:10: [meeting-prep/Diego] + id=163 Avance Semanal con DP @ 2026-05-15T13:15:00.000Z
0|maria-pa | 2026-05-15 08:56:10: [WA loading] 99% - WhatsApp
0|maria-pa | 2026-05-15 08:56:10: [meeting-prep/Hernan Fulco] + id=164 MC Daily @ 2026-05-15T12:00:00.000Z
0|maria-pa | 2026-05-15 08:56:10: [meeting-prep/Hernan Fulco] + id=165 Daily CMP @ 2026-05-15T12:30:00.000Z


# exit=0
