# ejecutado: 2026-05-26T15:37:01-03:00
# host: ubuntu-4gb-nbg1-2
# instancia: maria-paez
# script:
#   #!/bin/bash
#   set -uo pipefail
#   PORT="${ASISTENTE_INTERNAL_PORT:-4501}"
#   SECRET="${ASISTENTE_INTERNAL_SECRET:-}"
#   HDR=()
#   if [ -n "$SECRET" ]; then HDR=(-H "X-Intensa-Secret: $SECRET"); fi
#   
#   echo "── retry POST /update-usuario { id:13, wa_cus:'5491166010010@c.us' } ──"
#   curl -sS -X POST -H "Content-Type: application/json" "${HDR[@]}" \
#     -d '{"id":13,"wa_cus":"5491166010010@c.us"}' \
#     "http://127.0.0.1:${PORT}/update-usuario" | python3 -m json.tool

# ───── output ─────
── retry POST /update-usuario { id:13, wa_cus:'5491166010010@c.us' } ──
{
    "ok": true,
    "id": 13,
    "nombre": "Santiago Capurro",
    "campos_actualizados": [
        "wa_cus"
    ]
}

# exit=0
