# ejecutado: 2026-05-22T12:22:02-03:00
# host: ubuntu-4gb-nbg1-2
# instancia: maria-paez
# script:
#   #!/bin/bash
#   # revertir-max-thinking-1024.sh — vuelve MAX_THINKING_TOKENS a 1024 (512 no ayudó).
#   set -uo pipefail
#   export PATH="/usr/local/bin:/usr/bin:/bin:${PATH:-}"
#   echo "═══ REVERTIR MAX_THINKING_TOKENS=1024 — $(date '+%Y-%m-%d %H:%M %z') ═══"
#   CF=/root/secretaria/config/instances/maria-paez.conf
#   VAL=1024
#   if [ ! -f "$CF" ]; then echo "✗ no existe $CF"; exit 1; fi
#   
#   BK="${CF}.bak-$(date +%Y%m%d-%H%M%S)"
#   cp "$CF" "$BK"; echo "backup: $BK"
#   echo "valor previo: $(grep -E '^[[:space:]]*MAX_THINKING_TOKENS=' "$CF" || echo '(no seteado)')"
#   if grep -qE '^[[:space:]]*MAX_THINKING_TOKENS=' "$CF"; then
#     sed -i -E "s|^[[:space:]]*MAX_THINKING_TOKENS=.*|MAX_THINKING_TOKENS=${VAL}|" "$CF"
#     echo "actualizado MAX_THINKING_TOKENS → ${VAL}"
#   else
#     printf '\nMAX_THINKING_TOKENS=%s\n' "$VAL" >> "$CF"
#     echo "agregado MAX_THINKING_TOKENS=${VAL}"
#   fi
#   echo
#   echo "── .conf (líneas relevantes) ──"
#   grep -nE 'ASISTENTE_SLUG|MAX_THINKING_TOKENS' "$CF" | sed 's/^/  /'
#   
#   verify() {
#     pm2 jlist 2>/dev/null | node -e '
#     let s="";process.stdin.on("data",d=>s+=d).on("end",()=>{try{
#       let a=JSON.parse(s); let p=a.find(x=>x.name==="maria-paez");
#       if(!p){console.log("PROC_NOT_FOUND");return;}
#       let pe=p.pm2_env||{}; let v=pe.MAX_THINKING_TOKENS;
#       if(v===undefined && pe.env) v=pe.env.MAX_THINKING_TOKENS;
#       console.log("status="+(pe.status||"?")+" restarts="+(pe.restart_time||"?")+" pid="+(p.pid||"?")+" MAX_THINKING_TOKENS="+(v!==undefined?v:"<UNSET>"));
#     }catch(e){console.log("PARSE_FAIL "+e.message);}});'
#   }
#   
#   cd /root/secretaria
#   echo
#   echo "── reload pm2 (ecosystem, solo maria-paez, --update-env) ──"
#   pm2 reload ecosystem.config.js --only maria-paez --update-env 2>&1 | tail -5
#   sleep 9
#   R1=$(verify); echo "  post-reload: $R1"
#   
#   if ! echo "$R1" | grep -q "MAX_THINKING_TOKENS=1024"; then
#     echo
#     echo "── reload no propagó el env → fallback delete+start vía ecosystem ──"
#     pm2 delete maria-paez 2>&1 | tail -2
#     pm2 start ecosystem.config.js --only maria-paez 2>&1 | tail -3
#     sleep 10
#     R2=$(verify); echo "  post-restart: $R2"
#   fi
#   pm2 save 2>&1 | tail -1
#   
#   echo
#   echo "── estado final + log ──"
#   pm2 logs maria-paez --nostream --lines 14 2>/dev/null | tail -14
#   echo
#   echo "═══ FIN — $(date '+%H:%M:%S') ═══"

# ───── output ─────
═══ REVERTIR MAX_THINKING_TOKENS=1024 — 2026-05-22 12:22 -0300 ═══
backup: /root/secretaria/config/instances/maria-paez.conf.bak-20260522-122202
valor previo: MAX_THINKING_TOKENS=512
actualizado MAX_THINKING_TOKENS → 1024

── .conf (líneas relevantes) ──
  7:ASISTENTE_SLUG=maria-paez
  54:MAX_THINKING_TOKENS=1024

── reload pm2 (ecosystem, solo maria-paez, --update-env) ──
[PM2] Applying action reloadProcessId on app [maria-paez](ids: [ 0 ])
[PM2] [maria-paez](0) ✓
  post-reload: status=online restarts=3 pid=2051737 MAX_THINKING_TOKENS=1024
[PM2] Successfully saved in /root/.pm2/dump.pm2

── estado final + log ──
0|maria-pa | 2026-05-22 12:22:09: ▸ arrancando loop de recordatorios (cada 30min)
0|maria-pa | 2026-05-22 12:22:09: ▸ arrancando dispatcher de programados (cada 60s)
0|maria-pa | 2026-05-22 12:22:09: ▸ arrancando morning-brief (por usuario, ventana 4h)
0|maria-pa | 2026-05-22 12:22:09: [morning-brief] activo, ventana 4h, cada usuario en su tz
0|maria-pa | 2026-05-22 12:22:09: ▸ arrancando meeting-prep (cada 5min)
0|maria-pa | 2026-05-22 12:22:09: [meeting-prep] activo, cada 5min, alerta 15min antes (multi-user)
0|maria-pa | 2026-05-22 12:22:09: ▸ arrancando calendar-watch (cada 8h)
0|maria-pa | 2026-05-22 12:22:09: [calendar-watch] activo, cada 8.0h
0|maria-pa | 2026-05-22 12:22:09: ▸ arrancando follow-ups (cada 5min)
0|maria-pa | 2026-05-22 12:22:09: [follow-ups] activo, cada 5min
0|maria-pa | 2026-05-22 12:22:09: ▸ arrancando memoria-curada (cada 24h)
0|maria-pa | 2026-05-22 12:22:09: [memoria-curada] activo, cada 24.0h (min 3 eventos nuevos para curar)
0|maria-pa | 2026-05-22 12:22:09: [internal-api] escuchando en 127.0.0.1:4501 (slug=maria-paez)


═══ FIN — 12:22:13 ═══

# exit=0
