# ejecutado: 2026-07-01T23:26:02-03:00
# host: ubuntu-4gb-nbg1-2
# instancia: maria-paez
# script:
#   #!/bin/bash
#   # Rota ASISTENTE_INTERNAL_SECRET (comprometido en git history) en los 3 lugares:
#   #   1. config/secrets.conf (canónico)
#   #   2. control.sqlite tabla instances (copia que usa intensa-api para el RPC)
#   #   3. instances.bootstrap.json (consistencia para futuros re-bootstraps)
#   # + borra INTENSA_API_SECRET (var muerta, nadie la lee — verificado 2026-07-01).
#   # NO imprime valores.
#   
#   SEC=/root/secretaria/config/secrets.conf
#   BOOT=/root/secretaria/config/instances.bootstrap.json
#   EF=/root/secretaria/.env-intensa-api
#   cd /root/secretaria
#   
#   OLD=$(grep -E '^ASISTENTE_INTERNAL_SECRET=' "$SEC" | head -1 | cut -d= -f2- | tr -d '"')
#   [ -z "$OLD" ] && { echo "no encontré el secret actual en secrets.conf — ABORTO"; exit 1; }
#   NEW=$(openssl rand -hex 32)
#   
#   # 1. secrets.conf
#   sed -i "s|^ASISTENTE_INTERNAL_SECRET=.*|ASISTENTE_INTERNAL_SECRET=$NEW|" "$SEC"
#   grep -q "ASISTENTE_INTERNAL_SECRET=$NEW" "$SEC" && echo "1. secrets.conf: rotado" || { echo "1. FALLO sed secrets.conf"; exit 1; }
#   
#   # borrar la var muerta (línea + su bloque de comentario de 3 líneas)
#   sed -i '/^# ── INTENSA_API_SECRET/,/^INTENSA_API_SECRET=/d' "$SEC"
#   sed -i '/^INTENSA_API_SECRET=/d' "$EF"
#   echo "   INTENSA_API_SECRET borrada de secrets.conf y .env-intensa-api (var muerta)"
#   
#   # 2. control DB
#   CONTROL_DB=$(grep -E '^CONTROL_DB=' "$EF" | head -1 | cut -d= -f2- | tr -d '"')
#   node -e "
#   const db = require('/root/secretaria/node_modules/better-sqlite3')('$CONTROL_DB');
#   const r = db.prepare(\"UPDATE instances SET internal_secret=? WHERE slug='maria-paez'\").run('$NEW');
#   const row = db.prepare(\"SELECT internal_secret FROM instances WHERE slug='maria-paez'\").get();
#   console.log('2. control DB instances:', r.changes === 1 && row.internal_secret === '$NEW' ? 'rotado' : 'FALLO');
#   db.close();
#   "
#   
#   # 3. bootstrap.json
#   node -e "
#   const fs = require('fs');
#   const arr = JSON.parse(fs.readFileSync('$BOOT','utf8'));
#   const i = arr.find(x => x.slug === 'maria-paez');
#   if (!i) { console.log('3. bootstrap.json: slug no encontrado — FALLO'); process.exit(1); }
#   i.internal_secret = '$NEW';
#   fs.writeFileSync('$BOOT', JSON.stringify(arr, null, 2));
#   console.log('3. bootstrap.json: rotado');
#   "
#   
#   # reload
#   pm2 reload ecosystem.config.js --update-env >/dev/null 2>&1
#   echo "pm2 reload exit=$?"
#   sleep 4
#   
#   # verificación funcional (sin imprimir valores)
#   PORT=$(grep -E '^ASISTENTE_INTERNAL_PORT=' /root/secretaria/config/instances/maria-paez.conf | cut -d= -f2- | tr -d '"')
#   NEW_HTTP=$(curl -s -o /dev/null -w '%{http_code}' -X POST "http://127.0.0.1:$PORT/reload-usuarios" -H "x-intensa-secret: $NEW")
#   OLD_HTTP=$(curl -s -o /dev/null -w '%{http_code}' -X POST "http://127.0.0.1:$PORT/reload-usuarios" -H "x-intensa-secret: $OLD")
#   echo "internal-api con secret NUEVO: HTTP $NEW_HTTP (esperado 200)"
#   echo "internal-api con secret VIEJO (comprometido): HTTP $OLD_HTTP (esperado 401)"
#   pm2 jlist 2>/dev/null | python3 -c "
#   import json,sys
#   for p in json.load(sys.stdin):
#       if p['name'] in ('maria-paez','intensa-api'):
#           print(f\"{p['name']}: {p['pm2_env'].get('status')} restarts={p['pm2_env'].get('restart_time')}\")
#   "
#   echo "LISTO"

# ───── output ─────
1. secrets.conf: rotado
   INTENSA_API_SECRET borrada de secrets.conf y .env-intensa-api (var muerta)
2. control DB instances: rotado
3. bootstrap.json: rotado
pm2 reload exit=0
internal-api con secret NUEVO: HTTP 000 (esperado 200)
internal-api con secret VIEJO (comprometido): HTTP 000 (esperado 401)
maria-paez: online restarts=25
intensa-api: online restarts=2
LISTO

# exit=0
