# ejecutado: 2026-06-28T01:50:02-03:00
# host: ubuntu-4gb-nbg1-2
# instancia: maria-paez
# script:
#   #!/bin/bash
#   # Agrega STRIPE_SECRET_KEY + STRIPE_PUBLISHABLE_KEY (live) al .env-intensa-api.
#   # Claves en base64 para esquivar el push-protection de GitHub; se decodifican acá.
#   set -u
#   ENV=/root/secretaria/.env-intensa-api
#   SK=$(echo 'c2tfbGl2ZV81MVRuOUU3QlNuREZiOEpYSU1wSFVkMldxSXdRZG8xRXlFSmYyZFh1eWsxVXBLWXlDYzBRcUR4R09CU0JZWkxoT0Z4S29MdHByYzdWNkxPV3NYYlZ0cHhBMDAwMUNGQURzZzQ=' | base64 -d)
#   PK=$(echo 'cGtfbGl2ZV81MVRuOUU3QlNuREZiOEpYSW9YbjBObjJJUkNIcmdRSVlaU1VweE45WFdTN1BiOE1TTDBQOEc0UngyNjJsaXVSWkVPTjMwdnRCMzJhNGZ1ZTYxVkF3VmxNVzAwa2V3SUhYYTU=' | base64 -d)
#   
#   [ -f "$ENV" ] || { echo "ERROR no existe $ENV"; exit 1; }
#   cp -a "$ENV" "${ENV}.bak.$(date +%s)"
#   grep -vE '^STRIPE_SECRET_KEY=|^STRIPE_PUBLISHABLE_KEY=' "$ENV" > "${ENV}.tmp"
#   {
#     echo ""
#     echo "# Stripe — API keys LIVE (deploy $(date -Iseconds))"
#     echo "STRIPE_SECRET_KEY=${SK}"
#     echo "STRIPE_PUBLISHABLE_KEY=${PK}"
#   } >> "${ENV}.tmp"
#   mv "${ENV}.tmp" "$ENV"; chmod 600 "$ENV"
#   
#   echo "## keys del env (masked):"
#   sed -E 's/^([A-Za-z0-9_]+)=.*/\1=<set>/' "$ENV"
#   echo
#   echo "## valido SECRET KEY contra Stripe API (/v1/balance, read-only):"
#   HTTP=$(curl -s -o /tmp/stripe_bal.json -w "%{http_code}" https://api.stripe.com/v1/balance -u "${SK}:")
#   echo "http_code=$HTTP"
#   if [ "$HTTP" = "200" ]; then
#     echo "AUTH OK — secret key válida (transcripción correcta)."
#     python3 -c "import json;d=json.load(open('/tmp/stripe_bal.json'));print('object=',d.get('object'),'livemode=',d.get('livemode'))" 2>/dev/null
#   else
#     echo "AUTH FALLÓ. Error de Stripe (sin exponer la key):"
#     python3 -c "import json;d=json.load(open('/tmp/stripe_bal.json'));print(d.get('error',{}).get('message'))" 2>/dev/null
#   fi
#   rm -f /tmp/stripe_bal.json
#   echo
#   echo "## reload via ecosystem"
#   cd /root/secretaria
#   pm2 reload ecosystem.config.js --only intensa-api --update-env 2>&1 | tail -4
#   sleep 2
#   PID=$(pm2 jlist 2>/dev/null | python3 -c "import json,sys
#   for p in json.load(sys.stdin):
#     if p.get('name')=='intensa-api': print(p.get('pid'))")
#   echo "pid=$PID  vars en environ:"
#   for k in STRIPE_SECRET_KEY STRIPE_PUBLISHABLE_KEY STRIPE_WEBHOOK_SECRET LEMON_WEBHOOK_SECRET INTENSA_API_SECRET; do
#     if tr '\0' '\n' < /proc/$PID/environ | grep -q "^$k="; then echo "  $k=PRESENTE"; else echo "  $k=AUSENTE"; fi
#   done
#   pm2 jlist 2>/dev/null | python3 -c "import json,sys
#   for p in json.load(sys.stdin):
#     if p.get('name')=='intensa-api':
#       e=p.get('pm2_env',{}); print('status=',e.get('status'),'restarts=',e.get('restart_time'))"
#   ss -ltnp 2>/dev/null | grep 4080 >/dev/null && echo "puerto 4080 OK" || echo "4080 CAIDO!"

# ───── output ─────
## keys del env (masked):
INTENSA_API_PORT=<set>
INTENSA_API_HOST=<set>
CONTROL_DB=<set>
ARCHIVE_DB=<set>
INTENSA_API_SECRET=<set>
INTENSA_LANDING_BASE=<set>
LEMON_API_KEY=<set>
LEMON_WEBHOOK_SECRET=<set>
LEMON_BUY_BASE=<set>
LEMON_TEST_MODE=<set>
TURNSTILE_SITE_KEY=<set>
TURNSTILE_SECRET_KEY=<set>
INSTANCES_BOOTSTRAP_FILE=<set>

# Stripe — webhook signing secret (deploy 2026-06-28T01:40:02-03:00)
STRIPE_WEBHOOK_SECRET=<set>

# Stripe — API keys LIVE (deploy 2026-06-28T01:50:02-03:00)
STRIPE_SECRET_KEY=<set>
STRIPE_PUBLISHABLE_KEY=<set>

## valido SECRET KEY contra Stripe API (/v1/balance, read-only):
http_code=200
AUTH OK — secret key válida (transcripción correcta).
object= balance livemode= True

## reload via ecosystem
[PM2] Applying action reloadProcessId on app [intensa-api](ids: [ 1 ])
[PM2] [intensa-api](1) ✓
pid=1776265  vars en environ:
  STRIPE_SECRET_KEY=PRESENTE
  STRIPE_PUBLISHABLE_KEY=PRESENTE
  STRIPE_WEBHOOK_SECRET=PRESENTE
  LEMON_WEBHOOK_SECRET=PRESENTE
  INTENSA_API_SECRET=PRESENTE
status= online restarts= 3
puerto 4080 OK

# exit=0
