# ejecutado: 2026-07-05T22:24:01-03:00
# host: ubuntu-4gb-nbg1-2
# instancia: maria-paez
# script:
#   #!/bin/bash
#   command -v strace >/dev/null || DEBIAN_FRONTEND=noninteractive apt-get install -y strace >/dev/null 2>&1
#   PID=$(pm2 pid maria-paez 2>/dev/null | tail -1)
#   echo "trazando pid=$PID (espero el SIGINT ~10s)…"
#   timeout 20 strace -p "$PID" -e trace=signal -f 2>&1 | grep -m3 "SIGINT" | head -3
#   echo "── quién es el si_pid ──"
#   SIPID=$(timeout 20 strace -p "$(pm2 pid maria-paez 2>/dev/null | tail -1)" -e trace=signal 2>&1 | grep -m1 -oE "si_pid=[0-9]+" | cut -d= -f2)
#   if [ -n "$SIPID" ]; then
#     echo "si_pid=$SIPID:"
#     ps -o pid,ppid,etime,cmd -p "$SIPID" 2>/dev/null || echo "(ya murió — era efímero)"
#     PPID2=$(ps -o ppid= -p "$SIPID" 2>/dev/null | tr -d ' ')
#     [ -n "$PPID2" ] && echo "padre:" && ps -o pid,ppid,etime,cmd -p "$PPID2" 2>/dev/null
#   fi
#   echo LISTO

# ───── output ─────
trazando pid=2987952 (espero el SIGINT ~10s)…
[pid 2987952] rt_sigaction(SIGINT, {sa_handler=0x1d40640, sa_mask=~[RTMIN RT_1], sa_flags=SA_RESTORER|SA_RESTART, sa_restorer=0x7b8d9f845330}, NULL, 8) = 0
[pid 2988122] rt_sigaction(SIGINT, {sa_handler=SIG_DFL, sa_mask=[INT], sa_flags=SA_RESTORER|SA_RESTART, sa_restorer=0x7b8d9f845330}, {sa_handler=0x1d40640, sa_mask=~[KILL STOP RTMIN RT_1], sa_flags=SA_RESTORER|SA_RESTART, sa_restorer=0x7b8d9f845330}, 8) = 0
[pid 2988122] rt_sigaction(SIGINT, {sa_handler=SIG_DFL, sa_mask=[], sa_flags=SA_RESTORER, sa_restorer=0x7e70f1845330}, {sa_handler=SIG_DFL, sa_mask=[], sa_flags=0}, 8) = 0
── quién es el si_pid ──
LISTO

# exit=0
