# ejecutado: 2026-07-05T22:26:02-03:00
# host: ubuntu-4gb-nbg1-2
# instancia: maria-paez
# script:
#   #!/bin/bash
#   echo "── barrido de procesos sospechosos ──"
#   ps auxww | grep -viE "grep|snapshots" | grep -iE "sleep|while|restart|relink" | head -6
#   systemctl list-timers --no-pager 2>/dev/null | head -6
#   echo "── strace a archivo (30s) ──"
#   PID=$(pm2 pid maria-paez 2>/dev/null | tail -1)
#   echo "pid inicial: $PID"
#   timeout 30 strace -p "$PID" -e trace=signal -o /tmp/st-sig.txt 2>/dev/null
#   echo "── señales entregadas ──"
#   grep -E "^--- SIG" /tmp/st-sig.txt | head -5
#   echo "── detalle del emisor ──"
#   SIPID=$(grep -m1 -oE "si_pid=[0-9]+" /tmp/st-sig.txt | cut -d= -f2)
#   if [ -n "$SIPID" ]; then
#     echo "si_pid=$SIPID"
#     ps -o pid,ppid,etime,cmd -p "$SIPID" 2>/dev/null || echo "(efímero, ya murió)"
#     P2=$(ps -o ppid= -p "$SIPID" 2>/dev/null | tr -d ' ')
#     [ -n "$P2" ] && ps -o pid,ppid,etime,cmd -p "$P2" 2>/dev/null
#   fi
#   rm -f /tmp/st-sig.txt
#   echo LISTO

# ───── output ─────
── barrido de procesos sospechosos ──
NEXT                                LEFT LAST                              PASSED UNIT                           ACTIVATES
Sun 2026-07-05 22:30:00 -03     3min 57s Sun 2026-07-05 22:20:02 -03     6min ago sysstat-collect.timer          sysstat-collect.service
Mon 2026-07-06 00:00:00 -03     1h 33min Sun 2026-07-05 00:00:02 -03      22h ago dpkg-db-backup.timer           dpkg-db-backup.service
Mon 2026-07-06 00:00:00 -03     1h 33min Sun 2026-07-05 00:00:02 -03      22h ago logrotate.timer                logrotate.service
Mon 2026-07-06 00:01:55 -03     1h 35min Mon 2026-06-29 00:36:37 -03   6 days ago fstrim.timer                   fstrim.service
Mon 2026-07-06 00:07:00 -03     1h 40min Sun 2026-07-05 00:07:01 -03      22h ago sysstat-summary.timer          sysstat-summary.service
── strace a archivo (30s) ──
pid inicial: 2992481
── señales entregadas ──
── detalle del emisor ──
LISTO

# exit=0
