# ejecutado: 2026-05-30T19:39:03-03:00
# host: ubuntu-4gb-nbg1-2
# instancia: maria-paez
# script:
#   #!/bin/bash
#   set -uo pipefail
#   cd /root/secretaria
#   echo "=== HEAD vivo ==="; git log --oneline -1
#   echo "=== prompt tiene la regla? ==="; grep -c "CUÁNDO emitir crear_usuario" prompt-builder.js
#   echo "=== pm2 ==="
#   pm2 jlist 2>/dev/null | node -e 'let s="";process.stdin.on("data",d=>s+=d).on("end",()=>{const m=JSON.parse(s).find(x=>x.name==="maria-paez");console.log("status:",m.pm2_env.status,"restarts:",m.pm2_env.restart_time,"uptime:",Math.round((Date.now()-m.pm2_env.pm_uptime)/1000)+"s");})'
#   tail -12 /root/.pm2/logs/maria-paez-out.log 2>/dev/null | grep -iE "ready|error" | tail -2

# ───── output ─────
=== HEAD vivo ===
13046155b5 inbox: verify crear_usuario fix
=== prompt tiene la regla? ===
1
=== pm2 ===
status: online restarts: 6 uptime: 1s

# exit=0
