# ejecutado: 2026-07-03T09:15:02-03:00
# host: ubuntu-4gb-nbg1-2
# instancia: maria-paez
# script:
#   #!/bin/bash
#   cd /root/secretaria
#   echo "── canary del cleanup ──"
#   grep -E "canary (OK|FALLÓ)" ops/.cron.log | tail -2
#   echo "── pm2 ──"
#   pm2 jlist 2>/dev/null | python3 -c "import json,sys; [print(p['name'], p['pm2_env']['status'], 'restarts='+str(p['pm2_env']['restart_time'])) for p in json.load(sys.stdin) if p['name']=='maria-paez']"
#   echo "── smoke /accion post-cleanup ──"
#   SECRET=<REDACTED> -E '^ASISTENTE_INTERNAL_SECRET=' config/secrets.conf | cut -d= -f2- | tr -d '"')
#   PORT=$(grep -E '^ASISTENTE_INTERNAL_PORT=' config/instances/maria-paez.conf | cut -d= -f2- | tr -d '"')
#   TS=$(date +%s%3N)
#   R=$(curl -s -m 20 -X POST "http://127.0.0.1:$PORT/accion" -H "x-intensa-secret: $SECRET" -H 'Content-Type: application/json' \
#     -d "{\"usuarioId\":1,\"accion\":{\"tipo\":\"recordar_hecho\",\"clave\":\"_smoke_cleanup\",\"valor\":\"tmp\"},\"canalOrigen\":\"whatsapp\",\"turnStartTs\":$TS,\"chatKey\":\"whatsapp:_smoke@c.us\"}")
#   echo "recordar_hecho → $(echo "$R" | head -c 110)"
#   R2=$(curl -s -m 20 -X POST "http://127.0.0.1:$PORT/accion" -H "x-intensa-secret: $SECRET" -H 'Content-Type: application/json' \
#     -d "{\"usuarioId\":1,\"accion\":{\"tipo\":\"olvidar_hecho\",\"clave\":\"_smoke_cleanup\"},\"canalOrigen\":\"whatsapp\",\"turnStartTs\":$TS}")
#   echo "olvidar_hecho → $(echo "$R2" | head -c 80)"
#   R3=$(curl -s -m 20 -X POST "http://127.0.0.1:$PORT/accion" -H "x-intensa-secret: $SECRET" -H 'Content-Type: application/json' \
#     -d "{\"usuarioId\":1,\"accion\":{\"tipo\":\"enviar_whatsapp\"},\"canalOrigen\":\"whatsapp\",\"turnStartTs\":$TS}")
#   echo "sinónimo viejo (enviar_whatsapp) → $(echo "$R3" | python3 -c 'import json,sys; d=json.load(sys.stdin); print("ok:", d.get("ok"), "|", (d.get("error") or "")[:80])')"
#   echo LISTO

# ───── output ─────
── canary del cleanup ──
canary OK (b2e99c540c5dca5898764e82cd62c644670486a4) → reload
canary OK (1705208808aaa27e34feb73db596d30da944e910) → reload
── pm2 ──
maria-paez online restarts=6
── smoke /accion post-cleanup ──
recordar_hecho → {"ok":true,"accion":{"tipo":"recordar_hecho","clave":"_smoke_cleanup","valor":"tmp"},"resultado":{"clave":"_sm
olvidar_hecho → {"ok":true,"accion":{"tipo":"olvidar_hecho","clave":"_smoke_cleanup"},"resultado
sinónimo viejo (enviar_whatsapp) → ok: False | Faltan campos requeridos: a, texto
LISTO

# exit=0
