# ejecutado: 2026-05-18T09:10:02-03:00
# host: ubuntu-4gb-nbg1-2
# instancia: maria-paez
# script:
#   #!/bin/bash
#   set +e
#   echo "═══ pm2 ═══"
#   pm2 jlist 2>/dev/null | python3 -c 'import sys,json; d=[x for x in json.load(sys.stdin) if x["name"]=="maria-paez"]; r=d[0] if d else None; print("pid:", r["pid"], "restart:", r["pm2_env"]["restart_time"]) if r else print("no")'
#   echo ""
#   echo "═══ ¿_lastIncoming declarado en código vivo? ═══"
#   grep -c "^const _lastIncoming" /root/secretaria/whatsapp-handler.js
#   grep -c "_lastIncoming\.set" /root/secretaria/whatsapp-handler.js
#   grep -c "_lastIncoming\.get" /root/secretaria/whatsapp-handler.js
#   echo ""
#   echo "═══ errores recientes ═══"
#   pm2 logs maria-paez --lines 80 --nostream 2>&1 | grep -iE "ReferenceError|unhandledRejection|fatal|SyntaxError" | tail -10
#   echo ""
#   echo "═══ últimos eventos WA ═══"
#   sqlite3 -header -column /root/secretaria/state/maria-paez/db/maria.sqlite "SELECT datetime(timestamp), direccion, substr(cuerpo,1,60) FROM eventos WHERE canal='whatsapp' AND timestamp >= datetime('now','-15 minutes') ORDER BY timestamp ASC LIMIT 15;"

# ───── output ─────
═══ pm2 ═══
pid: 1102935 restart: 56

═══ ¿_lastIncoming declarado en código vivo? ═══
1
1
2

═══ errores recientes ═══
0|maria-pa | 2026-05-18 08:33:28: [WA debounce] error despachando grupo de 5491132317896@c.us: ReferenceError: startTs is not defined
0|maria-pa | 2026-05-18 08:33:44: [WA debounce] error despachando grupo de 5491132317896@c.us: ReferenceError: startTs is not defined
0|maria-pa | 2026-05-18 08:53:36: ReferenceError: _lastIncoming is not defined
0|maria-pa | 2026-05-18 08:53:36: [unhandledRejection] ReferenceError: _lastIncoming is not defined
0|maria-pa | 2026-05-18 09:00:33: ReferenceError: _lastIncoming is not defined
0|maria-pa | 2026-05-18 09:00:33: [unhandledRejection] ReferenceError: _lastIncoming is not defined
0|maria-pa | 2026-05-18 09:02:58: ReferenceError: _lastIncoming is not defined
0|maria-pa | 2026-05-18 09:02:58: [unhandledRejection] ReferenceError: _lastIncoming is not defined
0|maria-pa | 2026-05-18 09:03:32: ReferenceError: _lastIncoming is not defined
0|maria-pa | 2026-05-18 09:03:32: [unhandledRejection] ReferenceError: _lastIncoming is not defined

═══ últimos eventos WA ═══
datetime(timestamp)  direccion  substr(cuerpo,1,60)                                         
-------------------  ---------  ------------------------------------------------------------
2026-05-18 12:00:10  saliente   Buen día, retomo mi consulta sobre el Volvo EX-30 Plus. ¿Tie

2026-05-18 12:00:10  saliente   Buen día, retomo mi consulta sobre la Subaru Crosstrek 2.0 L

2026-05-18 12:00:10  saliente   Buen día, retomo mi consulta sobre la Taos Highline. ¿Tienen

2026-05-18 12:00:10  saliente   Buen día, retomo mi consulta de ayer sobre la Honda HRV EXL.

2026-05-18 12:00:17  saliente   ⏰ *En 15min*: MC Daily (09:15 a. m.)                        
                                Con: cristian.incarnato                                     

# exit=0
