# ejecutado: 2026-05-17T19:58:02-03:00
# host: ubuntu-4gb-nbg1-2
# instancia: maria-paez
# script:
#   #!/bin/bash
#   set +e
#   echo "═══ pm2 ═══"
#   pm2 jlist 2>/dev/null | python3 -c 'import sys,json; d=[x for x in json.load(sys.stdin) if x["name"]=="maria-paez"]; r=d[0] if d else None; print("pid:", r["pid"], "restart:", r["pm2_env"]["restart_time"]) if r else print("no")'
#   
#   echo ""
#   echo "═══ Código vivo tiene fix? ═══"
#   grep -c "_variantesArMobile" /root/secretaria/usuarios.js
#   grep -c "DIAG2 vcard" /root/secretaria/whatsapp-handler.js
#   
#   echo ""
#   echo "═══ Smoke test: resolverPorWa con/sin 9 ═══"
#   cd /root/secretaria && node -e "
#   const u = require('./usuarios');
#   const r1 = u.resolverPorWa('5491132317896@c.us');
#   const r2 = u.resolverPorWa('541132317896@c.us');
#   const r3 = u.resolverPorWa('5491150080522@c.us');
#   console.log('5491132317896@c.us (con 9) →', r1 ? r1.nombre + ' id=' + r1.id : 'null');
#   console.log('541132317896@c.us  (sin 9) →', r2 ? r2.nombre + ' id=' + r2.id : 'null');
#   console.log('5491150080522@c.us (Nico) →', r3 ? r3.nombre + ' id=' + r3.id : 'null');
#   "

# ───── output ─────
═══ pm2 ═══
pid: 974741 restart: 41

═══ Código vivo tiene fix? ═══
2
0

═══ Smoke test: resolverPorWa con/sin 9 ═══
[memory] owner creado: Diego (id=1)
[memory] migración: usuarios.calendar_acceso agregado (backfill write para users con calendar_id)
[memory] migración: usuarios.calendar_provider agregado (default 'google')
[memory] migración: usuarios.calendar_auth_json agregado (NULL para Google)
5491132317896@c.us (con 9) → Diego id=1
541132317896@c.us  (sin 9) → Diego id=1
5491150080522@c.us (Nico) → null

# exit=0
