# ejecutado: 2026-07-11T11:42:01-03:00
# host: ubuntu-4gb-nbg1-2
# instancia: maria-paez
# script:
#   #!/bin/bash
#   set -e
#   ST=/root/secretaria/state/maria-paez
#   touch "$ST/wa-apagado"
#   rm -f "$ST/wa-retry-after"
#   rm -rf "$ST/.wwebjs_auth/session" 2>/dev/null
#   cd /root/secretaria && pm2 restart maria-paez --update-env >/dev/null 2>&1
#   sleep 6
#   pm2 jlist | python3 -c "import json,sys; [print(p['name'], p['pm2_env']['status']) for p in json.load(sys.stdin) if p['name']=='maria-paez']"
#   echo "wa-apagado: $(ls $ST/wa-apagado)"
#   tail -3 /root/.pm2/logs/maria-paez-error.log | grep -a "APAGADO" || true

# ───── output ─────
maria-paez online
wa-apagado: /root/secretaria/state/maria-paez/wa-apagado
2026-07-11 11:42:03: ⛔ [WA APAGADO] marker presente — NO inicializo WhatsApp (cuenta en descanso). Loops sin WA.

# exit=0
