# ejecutado: 2026-07-07T18:53:02-03:00
# host: ubuntu-4gb-nbg1-2
# instancia: maria-paez
# script:
#   #!/bin/bash
#   # Meta liberó la línea (2026-07-07) — chequear túnel y reactivar WA
#   ST=/root/secretaria/state/maria-paez
#   echo "== túnel =="
#   ss -tlnp | grep -q 1080 && echo "puerto 1080 escucha" || echo "PUERTO 1080 NO ESCUCHA"
#   IP=$(curl -s -m 10 --socks5 127.0.0.1:1080 https://api.ipify.org || echo FALLO)
#   echo "egreso socks5: $IP"
#   if [ "$IP" = "FALLO" ] || [ -z "$IP" ]; then
#     echo "túnel CAÍDO — NO reactivo WA (conectar sin proxy = IP alemana = riesgo). Revivir túnel Mac primero."
#     exit 0
#   fi
#   echo "== reactivando WA =="
#   rm -f "$ST/wa-apagado" "$ST/wa-retry-after"
#   rm -rf "$ST/.wwebjs_auth/session" 2>/dev/null
#   cd /root/secretaria && pm2 restart maria-paez --update-env >/dev/null 2>&1
#   sleep 15
#   pm2 jlist | python3 -c "import json,sys; [print(p['name'], p['pm2_env']['status']) for p in json.load(sys.stdin) if p['name']=='maria-paez']"
#   echo "== últimas líneas =="
#   tail -12 /root/.pm2/logs/maria-pa*out*.log | grep -vE "^\s*$"

# ───── output ─────
== túnel ==
puerto 1080 escucha
egreso socks5: 181.26.17.80
== reactivando WA ==
maria-paez online
== últimas líneas ==
2026-07-07 18:53:06: [memoria-curada] activo, cada 24.0h (min 3 eventos nuevos para curar)
2026-07-07 18:53:06: ▸ arrancando maria-worker (cada 30min, tareas dueno=maria)
2026-07-07 18:53:06: ▸ arrancando cumple-avisos (noche anterior, tz usuario)
2026-07-07 18:53:06: [cumple-avisos] activo, ventana 20-23h tz usuario
2026-07-07 18:53:06: ▸ arrancando resumen-semanal (domingos, tz usuario)
2026-07-07 18:53:06: [resumen-semanal] activo, día 0 (0=dom) 19-22h tz usuario
2026-07-07 18:53:06: ▸ arrancando poda-eventos (diario)
2026-07-07 18:53:06: [poda-eventos] activo: telemetría >60d se borra, resto >540d a eventos_archivo
2026-07-07 18:53:06: ▸ arrancando drainer de diferidos (horas de silencio)
2026-07-07 18:53:06: [diferidos] drainer activo (cada 5min)
2026-07-07 18:53:06: [internal-api] escuchando en 127.0.0.1:4501 (slug=maria-paez)
2026-07-07 18:53:06: ✓ [WA túnel] proxy socks5://127.0.0.1:1080 responde — Chromium saldrá por ahí

# exit=0
