# ejecutado: 2026-04-23T11:12:02-03:00
# host: ubuntu-4gb-nbg1-2
# script:
#   #!/bin/bash
#   # Verificar que Maria levantó post-refactor multi-user
#   # - migraciones corrieron sin error (log "[memory] migración: ...")
#   # - owner bootstrapeado
#   # - pm2 está online
#   # - schema tiene lo nuevo (usuarios, estado_usuario, usuario_id en tablas)
#   
#   set -u
#   
#   echo "=== pm2 status maria ==="
#   pm2 jlist 2>/dev/null | python3 -c "
#   import json,sys
#   try:
#       procs = json.load(sys.stdin)
#       for p in procs:
#           if p['name'] != 'maria': continue
#           s = p.get('pm2_env', {})
#           print(f\"  status={s.get('status')} restarts={s.get('restart_time')} uptime_ms={p.get('pm2_env',{}).get('pm_uptime')}\")
#   except Exception as e:
#       print(f'  (error parseando pm2 jlist: {e})')
#   "
#   
#   echo
#   echo "=== últimos logs de Maria (60 líneas, sin color) ==="
#   pm2 logs maria --lines 60 --nostream 2>&1 | sed 's/\x1b\[[0-9;]*m//g' | tail -60
#   
#   echo
#   echo "=== tablas en la DB ==="
#   sqlite3 /root/secretaria/db/maria.sqlite "SELECT name FROM sqlite_master WHERE type='table' ORDER BY name;"
#   
#   echo
#   echo "=== usuarios registrados ==="
#   sqlite3 -header -column /root/secretaria/db/maria.sqlite "SELECT id, nombre, rol, wa_lid IS NOT NULL AS lid, wa_cus IS NOT NULL AS cus, email IS NOT NULL AS has_email, calendar_id IS NOT NULL AS has_cal, tz, brief_hora, activo FROM usuarios;"
#   
#   echo
#   echo "=== counts per-usuario ==="
#   sqlite3 /root/secretaria/db/maria.sqlite <<'SQL'
#   SELECT 'eventos'     AS tabla, usuario_id, COUNT(*) FROM eventos     GROUP BY usuario_id;
#   SELECT 'pendientes'  AS tabla, usuario_id, COUNT(*) FROM pendientes  GROUP BY usuario_id;
#   SELECT 'contactos'   AS tabla, usuario_id, COUNT(*) FROM contactos   GROUP BY usuario_id;
#   SELECT 'hechos'      AS tabla, usuario_id, COUNT(*) FROM hechos      GROUP BY usuario_id;
#   SELECT 'programados' AS tabla, usuario_id, COUNT(*) FROM programados GROUP BY usuario_id;
#   SQL
#   
#   echo
#   echo "=== estado_usuario (keys que migraron) ==="
#   sqlite3 -header -column /root/secretaria/db/maria.sqlite "SELECT usuario_id, clave, substr(valor_json, 1, 40) AS valor FROM estado_usuario ORDER BY usuario_id, clave;"

# ───── output ─────
=== pm2 status maria ===
  status=errored restarts=34 uptime_ms=1776953467423

=== últimos logs de Maria (60 líneas, sin color) ===
1|maria    |     at Module._load (node:internal/modules/cjs/loader:1013:12)
1|maria    |     at Module.require (node:internal/modules/cjs/loader:1225:19)
1|maria    |     at Hook._require.Module.require (/usr/local/lib/node_modules/pm2/node_modules/require-in-the-middle/index.js:101:39)
1|maria    |     at require (node:internal/modules/helpers:177:18)
1|maria    |     at Object.<anonymous> (/root/secretaria/index.js:22:13) {
1|maria    |   code: 'SQLITE_ERROR'
1|maria    | }
1|maria    | SqliteError: no such column: usuario_id
1|maria    |     at Database.exec (/root/secretaria/node_modules/better-sqlite3/lib/methods/wrappers.js:9:14)
1|maria    |     at Object.<anonymous> (/root/secretaria/memory.js:44:4)
1|maria    |     at Module._compile (node:internal/modules/cjs/loader:1356:14)
1|maria    |     at Module._extensions..js (node:internal/modules/cjs/loader:1414:10)
1|maria    |     at Module.load (node:internal/modules/cjs/loader:1197:32)
1|maria    |     at Module._load (node:internal/modules/cjs/loader:1013:12)
1|maria    |     at Module.require (node:internal/modules/cjs/loader:1225:19)
1|maria    |     at Hook._require.Module.require (/usr/local/lib/node_modules/pm2/node_modules/require-in-the-middle/index.js:101:39)
1|maria    |     at require (node:internal/modules/helpers:177:18)
1|maria    |     at Object.<anonymous> (/root/secretaria/index.js:22:13) {
1|maria    |   code: 'SQLITE_ERROR'
1|maria    | }
1|maria    | SqliteError: no such column: usuario_id
1|maria    |     at Database.exec (/root/secretaria/node_modules/better-sqlite3/lib/methods/wrappers.js:9:14)
1|maria    |     at Object.<anonymous> (/root/secretaria/memory.js:44:4)
1|maria    |     at Module._compile (node:internal/modules/cjs/loader:1356:14)
1|maria    |     at Module._extensions..js (node:internal/modules/cjs/loader:1414:10)
1|maria    |     at Module.load (node:internal/modules/cjs/loader:1197:32)
1|maria    |     at Module._load (node:internal/modules/cjs/loader:1013:12)
1|maria    |     at Module.require (node:internal/modules/cjs/loader:1225:19)
1|maria    |     at Hook._require.Module.require (/usr/local/lib/node_modules/pm2/node_modules/require-in-the-middle/index.js:101:39)
1|maria    |     at require (node:internal/modules/helpers:177:18)
1|maria    |     at Object.<anonymous> (/root/secretaria/index.js:22:13) {
1|maria    |   code: 'SQLITE_ERROR'
1|maria    | }
1|maria    | SqliteError: no such column: usuario_id
1|maria    |     at Database.exec (/root/secretaria/node_modules/better-sqlite3/lib/methods/wrappers.js:9:14)
1|maria    |     at Object.<anonymous> (/root/secretaria/memory.js:44:4)
1|maria    |     at Module._compile (node:internal/modules/cjs/loader:1356:14)
1|maria    |     at Module._extensions..js (node:internal/modules/cjs/loader:1414:10)
1|maria    |     at Module.load (node:internal/modules/cjs/loader:1197:32)
1|maria    |     at Module._load (node:internal/modules/cjs/loader:1013:12)
1|maria    |     at Module.require (node:internal/modules/cjs/loader:1225:19)
1|maria    |     at Hook._require.Module.require (/usr/local/lib/node_modules/pm2/node_modules/require-in-the-middle/index.js:101:39)
1|maria    |     at require (node:internal/modules/helpers:177:18)
1|maria    |     at Object.<anonymous> (/root/secretaria/index.js:22:13) {
1|maria    |   code: 'SQLITE_ERROR'
1|maria    | }
1|maria    | SqliteError: no such column: usuario_id
1|maria    |     at Database.exec (/root/secretaria/node_modules/better-sqlite3/lib/methods/wrappers.js:9:14)
1|maria    |     at Object.<anonymous> (/root/secretaria/memory.js:44:4)
1|maria    |     at Module._compile (node:internal/modules/cjs/loader:1356:14)
1|maria    |     at Module._extensions..js (node:internal/modules/cjs/loader:1414:10)
1|maria    |     at Module.load (node:internal/modules/cjs/loader:1197:32)
1|maria    |     at Module._load (node:internal/modules/cjs/loader:1013:12)
1|maria    |     at Module.require (node:internal/modules/cjs/loader:1225:19)
1|maria    |     at Hook._require.Module.require (/usr/local/lib/node_modules/pm2/node_modules/require-in-the-middle/index.js:101:39)
1|maria    |     at require (node:internal/modules/helpers:177:18)
1|maria    |     at Object.<anonymous> (/root/secretaria/index.js:22:13) {
1|maria    |   code: 'SQLITE_ERROR'
1|maria    | }


=== tablas en la DB ===
contactos
estado
eventos
hechos
pendientes
programados
sqlite_sequence
usuarios

=== usuarios registrados ===

=== counts per-usuario ===
Parse error near line 1: no such column: usuario_id
  SELECT 'eventos'     AS tabla, usuario_id, COUNT(*) FROM eventos     GROUP BY 
                   error here ---^
Parse error near line 2: no such column: usuario_id
  SELECT 'pendientes'  AS tabla, usuario_id, COUNT(*) FROM pendientes  GROUP BY 
                   error here ---^
Parse error near line 3: no such column: usuario_id
  SELECT 'contactos'   AS tabla, usuario_id, COUNT(*) FROM contactos   GROUP BY 
                   error here ---^
Parse error near line 4: no such column: usuario_id
  SELECT 'hechos'      AS tabla, usuario_id, COUNT(*) FROM hechos      GROUP BY 
                   error here ---^
Parse error near line 5: no such column: usuario_id
  SELECT 'programados' AS tabla, usuario_id, COUNT(*) FROM programados GROUP BY 
                   error here ---^

=== estado_usuario (keys que migraron) ===
Error: in prepare, no such table: estado_usuario

# exit=0
