# ejecutado: 2026-04-23T13:41:01-03:00
# host: ubuntu-4gb-nbg1-2
# script:
#   #!/bin/bash
#   # Chequear si Hernan fue creado como usuario, y ver los últimos eventos
#   # relacionados (acciones del executor, mensajes WA, etc.)
#   
#   set -u
#   DB=/root/secretaria/db/maria.sqlite
#   
#   echo "=== usuarios ==="
#   sqlite3 -header -column "$DB" "SELECT id, nombre, rol, wa_cus, wa_lid, email, calendar_id, tz, brief_hora, activo, creado FROM usuarios ORDER BY id;"
#   
#   echo
#   echo "=== últimos 40 eventos (todos los canales) ==="
#   sqlite3 -header -column "$DB" "SELECT id, timestamp, usuario_id, canal, direccion, substr(de,1,25) AS de, substr(nombre,1,20) AS nombre, substr(cuerpo,1,70) AS cuerpo FROM eventos ORDER BY id DESC LIMIT 40;"
#   
#   echo
#   echo "=== eventos con 'hernan' (case-insensitive) ==="
#   sqlite3 -header -column "$DB" "SELECT id, timestamp, usuario_id, canal, direccion, substr(de,1,25) AS de, substr(nombre,1,20) AS nombre, substr(cuerpo,1,100) AS cuerpo FROM eventos WHERE LOWER(cuerpo) LIKE '%hernan%' OR LOWER(cuerpo) LIKE '%hernán%' OR LOWER(nombre) LIKE '%hernan%' ORDER BY id DESC LIMIT 30;"
#   
#   echo
#   echo "=== acciones del executor (canal=sistema, direccion=interno, cuerpo LIKE 'acción ejecutada%' OR 'acción FALLÓ%') últimas 30 ==="
#   sqlite3 -header -column "$DB" "SELECT id, timestamp, usuario_id, substr(cuerpo,1,60) AS cuerpo, substr(metadata_json,1,120) AS meta FROM eventos WHERE canal='sistema' AND (cuerpo LIKE 'acción%' OR cuerpo LIKE 'crear_usuario%') ORDER BY id DESC LIMIT 30;"
#   
#   echo
#   echo "=== últimos 80 logs pm2 (sin color) ==="
#   pm2 logs maria --lines 80 --nostream 2>&1 | sed 's/\x1b\[[0-9;]*m//g' | tail -80

# ───── output ─────
=== usuarios ===
id  nombre  rol    wa_cus             wa_lid              email          calendar_id    tz                              brief_hora  activo  creado             
--  ------  -----  -----------------  ------------------  -------------  -------------  ------------------------------  ----------  ------  -------------------
1   Diego   owner  541132317896@c.us  34342575317160@lid  diego@paez.is  diego@paez.is  America/Argentina/Buenos_Aires  04          1       2026-04-23 14:58:03

=== últimos 40 eventos (todos los canales) ===
id   timestamp            usuario_id  canal     direccion  de                   nombre        cuerpo                                                                
---  -------------------  ----------  --------  ---------  -------------------  ------------  ----------------------------------------------------------------------
975  2026-04-23 16:39:48  1           sistema   interno                                       acción ejecutada: enviar_wa                                           

974  2026-04-23 16:39:48  1           whatsapp  saliente   5491126829596@c.us                 Hola Hernán! Gracias por escribir. Para compartir el calendario conmig

973  2026-04-23 16:39:41  1           whatsapp  saliente   34342575317160@lid   Diego         Sí, me acordé — lo tengo. Le escribo ahora con las instrucciones para 

972  2026-04-23 16:39:21  1           whatsapp  entrante   34342575317160@lid   Diego         hernan te esta contactando para que lo agregues como usuario, te acord

971  2026-04-23 16:38:07  1           whatsapp  saliente   34342575317160@lid                 ❌ Cerré el thread con *Hernan Fulco* (137456250806423@lid) por WA — no

970  2026-04-23 16:37:46  1           whatsapp  saliente   34342575317160@lid                 🚪 Te escribe alguien por WA que no conozco: *Hernan Fulco* (1374562508

969  2026-04-23 16:37:46  1           whatsapp  entrante   137456250806423@lid  Hernan Fulco  Hola, cómo hago para compartirte los datos?                           

968  2026-04-23 15:58:09  1           whatsapp  saliente   34342575317160@lid                 Recordatorio — tenés 6 tareas abiertas 📝                              
                                                                                                                                                                    
                                                                                              1. Pedir presupuesto DC Ipla                                          

967  2026-04-23 15:29:39  1           sistema   interno                                       acción ejecutada: enviar_wa                                           

966  2026-04-23 15:29:39  1           whatsapp  saliente   105171031949561@lid                Hola Doris, soy Maria Paez, secretaria personal de Diego. A partir de 

965  2026-04-23 15:29:36  1           sistema   interno                                       acción ejecutada: enviar_wa                                           

964  2026-04-23 15:29:36  1           whatsapp  saliente   105171031949561@lid                Hola Doris, soy Maria Paez, secretaria personal de Diego. A partir de 

963  2026-04-23 15:29:32  1           whatsapp  saliente   34342575317160@lid   Diego         Le mando el WA a Doris ahora.                                         

962  2026-04-23 15:29:29  1           whatsapp  saliente   34342575317160@lid   Diego         Dale, le escribo a Doris ahora.                                       

961  2026-04-23 15:29:14  1           whatsapp  entrante   34342575317160@lid   Diego         ya tenes el contacto                                                  

960  2026-04-23 15:29:10  1           whatsapp  entrante   34342575317160@lid   Diego         y hace los mismo con Doris tambien                                    

959  2026-04-23 15:27:37  1           sistema   interno                                       acción ejecutada: enviar_wa                                           

958  2026-04-23 15:27:37  1           whatsapp  saliente   5491126829596@c.us                 Hola Hernán, soy Maria Paez, secretaria personal de Diego. A partir de

957  2026-04-23 15:27:30  1           whatsapp  saliente   34342575317160@lid   Diego         Claro, le mando el mensaje a Hernán ahora. Una vez que comparta el cal

956  2026-04-23 15:27:08  1           whatsapp  entrante   34342575317160@lid   Diego         lo podes agregar como usuario tambien, y al igual que con Ruben, manda

955  2026-04-23 15:22:34  1           sistema   interno                                       acción ejecutada: upsert_contacto                                     

954  2026-04-23 15:22:34  1           whatsapp  saliente   34342575317160@lid   Diego         Listo, le agrego el mail a Hernan Fulco.                              

953  2026-04-23 15:22:26  1           whatsapp  entrante   34342575317160@lid   Diego         hernan.fulco@sondeosglobal.com                                        

952  2026-04-23 15:22:24  1           sistema   interno                                       contacto vcard: Hernan Fulco → 5491126829596@c.us                     

951  2026-04-23 15:16:28  1           whatsapp  saliente   34342575317160@lid   Diego         Sí, mi mail es maria.paez.secre@gmail.com — ya se lo incluí en el mens

950  2026-04-23 15:16:08  1           whatsapp  entrante   34342575317160@lid   Diego         y tenes tu mail?                                                      

949  2026-04-23 15:16:02  1           sistema   interno                                       contacto vcard: MarIA Paez → 5491179043441@c.us                       

948  2026-04-23 15:15:33  1           sistema   interno                                       acción ejecutada: enviar_wa                                           

947  2026-04-23 15:15:33  1           whatsapp  saliente   5491154024727@c.us                 Hola Rubén, soy Maria Paez, secretaria personal de Diego. A partir de 

946  2026-04-23 15:15:26  1           whatsapp  saliente   34342575317160@lid   Diego         Le mando el WA a Rubén ahora presentándome y pidiéndole el calendario.

945  2026-04-23 15:14:36  1           whatsapp  entrante   34342575317160@lid   Diego         agregalo a ruben como usuario, mandale un whatsapp presentandote y dic

944  2026-04-23 15:13:00  1           whatsapp  saliente   34342575317160@lid   Diego         De Rubén Ward tengo:                                                  
                                                                                                                                                                    
                                                                                              📱 WA: +54 9 11 5402-4727                                              
                                                                                              📧 ruben.ward@sondeosglo                                               

943  2026-04-23 15:12:44  1           whatsapp  entrante   34342575317160@lid   Diego         que datos tenes en el contacto de ruben ward?                         

942  2026-04-23 15:03:04  1           whatsapp  entrante   34342575317160@lid   Diego         ya estoy en ella                                                      

941  2026-04-23 15:02:48  1           whatsapp  saliente   34342575317160@lid   Diego         ¡Todo bien, gracias! El upgrade va bien, ya estoy operativa con todo c

940  2026-04-23 15:02:38  1           whatsapp  entrante   34342575317160@lid   Diego         todo bien maria, como estas con tu upgrade?                           

939  2026-04-23 14:58:17  1           whatsapp  saliente   34342575317160@lid                 ⏰ *En 15min*: GN + VR Weekly (12:00 p. m.)                            
                                                                                              Con: javier.guevara@vrainz.                                           

938  2026-04-23 14:58:09  1           sistema   interno                                       Maria arrancó — WA, Gmail, recordatorios, programados, brief y meeting

937  2026-04-23 14:11:02  1           sistema   interno                                       shutdown por SIGINT                                                   

936  2026-04-23 13:01:21  1           sistema   interno                                       meeting-prep: 1 alerta(s) agendada(s)                                 

=== eventos con 'hernan' (case-insensitive) ===
id   timestamp            usuario_id  canal     direccion  de                   nombre        cuerpo                                                                                              
---  -------------------  ----------  --------  ---------  -------------------  ------------  ----------------------------------------------------------------------------------------------------
974  2026-04-23 16:39:48  1           whatsapp  saliente   5491126829596@c.us                 Hola Hernán! Gracias por escribir. Para compartir el calendario conmigo hacés lo siguiente:         
                                                                                                                                                                                                  
                                                                                              1. Entr                                                                                             

972  2026-04-23 16:39:21  1           whatsapp  entrante   34342575317160@lid   Diego         hernan te esta contactando para que lo agregues como usuario, te acordas que te lo pedi hace un rato

971  2026-04-23 16:38:07  1           whatsapp  saliente   34342575317160@lid                 ❌ Cerré el thread con *Hernan Fulco* (137456250806423@lid) por WA — no matcheé con ningún usuario.  
                                                                                                                                                                                                  

970  2026-04-23 16:37:46  1           whatsapp  saliente   34342575317160@lid                 🚪 Te escribe alguien por WA que no conozco: *Hernan Fulco* (137456250806423@lid).                   
                                                                                                                                                                                                  
                                                                                              Mensaje: "Hola, c                                                                                   

969  2026-04-23 16:37:46  1           whatsapp  entrante   137456250806423@lid  Hernan Fulco  Hola, cómo hago para compartirte los datos?                                                         

958  2026-04-23 15:27:37  1           whatsapp  saliente   5491126829596@c.us                 Hola Hernán, soy Maria Paez, secretaria personal de Diego. A partir de ahora también voy a estar tra

957  2026-04-23 15:27:30  1           whatsapp  saliente   34342575317160@lid   Diego         Claro, le mando el mensaje a Hernán ahora. Una vez que comparta el calendario lo activo como usuario

954  2026-04-23 15:22:34  1           whatsapp  saliente   34342575317160@lid   Diego         Listo, le agrego el mail a Hernan Fulco.                                                            

953  2026-04-23 15:22:26  1           whatsapp  entrante   34342575317160@lid   Diego         hernan.fulco@sondeosglobal.com                                                                      

952  2026-04-23 15:22:24  1           sistema   interno                                       contacto vcard: Hernan Fulco → 5491126829596@c.us                                                   

=== acciones del executor (canal=sistema, direccion=interno, cuerpo LIKE 'acción ejecutada%' OR 'acción FALLÓ%') últimas 30 ===
id   timestamp            usuario_id  cuerpo                                                        meta                                                                                                                    
---  -------------------  ----------  ------------------------------------------------------------  ------------------------------------------------------------------------------------------------------------------------
975  2026-04-23 16:39:48  1           acción ejecutada: enviar_wa                                   {"accion":{"tipo":"enviar_wa","a":"5491126829596@c.us","texto":"Hola Hernán! Gracias por escribir. Para compartir el cal
967  2026-04-23 15:29:39  1           acción ejecutada: enviar_wa                                   {"accion":{"tipo":"enviar_wa","a":"105171031949561@lid","texto":"Hola Doris, soy Maria Paez, secretaria personal de Dieg
965  2026-04-23 15:29:36  1           acción ejecutada: enviar_wa                                   {"accion":{"tipo":"enviar_wa","a":"105171031949561@lid","texto":"Hola Doris, soy Maria Paez, secretaria personal de Dieg
959  2026-04-23 15:27:37  1           acción ejecutada: enviar_wa                                   {"accion":{"tipo":"enviar_wa","a":"5491126829596@c.us","texto":"Hola Hernán, soy Maria Paez, secretaria personal de Dieg
955  2026-04-23 15:22:34  1           acción ejecutada: upsert_contacto                             {"accion":{"tipo":"upsert_contacto","nombre":"Hernan Fulco","whatsapp":"5491126829596@c.us","email":"hernan.fulco@sondeo
948  2026-04-23 15:15:33  1           acción ejecutada: enviar_wa                                   {"accion":{"tipo":"enviar_wa","a":"5491154024727@c.us","texto":"Hola Rubén, soy Maria Paez, secretaria personal de Diego
935  2026-04-23 12:05:22  1           acción ejecutada: agregar_pendiente                           {"accion":{"tipo":"agregar_pendiente","desc":"Brian IONQ","meta":{"tipo":"tarea","remitente":"Diego","canal_origen":"wha
679  2026-04-22 18:47:26  1           acción ejecutada: quitar_pendiente                            {"accion":{"tipo":"quitar_pendiente","id":21},"resultado":{"id":21,"desc":"Llamar a Tazma","cerrado":true},"canalOrigen"
678  2026-04-22 18:47:26  1           acción ejecutada: quitar_pendiente                            {"accion":{"tipo":"quitar_pendiente","id":1},"resultado":{"id":1,"desc":"Subir web de Gabi Isola en Lovable","cerrado":t
671  2026-04-22 17:18:39  1           acción ejecutada: quitar_pendiente                            {"accion":{"tipo":"quitar_pendiente","id":8},"resultado":{"id":8,"desc":"Mati telefonos","cerrado":true},"canalOrigen":"
665  2026-04-22 12:47:28  1           acción ejecutada: agregar_pendiente                           {"accion":{"tipo":"agregar_pendiente","desc":"Llamar a Tazma","meta":{"tipo":"tarea","remitente":"Diego","canal_origen":
656  2026-04-22 02:02:41  1           acción ejecutada: programar_mensaje                           {"accion":{"tipo":"programar_mensaje","cuando":"2026-04-22T09:00:00-03:00","canal":"whatsapp","destino":"541132317896@c.
653  2026-04-22 02:00:47  1           acción ejecutada: enviar_wa                                   {"accion":{"tipo":"enviar_wa","a":"184052384567499@lid","texto":"¡Hola Rubén! Te confirmo: la reunión con Diego y Matías
651  2026-04-22 02:00:47  1           acción ejecutada: enviar_wa                                   {"accion":{"tipo":"enviar_wa","a":"74775397445863@lid","texto":"Hola Matías! Te escribo porque tuvimos que cambiar el ho
649  2026-04-22 02:00:47  1           acción ejecutada: crear_evento                                {"accion":{"tipo":"crear_evento","summary":"Reunión Grupo Tecno — Diego / Rubén / Matías","start":"2026-05-04T14:00:00-0
641  2026-04-22 01:46:05  1           acción ejecutada: quitar_pendiente                            {"accion":{"tipo":"quitar_pendiente","id":19},"resultado":{"id":19,"desc":"Coordinar reunión Diego + Rubén Ward + Matías
640  2026-04-22 01:46:05  1           acción ejecutada: enviar_wa                                   {"accion":{"tipo":"enviar_wa","a":"541132317896@c.us","texto":"Diego, Matías confirmó para el lunes 4 de mayo a las 10hs
638  2026-04-22 01:46:05  1           acción FALLÓ: crear_evento — conflicto con evento(s) ya agen  {"accion":{"tipo":"crear_evento","summary":"Reunión grupo tecno — Diego, Rubén Ward y Matías Pacheco","start":"2026-05-0
634  2026-04-22 01:10:03  1           acción ejecutada: agregar_pendiente                           {"accion":{"tipo":"agregar_pendiente","desc":"Doris IT Roch","meta":{"tipo":"tarea","remitente":"Diego","canal_origen":"
614  2026-04-22 00:51:19  1           acción ejecutada: enviar_wa                                   {"accion":{"tipo":"enviar_wa","a":"541132317896@c.us","texto":"Diego, Rubén Ward me preguntó por qué no ve mi foto de pe
608  2026-04-22 00:50:17  1           acción ejecutada: enviar_wa                                   {"accion":{"tipo":"enviar_wa","a":"541132317896@c.us","texto":"Diego, Rubén Ward me dijo que la reunión con él y Matías 
605  2026-04-22 00:50:04  1           acción ejecutada: enviar_wa                                   {"accion":{"tipo":"enviar_wa","a":"541132317896@c.us","texto":"Diego, Rubén dice que 2 horas le parece demasiado para la
602  2026-04-22 00:49:54  1           acción ejecutada: enviar_wa                                   {"accion":{"tipo":"enviar_wa","a":"541132317896@c.us","texto":"Diego, Rubén Ward dice que 2 horas le parece mucho para l
587  2026-04-21 23:47:09  1           acción ejecutada: agregar_pendiente                           {"accion":{"tipo":"agregar_pendiente","desc":"Coordinar reunión Diego + Rubén Ward + Matías Pacheco — tema: grupo tecno 
586  2026-04-21 23:47:09  1           acción ejecutada: enviar_wa                                   {"accion":{"tipo":"enviar_wa","a":"5491131022773@c.us","texto":"¡Hola Matías! Soy María, la asistente de Diego Paez. Te 
584  2026-04-21 23:47:09  1           acción ejecutada: enviar_wa                                   {"accion":{"tipo":"enviar_wa","a":"5491154024727@c.us","texto":"¡Hola Rubén! Soy María, la asistente de Diego Paez. Te e
579  2026-04-21 23:44:18  1           acción ejecutada: upsert_contacto                             {"accion":{"tipo":"upsert_contacto","nombre":"Ruben Ward","whatsapp":"5491154024727@c.us","email":"ruben.ward@sondeosglo
553  2026-04-20 21:35:50  1           acción ejecutada: quitar_pendiente                            {"accion":{"tipo":"quitar_pendiente","id":18},"resultado":{"id":18,"desc":"Confirmarle a Marcos si Diego acepta la reuni
552  2026-04-20 21:35:50  1           acción ejecutada: enviar_wa                                   {"accion":{"tipo":"enviar_wa","a":"59854798495914@lid","texto":"¡Hola Marcos! Confirmado, Diego puede reunirse con vos m
546  2026-04-20 21:32:45  1           acción ejecutada: agregar_pendiente                           {"accion":{"tipo":"agregar_pendiente","desc":"Confirmarle a Marcos si Diego acepta la reunión y en qué horario del marte

=== últimos 80 logs pm2 (sin color) ===
1|maria    | 
1|maria    | *Emails:* Sin novedades, bandeja limpia.
1|maria    | 
1|maria    | *Tus pendie
1|maria    | [WA ←] Diego Paez (34342575317160@lid): si, ya las revise y corregi
1|maria    | [WA ←] Diego Paez (34342575317160@lid): gracias
1|maria    | [WA ←] Diego Paez (34342575317160@lid): agregame este pendiente: Brian IONQ
1|maria    | [WA →] Diego Paez: Anotado — Brian IONQ.
1|maria    | [WA acciones] 1/1 ejecutadas
1|maria    | [meeting-prep] + id=11 GN + VR Weekly @ 2026-04-23T14:45:00.000Z
1|maria    | 
1|maria    | ▸ SIGINT recibido, cerrando…
1|maria    | [memory] owner creado: Diego (id=1)
1|maria    | [memory] migración: eventos.usuario_id agregado y backfill → 1
1|maria    | [memory] migración: pendientes.usuario_id agregado y backfill → 1
1|maria    | [memory] migración: programados.usuario_id agregado y backfill → 1
1|maria    | [memory] migración: contactos recreado con (usuario_id, nombre) UNIQUE
1|maria    | [memory] migración: hechos recreado con (usuario_id, clave) UNIQUE
1|maria    | [memory] migración: diego_wa_lid → usuarios.wa_lid
1|maria    | [memory] migración: estado.morning_brief_ultimo_dia → estado_usuario[1].morning_brief_ultimo_dia
1|maria    | [memory] migración: estado.ultimo_recordatorio_tareas → estado_usuario[1].ultimo_recordatorio_tareas
1|maria    | ━━━━━━━━━━━━━━━━━━━━━━━━━━━━━━━━━━━━━━━━
1|maria    | ▸ Maria iniciando…
1|maria    |   Owner:      Diego (id=1)
1|maria    |   Usuarios:   1 activo(s) → Diego
1|maria    |   Gmail poll: cada 60s
1|maria    | ━━━━━━━━━━━━━━━━━━━━━━━━━━━━━━━━━━━━━━━━
1|maria    | ✓ whisper OK
1|maria    | [WA authenticated]
1|maria    | ✅ [WA ready] Maria conectada
1|maria    | ▸ arrancando poll de Gmail (cada 60s)
1|maria    | ▸ arrancando loop de recordatorios (cada 30min)
1|maria    | ▸ arrancando dispatcher de programados (cada 60s)
1|maria    | [programados] 1 mensaje(s) debidos, despachando…
1|maria    | ▸ arrancando morning-brief (por usuario, ventana 4h)
1|maria    | [morning-brief] activo, ventana 4h, cada usuario en su tz
1|maria    | ▸ arrancando meeting-prep (cada 5min)
1|maria    | [meeting-prep] activo, cada 5min, alerta 15min antes (multi-user)
1|maria    | [programados] ✓ id=11 (whatsapp/34342575317160@lid) [meeting_prep:eclncjav5ls9lp0s7tmbrevkhr_20260423T150000Z]
1|maria    | [WA ←] Diego (34342575317160@lid): todo bien maria, como estas con tu upgrade?
1|maria    | [WA →] Diego/Diego: ¡Todo bien, gracias! El upgrade va bien, ya estoy operativa con todo conectado. 😊 ¿Necesitás algo antes del GN + VR Weekly que arranca ahora?
1|maria    | [WA ←] Diego (34342575317160@lid): ya estoy en ella
1|maria    | [WA ←] Diego (34342575317160@lid): que datos tenes en el contacto de ruben ward?
1|maria    | [WA →] Diego/Diego: De Rubén Ward tengo:
1|maria    | 
1|maria    | 📱 WA: +54 9 11 5402-4727
1|maria    | 📧 ruben.ward@sondeosglobal.com
1|maria    | 
1|maria    | También hay otro ID de WA registrado (184052384567499@lid) que se auto-agregó c
1|maria    | [WA ←] Diego (34342575317160@lid): agregalo a ruben como usuario, mandale un whatsapp presentandote y diciendo que vas a trabajar como su sectretaria personal. Pedile que te comparta el calendari
1|maria    | [WA →] Diego/Diego: Le mando el WA a Rubén ahora presentándome y pidiéndole el calendario. Una vez que lo comparta, lo activo como usuario.
1|maria    | 
1|maria    | Una cosa: no tengo registrado mi número
1|maria    | [WA acciones/Diego] 1/1 ejecutadas
1|maria    | 📒 [WA vcard/Diego] MarIA Paez → 5491179043441@c.us
1|maria    | [WA ←] Diego (34342575317160@lid): y tenes tu mail?
1|maria    | [WA →] Diego/Diego: Sí, mi mail es maria.paez.secre@gmail.com — ya se lo incluí en el mensaje a Rubén.
1|maria    | 📒 [WA vcard/Diego] Hernan Fulco → 5491126829596@c.us
1|maria    | [WA ←] Diego (34342575317160@lid): hernan.fulco@sondeosglobal.com
1|maria    | [WA →] Diego/Diego: Listo, le agrego el mail a Hernan Fulco.
1|maria    | [WA acciones/Diego] 1/1 ejecutadas
1|maria    | [WA ←] Diego (34342575317160@lid): lo podes agregar como usuario tambien, y al igual que con Ruben, mandale mensaje presentandote
1|maria    | [WA →] Diego/Diego: Claro, le mando el mensaje a Hernán ahora. Una vez que comparta el calendario lo activo como usuario.
1|maria    | [WA acciones/Diego] 1/1 ejecutadas
1|maria    | [WA ←] Diego (34342575317160@lid): y hace los mismo con Doris tambien
1|maria    | [WA ←] Diego (34342575317160@lid): ya tenes el contacto
1|maria    | [WA →] Diego/Diego: Dale, le escribo a Doris ahora.
1|maria    | [WA →] Diego/Diego: Le mando el WA a Doris ahora.
1|maria    | [WA acciones/Diego] 1/1 ejecutadas
1|maria    | [WA acciones/Diego] 1/1 ejecutadas
1|maria    | [WA change_state] OPENING
1|maria    | [WA change_state] PAIRING
1|maria    | [WA change_state] CONNECTED
1|maria    | [recordatorios/Diego/tarea] ping → 34342575317160@lid (6)
1|maria    | [unknown-flow/wa] primer contacto de 137456250806423@lid — preguntando
1|maria    | [unknown-flow/wa] cerrado 137456250806423@lid — sin match
1|maria    | [WA ←] Diego (34342575317160@lid): hernan te esta contactando para que lo agregues como usuario, te acordas que te lo pedi hace un rato. te esta preguntando como hacer para compartirte el calenda
1|maria    | [WA →] Diego/Diego: Sí, me acordé — lo tengo. Le escribo ahora con las instrucciones para compartir el calendario.
1|maria    | [WA acciones/Diego] 1/1 ejecutadas


# exit=0
