# ejecutado: 2026-05-02T09:22:02-03:00
# host: ubuntu-4gb-nbg1-2
# script:
#   #!/bin/bash
#   # setup-tz-and-pm2.sh вҖ” one-shot:
#   #   1) setea TZ del VPS a America/Argentina/Buenos_Aires si hace falta
#   #   2) recrea el proceso pm2 'maria' usando ecosystem.config.js
#   #      (para que tome log_date_format y TZ)
#   #   3) reporta estado final
#   #
#   # Idempotente: si ya estГЎ todo bien, no rompe nada.
#   
#   set -u
#   
#   echo "=== TZ ANTES ==="
#   timedatectl 2>&1 | grep -E "Time zone|Local time" || true
#   date
#   
#   CURRENT_TZ=$(timedatectl show --value -p Timezone 2>/dev/null || cat /etc/timezone 2>/dev/null || echo unknown)
#   TARGET_TZ="America/Argentina/Buenos_Aires"
#   
#   if [ "$CURRENT_TZ" != "$TARGET_TZ" ]; then
#     echo ""
#     echo ">> TZ actual ($CURRENT_TZ) != $TARGET_TZ вҶ’ seteando"
#     timedatectl set-timezone "$TARGET_TZ" 2>&1
#   else
#     echo ""
#     echo ">> TZ ya es $TARGET_TZ вҖ” sin cambios"
#   fi
#   
#   echo ""
#   echo "=== TZ DESPUES ==="
#   timedatectl 2>&1 | grep -E "Time zone|Local time" || true
#   date
#   
#   echo ""
#   echo "=== pm2 describe maria (ANTES) ==="
#   pm2 describe maria 2>&1 | grep -E "script path|exec mode|status|cwd|out log|error log|created at|restart" || pm2 describe maria 2>&1 | head -40
#   
#   cd /root/secretaria || { echo "no se pudo cd a /root/secretaria"; exit 1; }
#   
#   if [ ! -f ecosystem.config.js ]; then
#     echo ""
#     echo "ERROR: no existe ecosystem.config.js en /root/secretaria вҖ” abortando"
#     exit 1
#   fi
#   
#   echo ""
#   echo "=== ecosystem.config.js ==="
#   cat ecosystem.config.js
#   
#   echo ""
#   echo "=== Deploy: delete + start con ecosystem ==="
#   pm2 delete maria 2>&1 || echo "(maria no existГӯa, ok)"
#   pm2 start ecosystem.config.js 2>&1
#   pm2 save 2>&1
#   
#   echo ""
#   echo ">> esperando 8s para que arranque..."
#   sleep 8
#   
#   echo ""
#   echo "=== pm2 list (DESPUES) ==="
#   pm2 list 2>&1
#   
#   echo ""
#   echo "=== pm2 describe maria (DESPUES) ==="
#   pm2 describe maria 2>&1 | grep -E "script path|exec mode|status|cwd|out log|error log|node args|env: TZ|TZ:" | head -20
#   
#   echo ""
#   echo "=== pm2 logs maria (DESPUES, 30 lineas) ==="
#   pm2 logs maria --lines 30 --nostream 2>&1 | tail -40
#   
#   echo ""
#   echo "=== fin ==="

# в”Җв”Җв”Җв”Җв”Җ output в”Җв”Җв”Җв”Җв”Җ
=== TZ ANTES ===
               Local time: Sat 2026-05-02 09:22:02 -03
                Time zone: America/Argentina/Buenos_Aires (-03, -0300)
Sat May  2 09:22:02 AM -03 2026

>> TZ ya es America/Argentina/Buenos_Aires вҖ” sin cambios

=== TZ DESPUES ===
               Local time: Sat 2026-05-02 09:22:02 -03
                Time zone: America/Argentina/Buenos_Aires (-03, -0300)
Sat May  2 09:22:02 AM -03 2026

=== pm2 describe maria (ANTES) ===
в”Ӯ status            в”Ӯ online                          в”Ӯ
в”Ӯ restarts          в”Ӯ 7                               в”Ӯ
в”Ӯ script path       в”Ӯ /root/secretaria/index.js       в”Ӯ
в”Ӯ error log path    в”Ӯ /root/.pm2/logs/maria-error.log в”Ӯ
в”Ӯ out log path      в”Ӯ /root/.pm2/logs/maria-out.log   в”Ӯ
в”Ӯ exec cwd          в”Ӯ /root/secretaria                в”Ӯ
в”Ӯ exec mode         в”Ӯ fork_mode                       в”Ӯ
в”Ӯ unstable restarts в”Ӯ 0                               в”Ӯ
в”Ӯ created at        в”Ӯ 2026-05-02T12:22:02.513Z        в”Ӯ

=== ecosystem.config.js ===
// ecosystem.config.js вҖ” config de pm2 para Maria
//
// Cambios respecto a `pm2 start index.js --name maria`:
//   - log_date_format: prepende timestamp a cada lГӯnea de log вҶ’ mejor debug.
//   - TZ: fuerza hora Argentina dentro del proceso (independiente del VPS).
//   - autorestart + max_memory_restart: protecciГіn bГЎsica.
//
// Deploy:
//   pm2 delete maria
//   pm2 start ecosystem.config.js
//   pm2 save
//
// (lo hace ops/inbox/setup-tz-and-pm2.sh la primera vez)

module.exports = {
  apps: [{
    name: 'maria',
    script: 'index.js',
    cwd: '/root/secretaria',
    autorestart: true,
    max_memory_restart: '1G',
    log_date_format: 'YYYY-MM-DD HH:mm:ss',
    merge_logs: true,
    env: {
      NODE_ENV: 'production',
      TZ: 'America/Argentina/Buenos_Aires',
    },
  }],
};

=== Deploy: delete + start con ecosystem ===
[PM2] Applying action deleteProcessId on app [maria](ids: [ 0 ])
[PM2] [maria](0) вң“
в”Ңв”Җв”Җв”Җв”Җв”¬в”Җв”Җв”Җв”Җв”Җв”Җв”Җв”Җв”Җв”Җв”Җв”¬в”Җв”Җв”Җв”Җв”Җв”Җв”Җв”Җв”Җв”Җв”Җв”Җв”Җв”¬в”Җв”Җв”Җв”Җв”Җв”Җв”Җв”Җв”Җв”¬в”Җв”Җв”Җв”Җв”Җв”Җв”Җв”Җв”Җв”¬в”Җв”Җв”Җв”Җв”Җв”Җв”Җв”Җв”Җв”Җв”¬в”Җв”Җв”Җв”Җв”Җв”Җв”Җв”Җв”¬в”Җв”Җв”Җв”Җв”Җв”Җв”¬в”Җв”Җв”Җв”Җв”Җв”Җв”Җв”Җв”Җв”Җв”Җв”¬в”Җв”Җв”Җв”Җв”Җв”Җв”Җв”Җв”Җв”Җв”¬в”Җв”Җв”Җв”Җв”Җв”Җв”Җв”Җв”Җв”Җв”¬в”Җв”Җв”Җв”Җв”Җв”Җв”Җв”Җв”Җв”Җв”¬в”Җв”Җв”Җв”Җв”Җв”Җв”Җв”Җв”Җв”Җв”җ
в”Ӯ id в”Ӯ name      в”Ӯ namespace   в”Ӯ version в”Ӯ mode    в”Ӯ pid      в”Ӯ uptime в”Ӯ вҶә    в”Ӯ status    в”Ӯ cpu      в”Ӯ mem      в”Ӯ user     в”Ӯ watching в”Ӯ
в””в”Җв”Җв”Җв”Җв”ҙв”Җв”Җв”Җв”Җв”Җв”Җв”Җв”Җв”Җв”Җв”Җв”ҙв”Җв”Җв”Җв”Җв”Җв”Җв”Җв”Җв”Җв”Җв”Җв”Җв”Җв”ҙв”Җв”Җв”Җв”Җв”Җв”Җв”Җв”Җв”Җв”ҙв”Җв”Җв”Җв”Җв”Җв”Җв”Җв”Җв”Җв”ҙв”Җв”Җв”Җв”Җв”Җв”Җв”Җв”Җв”Җв”Җв”ҙв”Җв”Җв”Җв”Җв”Җв”Җв”Җв”Җв”ҙв”Җв”Җв”Җв”Җв”Җв”Җв”ҙв”Җв”Җв”Җв”Җв”Җв”Җв”Җв”Җв”Җв”Җв”Җв”ҙв”Җв”Җв”Җв”Җв”Җв”Җв”Җв”Җв”Җв”Җв”ҙв”Җв”Җв”Җв”Җв”Җв”Җв”Җв”Җв”Җв”Җв”ҙв”Җв”Җв”Җв”Җв”Җв”Җв”Җв”Җв”Җв”Җв”ҙв”Җв”Җв”Җв”Җв”Җв”Җв”Җв”Җв”Җв”Җв”ҳ
[PM2][WARN] Applications maria not running, starting...
[PM2] App [maria] launched (1 instances)
в”Ңв”Җв”Җв”Җв”Җв”¬в”Җв”Җв”Җв”Җв”Җв”Җв”Җв”Җв”Җв”Җв”¬в”Җв”Җв”Җв”Җв”Җв”Җв”Җв”Җв”Җв”Җв”Җв”Җв”Җв”¬в”Җв”Җв”Җв”Җв”Җв”Җв”Җв”Җв”Җв”¬в”Җв”Җв”Җв”Җв”Җв”Җв”Җв”Җв”Җв”¬в”Җв”Җв”Җв”Җв”Җв”Җв”Җв”Җв”Җв”Җв”¬в”Җв”Җв”Җв”Җв”Җв”Җв”Җв”Җв”¬в”Җв”Җв”Җв”Җв”Җв”Җв”¬в”Җв”Җв”Җв”Җв”Җв”Җв”Җв”Җв”Җв”Җв”Җв”¬в”Җв”Җв”Җв”Җв”Җв”Җв”Җв”Җв”Җв”Җв”¬в”Җв”Җв”Җв”Җв”Җв”Җв”Җв”Җв”Җв”Җв”¬в”Җв”Җв”Җв”Җв”Җв”Җв”Җв”Җв”Җв”Җв”¬в”Җв”Җв”Җв”Җв”Җв”Җв”Җв”Җв”Җв”Җв”җ
в”Ӯ id в”Ӯ name     в”Ӯ namespace   в”Ӯ version в”Ӯ mode    в”Ӯ pid      в”Ӯ uptime в”Ӯ вҶә    в”Ӯ status    в”Ӯ cpu      в”Ӯ mem      в”Ӯ user     в”Ӯ watching в”Ӯ
в”ңв”Җв”Җв”Җв”Җв”јв”Җв”Җв”Җв”Җв”Җв”Җв”Җв”Җв”Җв”Җв”јв”Җв”Җв”Җв”Җв”Җв”Җв”Җв”Җв”Җв”Җв”Җв”Җв”Җв”јв”Җв”Җв”Җв”Җв”Җв”Җв”Җв”Җв”Җв”јв”Җв”Җв”Җв”Җв”Җв”Җв”Җв”Җв”Җв”јв”Җв”Җв”Җв”Җв”Җв”Җв”Җв”Җв”Җв”Җв”јв”Җв”Җв”Җв”Җв”Җв”Җв”Җв”Җв”јв”Җв”Җв”Җв”Җв”Җв”Җв”јв”Җв”Җв”Җв”Җв”Җв”Җв”Җв”Җв”Җв”Җв”Җв”јв”Җв”Җв”Җв”Җв”Җв”Җв”Җв”Җв”Җв”Җв”јв”Җв”Җв”Җв”Җв”Җв”Җв”Җв”Җв”Җв”Җв”јв”Җв”Җв”Җв”Җв”Җв”Җв”Җв”Җв”Җв”Җв”јв”Җв”Җв”Җв”Җв”Җв”Җв”Җв”Җв”Җв”Җв”Ө
в”Ӯ 0  в”Ӯ maria    в”Ӯ default     в”Ӯ 1.0.0   в”Ӯ fork    в”Ӯ 1897843  в”Ӯ 0s     в”Ӯ 0    в”Ӯ online    в”Ӯ 0%       в”Ӯ 11.5mb   в”Ӯ root     в”Ӯ disabled в”Ӯ
в””в”Җв”Җв”Җв”Җв”ҙв”Җв”Җв”Җв”Җв”Җв”Җв”Җв”Җв”Җв”Җв”ҙв”Җв”Җв”Җв”Җв”Җв”Җв”Җв”Җв”Җв”Җв”Җв”Җв”Җв”ҙв”Җв”Җв”Җв”Җв”Җв”Җв”Җв”Җв”Җв”ҙв”Җв”Җв”Җв”Җв”Җв”Җв”Җв”Җв”Җв”ҙв”Җв”Җв”Җв”Җв”Җв”Җв”Җв”Җв”Җв”Җв”ҙв”Җв”Җв”Җв”Җв”Җв”Җв”Җв”Җв”ҙв”Җв”Җв”Җв”Җв”Җв”Җв”ҙв”Җв”Җв”Җв”Җв”Җв”Җв”Җв”Җв”Җв”Җв”Җв”ҙв”Җв”Җв”Җв”Җв”Җв”Җв”Җв”Җв”Җв”Җв”ҙв”Җв”Җв”Җв”Җв”Җв”Җв”Җв”Җв”Җв”Җв”ҙв”Җв”Җв”Җв”Җв”Җв”Җв”Җв”Җв”Җв”Җв”ҙв”Җв”Җв”Җв”Җв”Җв”Җв”Җв”Җв”Җв”Җв”ҳ
[PM2] Saving current process list...
[PM2] Successfully saved in /root/.pm2/dump.pm2

>> esperando 8s para que arranque...

=== pm2 list (DESPUES) ===
в”Ңв”Җв”Җв”Җв”Җв”¬в”Җв”Җв”Җв”Җв”Җв”Җв”Җв”Җв”Җв”Җв”¬в”Җв”Җв”Җв”Җв”Җв”Җв”Җв”Җв”Җв”Җв”Җв”Җв”Җв”¬в”Җв”Җв”Җв”Җв”Җв”Җв”Җв”Җв”Җв”¬в”Җв”Җв”Җв”Җв”Җв”Җв”Җв”Җв”Җв”¬в”Җв”Җв”Җв”Җв”Җв”Җв”Җв”Җв”Җв”Җв”¬в”Җв”Җв”Җв”Җв”Җв”Җв”Җв”Җв”¬в”Җв”Җв”Җв”Җв”Җв”Җв”¬в”Җв”Җв”Җв”Җв”Җв”Җв”Җв”Җв”Җв”Җв”Җв”¬в”Җв”Җв”Җв”Җв”Җв”Җв”Җв”Җв”Җв”Җв”¬в”Җв”Җв”Җв”Җв”Җв”Җв”Җв”Җв”Җв”Җв”¬в”Җв”Җв”Җв”Җв”Җв”Җв”Җв”Җв”Җв”Җв”¬в”Җв”Җв”Җв”Җв”Җв”Җв”Җв”Җв”Җв”Җв”җ
в”Ӯ id в”Ӯ name     в”Ӯ namespace   в”Ӯ version в”Ӯ mode    в”Ӯ pid      в”Ӯ uptime в”Ӯ вҶә    в”Ӯ status    в”Ӯ cpu      в”Ӯ mem      в”Ӯ user     в”Ӯ watching в”Ӯ
в”ңв”Җв”Җв”Җв”Җв”јв”Җв”Җв”Җв”Җв”Җв”Җв”Җв”Җв”Җв”Җв”јв”Җв”Җв”Җв”Җв”Җв”Җв”Җв”Җв”Җв”Җв”Җв”Җв”Җв”јв”Җв”Җв”Җв”Җв”Җв”Җв”Җв”Җв”Җв”јв”Җв”Җв”Җв”Җв”Җв”Җв”Җв”Җв”Җв”јв”Җв”Җв”Җв”Җв”Җв”Җв”Җв”Җв”Җв”Җв”јв”Җв”Җв”Җв”Җв”Җв”Җв”Җв”Җв”јв”Җв”Җв”Җв”Җв”Җв”Җв”јв”Җв”Җв”Җв”Җв”Җв”Җв”Җв”Җв”Җв”Җв”Җв”јв”Җв”Җв”Җв”Җв”Җв”Җв”Җв”Җв”Җв”Җв”јв”Җв”Җв”Җв”Җв”Җв”Җв”Җв”Җв”Җв”Җв”јв”Җв”Җв”Җв”Җв”Җв”Җв”Җв”Җв”Җв”Җв”јв”Җв”Җв”Җв”Җв”Җв”Җв”Җв”Җв”Җв”Җв”Ө
в”Ӯ 0  в”Ӯ maria    в”Ӯ default     в”Ӯ 1.0.0   в”Ӯ fork    в”Ӯ 1897843  в”Ӯ 8s     в”Ӯ 0    в”Ӯ online    в”Ӯ 0%       в”Ӯ 183.5mb  в”Ӯ root     в”Ӯ disabled в”Ӯ
в””в”Җв”Җв”Җв”Җв”ҙв”Җв”Җв”Җв”Җв”Җв”Җв”Җв”Җв”Җв”Җв”ҙв”Җв”Җв”Җв”Җв”Җв”Җв”Җв”Җв”Җв”Җв”Җв”Җв”Җв”ҙв”Җв”Җв”Җв”Җв”Җв”Җв”Җв”Җв”Җв”ҙв”Җв”Җв”Җв”Җв”Җв”Җв”Җв”Җв”Җв”ҙв”Җв”Җв”Җв”Җв”Җв”Җв”Җв”Җв”Җв”Җв”ҙв”Җв”Җв”Җв”Җв”Җв”Җв”Җв”Җв”ҙв”Җв”Җв”Җв”Җв”Җв”Җв”ҙв”Җв”Җв”Җв”Җв”Җв”Җв”Җв”Җв”Җв”Җв”Җв”ҙв”Җв”Җв”Җв”Җв”Җв”Җв”Җв”Җв”Җв”Җв”ҙв”Җв”Җв”Җв”Җв”Җв”Җв”Җв”Җв”Җв”Җв”ҙв”Җв”Җв”Җв”Җв”Җв”Җв”Җв”Җв”Җв”Җв”ҙв”Җв”Җв”Җв”Җв”Җв”Җв”Җв”Җв”Җв”Җв”ҳ

=== pm2 describe maria (DESPUES) ===
в”Ӯ status            в”Ӯ online                          в”Ӯ
в”Ӯ script path       в”Ӯ /root/secretaria/index.js       в”Ӯ
в”Ӯ error log path    в”Ӯ /root/.pm2/logs/maria-error.log в”Ӯ
в”Ӯ out log path      в”Ӯ /root/.pm2/logs/maria-out.log   в”Ӯ
в”Ӯ exec cwd          в”Ӯ /root/secretaria                в”Ӯ
в”Ӯ exec mode         в”Ӯ fork_mode                       в”Ӯ

=== pm2 logs maria (DESPUES, 30 lineas) ===
[TAILING] Tailing last 30 lines for [maria] process (change the value with --lines option)
/root/.pm2/logs/maria-error.log last 30 lines:
0|maria    | [WA watchdog] frame muerto detectado en morning-brief/Diego вҖ” saliendo: Attempted to use detached Frame '473F1A30297850A94801C30A498E3D17'.
0|maria    | [morning-brief/Diego] enviar fallГі: Attempted to use detached Frame '473F1A30297850A94801C30A498E3D17'.

/root/.pm2/logs/maria-out.log last 30 lines:
0|maria    | [WA вҶҗ] Diego (34342575317160@lid): AgrГ©game esta tarea:Fernando tasaciГіn y entrevistas
0|maria    | [WA вҶ’] Diego/Diego: Anotada рҹ‘Ң
0|maria    | [WA acciones/Diego] 1/1 ejecutadas
0|maria    | [WA вҶҗ] Diego (34342575317160@lid): AgrГ©game esta tarea: Fulco Guevara
0|maria    | [WA вҶ’] Diego/Diego: Anotada рҹ‘Ң
0|maria    | [WA acciones/Diego] 1/1 ejecutadas
0|maria    | [WA вҶҗ] Diego (34342575317160@lid): AgrГ©game esta tarea:pagar a ani
0|maria    | [WA вҶ’] Diego/Diego: Anotada рҹ‘Ң
0|maria    | [WA acciones/Diego] 1/1 ejecutadas
0|maria    | [programados] 2 mensaje(s) debidos, despachandoвҖҰ
0|maria    | [programados] вң“ id=72 (whatsapp/137456250806423@lid) [meeting_prep:2:1qkppgget26r5n8olbag2goq2e_20260502T120000Z]
0|maria    | [programados] вң“ id=73 (whatsapp/137456250806423@lid) [meeting_prep:2:5qf71mnpue1s7ccnd1aih0n45c_20260502T120000Z]
0|maria    | 
0|maria    | в–ё SIGINT recibido, cerrandoвҖҰ
0|maria    | 2026-05-02 09:22:05: в”Ғв”Ғв”Ғв”Ғв”Ғв”Ғв”Ғв”Ғв”Ғв”Ғв”Ғв”Ғв”Ғв”Ғв”Ғв”Ғв”Ғв”Ғв”Ғв”Ғв”Ғв”Ғв”Ғв”Ғв”Ғв”Ғв”Ғв”Ғв”Ғв”Ғв”Ғв”Ғв”Ғв”Ғв”Ғв”Ғв”Ғв”Ғв”Ғв”Ғ
0|maria    | 2026-05-02 09:22:05: в–ё Maria iniciandoвҖҰ
0|maria    | 2026-05-02 09:22:05:   Owner:      Diego (id=1)
0|maria    | 2026-05-02 09:22:05:   Usuarios:   2 activo(s) вҶ’ Diego, Hernan Fulco
0|maria    | 2026-05-02 09:22:05:   Gmail poll: cada 60s
0|maria    | 2026-05-02 09:22:05: в”Ғв”Ғв”Ғв”Ғв”Ғв”Ғв”Ғв”Ғв”Ғв”Ғв”Ғв”Ғв”Ғв”Ғв”Ғв”Ғв”Ғв”Ғв”Ғв”Ғв”Ғв”Ғв”Ғв”Ғв”Ғв”Ғв”Ғв”Ғв”Ғв”Ғв”Ғв”Ғв”Ғв”Ғв”Ғв”Ғв”Ғв”Ғв”Ғв”Ғ
0|maria    | 2026-05-02 09:22:05: вң“ whisper OK
0|maria    | 2026-05-02 09:22:10: [WA authenticated]
0|maria    | 2026-05-02 09:22:10: вң… [WA ready] Maria conectada
0|maria    | 2026-05-02 09:22:10: в–ё arrancando poll de Gmail (cada 60s)
0|maria    | 2026-05-02 09:22:10: в–ё arrancando loop de recordatorios (cada 30min)
0|maria    | 2026-05-02 09:22:10: в–ё arrancando dispatcher de programados (cada 60s)
0|maria    | 2026-05-02 09:22:10: в–ё arrancando morning-brief (por usuario, ventana 4h)
0|maria    | 2026-05-02 09:22:10: [morning-brief] activo, ventana 4h, cada usuario en su tz
0|maria    | 2026-05-02 09:22:10: в–ё arrancando meeting-prep (cada 5min)
0|maria    | 2026-05-02 09:22:10: [meeting-prep] activo, cada 5min, alerta 15min antes (multi-user)


=== fin ===

# exit=0
