# ejecutado: 2026-05-08T22:24:01-03:00
# host: ubuntu-4gb-nbg1-2
# script:
#   #!/bin/bash
#   # Switch atómico de single-instance (proceso pm2 'maria' + cron.sh) a
#   # multi-instance (proceso pm2 'maria-paez' + cron-master.sh).
#   #
#   # Orden:
#   #   1. Update crontab → cron-master.sh.
#   #      Próximo tick ejecuta cron-master que va a buscar proceso 'maria-paez'.
#   #      Si aún no existe, falla pero sin daño.
#   #   2. pm2 delete maria + pm2 start ecosystem.config.js.
#   #      Crea proceso 'maria-paez' con env del .conf.
#   #   3. pm2 save.
#   # 
#   # Después del switch, el cron viejo `cron.sh` queda como código pero NO se
#   # invoca más. Lo borro en un commit posterior.
#   
#   set +e
#   
#   cd /root/secretaria
#   
#   echo "── ESTADO ACTUAL ──"
#   crontab -l 2>/dev/null | grep -E 'cron(\.sh|-master)'
#   pm2 list 2>&1 | grep -E '│ (maria|name)' | head -3
#   echo
#   
#   echo "── PASO 1: crontab → cron-master.sh ──"
#   (crontab -l 2>/dev/null | grep -v 'ops/cron' ; echo '* * * * * cd /root/secretaria && bash ops/cron-master.sh >> /root/secretaria/ops/.cron.log 2>&1') | crontab -
#   echo "  nuevo crontab:"
#   crontab -l | grep cron
#   echo
#   
#   echo "── PASO 2: pm2 delete maria + start ecosystem ──"
#   pm2 delete maria 2>&1 | tail -3
#   echo "  → starting from ecosystem.config.js"
#   pm2 start ecosystem.config.js 2>&1 | tail -10
#   echo
#   
#   echo "── PASO 3: pm2 save ──"
#   pm2 save 2>&1 | tail -3
#   echo
#   
#   echo "── ESTADO FINAL ──"
#   pm2 list 2>&1 | head -8
#   echo
#   sleep 5
#   echo "── pm2 logs maria-paez (últimas 30) ──"
#   pm2 logs maria-paez --lines 30 --nostream 2>&1 | tail -30

# ───── output ─────
── ESTADO ACTUAL ──
* * * * * cd /root/secretaria && bash ops/cron.sh >> /root/secretaria/ops/.cron.log 2>&1
* * * * * cd /root/veritas && bash ops/cron.sh >> /root/veritas/ops/.cron.log 2>&1
│ id │ name     │ namespace   │ version │ mode    │ pid      │ uptime │ ↺    │ status    │ cpu      │ mem      │ user     │ watching │
│ 0  │ maria    │ default     │ 1.0.0   │ fork    │ 3309010  │ 3m     │ 22   │ online    │ 0%       │ 158.8mb  │ root     │ disabled │

── PASO 1: crontab → cron-master.sh ──
  nuevo crontab:
* * * * * cd /root/secretaria && bash ops/cron-master.sh >> /root/secretaria/ops/.cron.log 2>&1

── PASO 2: pm2 delete maria + start ecosystem ──
┌────┬───────────┬─────────────┬─────────┬─────────┬──────────┬────────┬──────┬───────────┬──────────┬──────────┬──────────┬──────────┐
│ id │ name      │ namespace   │ version │ mode    │ pid      │ uptime │ ↺    │ status    │ cpu      │ mem      │ user     │ watching │
└────┴───────────┴─────────────┴─────────┴─────────┴──────────┴────────┴──────┴───────────┴──────────┴──────────┴──────────┴──────────┘
  → starting from ecosystem.config.js
[PM2][WARN] Applications maria-paez not running, starting...
[PM2] App [maria-paez] launched (1 instances)
┌────┬───────────────┬─────────────┬─────────┬─────────┬──────────┬────────┬──────┬───────────┬──────────┬──────────┬──────────┬──────────┐
│ id │ name          │ namespace   │ version │ mode    │ pid      │ uptime │ ↺    │ status    │ cpu      │ mem      │ user     │ watching │
├────┼───────────────┼─────────────┼─────────┼─────────┼──────────┼────────┼──────┼───────────┼──────────┼──────────┼──────────┼──────────┤
│ 0  │ maria-paez    │ default     │ 1.0.0   │ fork    │ 3309865  │ 0s     │ 0    │ online    │ 0%       │ 12.5mb   │ root     │ disabled │
└────┴───────────────┴─────────────┴─────────┴─────────┴──────────┴────────┴──────┴───────────┴──────────┴──────────┴──────────┴──────────┘

── PASO 3: pm2 save ──
[PM2] Saving current process list...
[PM2] Successfully saved in /root/.pm2/dump.pm2

── ESTADO FINAL ──
┌────┬───────────────┬─────────────┬─────────┬─────────┬──────────┬────────┬──────┬───────────┬──────────┬──────────┬──────────┬──────────┐
│ id │ name          │ namespace   │ version │ mode    │ pid      │ uptime │ ↺    │ status    │ cpu      │ mem      │ user     │ watching │
├────┼───────────────┼─────────────┼─────────┼─────────┼──────────┼────────┼──────┼───────────┼──────────┼──────────┼──────────┼──────────┤
│ 0  │ maria-paez    │ default     │ 1.0.0   │ fork    │ 3309865  │ 0s     │ 0    │ online    │ 0%       │ 90.3mb   │ root     │ disabled │
└────┴───────────────┴─────────────┴─────────┴─────────┴──────────┴────────┴──────┴───────────┴──────────┴──────────┴──────────┴──────────┘

── pm2 logs maria-paez (últimas 30) ──
[TAILING] Tailing last 30 lines for [maria-paez] process (change the value with --lines option)
/root/.pm2/logs/maria-paez-error.log last 30 lines:
/root/.pm2/logs/maria-paez-out.log last 30 lines:
0|maria-pa | 2026-05-08 22:24:04: ━━━━━━━━━━━━━━━━━━━━━━━━━━━━━━━━━━━━━━━━
0|maria-pa | 2026-05-08 22:24:04: ▸ Maria Paez [maria-paez] iniciando…
0|maria-pa | 2026-05-08 22:24:04:   Owner:      Diego (id=1)
0|maria-pa | 2026-05-08 22:24:04:   Usuarios:   4 activo(s) → Diego, Hernan Fulco, Natali Funez, Fernando Boero
0|maria-pa | 2026-05-08 22:24:04:   Gmail poll: cada 300s
0|maria-pa | 2026-05-08 22:24:04: ━━━━━━━━━━━━━━━━━━━━━━━━━━━━━━━━━━━━━━━━
0|maria-pa | 2026-05-08 22:24:04: ✓ whisper OK
0|maria-pa | 2026-05-08 22:24:08: [WA loading] 100% - WhatsApp
0|maria-pa | 2026-05-08 22:24:08: [WA authenticated]
0|maria-pa | 2026-05-08 22:24:08: ✅ [WA ready] Maria conectada
0|maria-pa | 2026-05-08 22:24:08: ▸ arrancando poll de Gmail (cada 300s)
0|maria-pa | 2026-05-08 22:24:08: ▸ arrancando loop de recordatorios (cada 30min)
0|maria-pa | 2026-05-08 22:24:08: ▸ arrancando dispatcher de programados (cada 60s)
0|maria-pa | 2026-05-08 22:24:08: ▸ arrancando morning-brief (por usuario, ventana 4h)
0|maria-pa | 2026-05-08 22:24:08: [morning-brief] activo, ventana 4h, cada usuario en su tz
0|maria-pa | 2026-05-08 22:24:08: ▸ arrancando meeting-prep (cada 5min)
0|maria-pa | 2026-05-08 22:24:08: [meeting-prep] activo, cada 5min, alerta 15min antes (multi-user)
0|maria-pa | 2026-05-08 22:24:08: ▸ arrancando calendar-watch (cada 8h)
0|maria-pa | 2026-05-08 22:24:08: [calendar-watch] activo, cada 8.0h


# exit=0
